[0.012s] Invoking command in '/home/rick-sanchez/Desktop/MASLAB-clown-penis/ros2_ws/build/fizzbuzz_interfaces': CMAKE_PREFIX_PATH=${CMAKE_PREFIX_PATH}:/home/rick-sanchez/Desktop/MASLAB-clown-penis/ros2_ws/install/fizzbuzz:/home/rick-sanchez/Desktop/MASLAB-clown-penis/ros/ros2_ws/install/fizzbuzz:/home/rick-sanchez/Desktop/MASLAB-clown-penis/ros/ROS2_FizzBuzz_tutorial/install/fizzbuzz:/opt/ros/jazzy DEBUGINFOD_URLS=https://debuginfod.ubuntu.com _=/usr/bin/env /usr/bin/cmake /home/rick-sanchez/Desktop/MASLAB-clown-penis/ros2_ws/src/fizzbuzz_interfaces -DCMAKE_INSTALL_PREFIX=/home/rick-sanchez/Desktop/MASLAB-clown-penis/ros2_ws/install/fizzbuzz_interfaces
[0.086s] -- The C compiler identification is GNU 13.3.0
[0.163s] -- The CXX compiler identification is GNU 13.3.0
[0.184s] -- Detecting C compiler ABI info
[0.297s] -- Detecting C compiler ABI info - done
[0.309s] -- Check for working C compiler: /usr/bin/cc - skipped
[0.310s] -- Detecting C compile features
[0.310s] -- Detecting C compile features - done
[0.328s] -- Detecting CXX compiler ABI info
[0.467s] -- Detecting CXX compiler ABI info - done
[0.479s] -- Check for working CXX compiler: /usr/bin/c++ - skipped
[0.479s] -- Detecting CXX compile features
[0.480s] -- Detecting CXX compile features - done
[0.483s] -- Found ament_cmake: 2.5.3 (/opt/ros/jazzy/share/ament_cmake/cmake)
[0.704s] -- Found Python3: /usr/bin/python3 (found version "3.12.3") found components: Interpreter 
[0.839s] -- Found rosidl_default_generators: 1.6.0 (/opt/ros/jazzy/share/rosidl_default_generators/cmake)
[0.846s] -- Using all available rosidl_typesupport_c: rosidl_typesupport_fastrtps_c;rosidl_typesupport_introspection_c
[0.906s] -- Using all available rosidl_typesupport_cpp: rosidl_typesupport_fastrtps_cpp;rosidl_typesupport_introspection_cpp
[0.956s] -- Found rosidl_adapter: 4.6.5 (/opt/ros/jazzy/share/rosidl_adapter/cmake)
[1.770s] -- Found ament_cmake_ros: 0.12.0 (/opt/ros/jazzy/share/ament_cmake_ros/cmake)
[2.372s] -- Using all available rosidl_typesupport_c: rosidl_typesupport_fastrtps_c;rosidl_typesupport_introspection_c
[3.183s] -- Using all available rosidl_typesupport_cpp: rosidl_typesupport_fastrtps_cpp;rosidl_typesupport_introspection_cpp
[3.185s] -- Found python_cmake_module: 0.11.1 (/opt/ros/jazzy/share/python_cmake_module/cmake)
[3.380s] -- Found PythonExtra: /usr/bin/python3  
[3.990s] -- Found Python3: /usr/bin/python3 (found version "3.12.3") found components: Interpreter Development NumPy Development.Module Development.Embed 
[4.038s] -- Found ament_lint_auto: 0.17.1 (/opt/ros/jazzy/share/ament_lint_auto/cmake)
[4.059s] -- Added test 'lint_cmake' to check CMake code style
[4.060s] -- Added test 'xmllint' to check XML markup files
[4.063s] -- Configuring done (4.0s)
[4.095s] -- Generating done (0.0s)
[4.107s] -- Build files have been written to: /home/rick-sanchez/Desktop/MASLAB-clown-penis/ros2_ws/build/fizzbuzz_interfaces
[4.116s] Invoked command in '/home/rick-sanchez/Desktop/MASLAB-clown-penis/ros2_ws/build/fizzbuzz_interfaces' returned '0': CMAKE_PREFIX_PATH=${CMAKE_PREFIX_PATH}:/home/rick-sanchez/Desktop/MASLAB-clown-penis/ros2_ws/install/fizzbuzz:/home/rick-sanchez/Desktop/MASLAB-clown-penis/ros/ros2_ws/install/fizzbuzz:/home/rick-sanchez/Desktop/MASLAB-clown-penis/ros/ROS2_FizzBuzz_tutorial/install/fizzbuzz:/opt/ros/jazzy DEBUGINFOD_URLS=https://debuginfod.ubuntu.com _=/usr/bin/env /usr/bin/cmake /home/rick-sanchez/Desktop/MASLAB-clown-penis/ros2_ws/src/fizzbuzz_interfaces -DCMAKE_INSTALL_PREFIX=/home/rick-sanchez/Desktop/MASLAB-clown-penis/ros2_ws/install/fizzbuzz_interfaces
[4.117s] Invoking command in '/home/rick-sanchez/Desktop/MASLAB-clown-penis/ros2_ws/build/fizzbuzz_interfaces': CMAKE_PREFIX_PATH=${CMAKE_PREFIX_PATH}:/home/rick-sanchez/Desktop/MASLAB-clown-penis/ros2_ws/install/fizzbuzz:/home/rick-sanchez/Desktop/MASLAB-clown-penis/ros/ros2_ws/install/fizzbuzz:/home/rick-sanchez/Desktop/MASLAB-clown-penis/ros/ROS2_FizzBuzz_tutorial/install/fizzbuzz:/opt/ros/jazzy DEBUGINFOD_URLS=https://debuginfod.ubuntu.com _=/usr/bin/env /usr/bin/cmake --build /home/rick-sanchez/Desktop/MASLAB-clown-penis/ros2_ws/build/fizzbuzz_interfaces -- -j8 -l8
[4.190s] [  2%] [34m[1mGenerating type hashes for ROS interfaces[0m
[4.201s] [  2%] Built target ament_cmake_python_copy_fizzbuzz_interfaces
[4.484s] [  2%] Built target fizzbuzz_interfaces__rosidl_generator_type_description
[4.492s] running egg_info
[4.493s] creating fizzbuzz_interfaces.egg-info
[4.500s] [  5%] [34m[1mGenerating C code for ROS interfaces[0m
[4.517s] writing fizzbuzz_interfaces.egg-info/PKG-INFO
[4.517s] [  8%] [34m[1mGenerating C++ code for ROS interfaces[0m
[4.517s] writing dependency_links to fizzbuzz_interfaces.egg-info/dependency_links.txt
[4.517s] writing top-level names to fizzbuzz_interfaces.egg-info/top_level.txt
[4.518s] writing manifest file 'fizzbuzz_interfaces.egg-info/SOURCES.txt'
[4.595s] reading manifest file 'fizzbuzz_interfaces.egg-info/SOURCES.txt'
[4.595s] writing manifest file 'fizzbuzz_interfaces.egg-info/SOURCES.txt'
[4.647s] [  8%] Built target ament_cmake_python_build_fizzbuzz_interfaces_egg
[4.874s] [  8%] Built target fizzbuzz_interfaces__cpp
[4.901s] [ 11%] [32mBuilding C object CMakeFiles/fizzbuzz_interfaces__rosidl_generator_c.dir/rosidl_generator_c/fizzbuzz_interfaces/msg/detail/fizz_buzz__type_support.c.o[0m
[4.901s] [ 14%] [32mBuilding C object CMakeFiles/fizzbuzz_interfaces__rosidl_generator_c.dir/rosidl_generator_c/fizzbuzz_interfaces/msg/detail/fizz_buzz__functions.c.o[0m
[4.903s] [ 17%] [32mBuilding C object CMakeFiles/fizzbuzz_interfaces__rosidl_generator_c.dir/rosidl_generator_c/fizzbuzz_interfaces/msg/detail/fizz_buzz__description.c.o[0m
[4.965s] [ 20%] [32m[1mLinking C shared library libfizzbuzz_interfaces__rosidl_generator_c.so[0m
[5.013s] [ 20%] Built target fizzbuzz_interfaces__rosidl_generator_c
[5.033s] [ 35%] [34m[1mGenerating C type support dispatch for ROS interfaces[0m
[5.034s] [ 35%] [34m[1mGenerating C++ type support for eProsima Fast-RTPS[0m
[5.034s] [ 35%] [34m[1mGenerating C type support for eProsima Fast-RTPS[0m
[5.034s] [ 35%] [34m[1mGenerating C introspection for ROS interfaces[0m
[5.035s] [ 35%] [34m[1mGenerating C++ type support dispatch for ROS interfaces[0m
[5.035s] [ 38%] [34m[1mGenerating C++ introspection for ROS interfaces[0m
[5.383s] [ 41%] [32mBuilding CXX object CMakeFiles/fizzbuzz_interfaces__rosidl_typesupport_c.dir/rosidl_typesupport_c/fizzbuzz_interfaces/msg/fizz_buzz__type_support.cpp.o[0m
[5.405s] [ 44%] [32mBuilding C object CMakeFiles/fizzbuzz_interfaces__rosidl_typesupport_introspection_c.dir/rosidl_typesupport_introspection_c/fizzbuzz_interfaces/msg/detail/fizz_buzz__type_support.c.o[0m
[5.459s] [ 47%] [32m[1mLinking CXX shared library libfizzbuzz_interfaces__rosidl_typesupport_c.so[0m
[5.464s] [ 50%] [32m[1mLinking C shared library libfizzbuzz_interfaces__rosidl_typesupport_introspection_c.so[0m
[5.491s] [ 52%] [32mBuilding CXX object CMakeFiles/fizzbuzz_interfaces__rosidl_typesupport_cpp.dir/rosidl_typesupport_cpp/fizzbuzz_interfaces/msg/fizz_buzz__type_support.cpp.o[0m
[5.521s] [ 52%] Built target fizzbuzz_interfaces__rosidl_typesupport_introspection_c
[5.533s] [ 58%] [32mBuilding CXX object CMakeFiles/fizzbuzz_interfaces__rosidl_typesupport_fastrtps_cpp.dir/rosidl_typesupport_fastrtps_cpp/fizzbuzz_interfaces/msg/detail/dds_fastrtps/fizz_buzz__type_support.cpp.o[0m
[5.533s] [ 58%] [32mBuilding CXX object CMakeFiles/fizzbuzz_interfaces__rosidl_typesupport_introspection_cpp.dir/rosidl_typesupport_introspection_cpp/fizzbuzz_interfaces/msg/detail/fizz_buzz__type_support.cpp.o[0m
[5.544s] [ 58%] Built target fizzbuzz_interfaces__rosidl_typesupport_c
[5.562s] [ 61%] [32mBuilding CXX object CMakeFiles/fizzbuzz_interfaces__rosidl_typesupport_fastrtps_c.dir/rosidl_typesupport_fastrtps_c/fizzbuzz_interfaces/msg/detail/fizz_buzz__type_support_c.cpp.o[0m
[5.987s] [ 64%] [32m[1mLinking CXX shared library libfizzbuzz_interfaces__rosidl_typesupport_cpp.so[0m
[6.059s] [ 64%] Built target fizzbuzz_interfaces__rosidl_typesupport_cpp
[6.090s] [ 67%] [32m[1mLinking CXX shared library libfizzbuzz_interfaces__rosidl_typesupport_introspection_cpp.so[0m
[6.118s] [ 70%] [32m[1mLinking CXX shared library libfizzbuzz_interfaces__rosidl_typesupport_fastrtps_cpp.so[0m
[6.175s] [ 73%] [32m[1mLinking CXX shared library libfizzbuzz_interfaces__rosidl_typesupport_fastrtps_c.so[0m
[6.190s] [ 73%] Built target fizzbuzz_interfaces__rosidl_typesupport_introspection_cpp
[6.278s] [ 73%] Built target fizzbuzz_interfaces__rosidl_typesupport_fastrtps_cpp
[6.308s] [ 73%] Built target fizzbuzz_interfaces__rosidl_typesupport_fastrtps_c
[6.337s] [ 73%] Built target fizzbuzz_interfaces
[6.368s] [ 76%] [34m[1mGenerating Python code for ROS interfaces[0m
[6.782s] [ 76%] Built target fizzbuzz_interfaces__py
[6.812s] [ 79%] [32mBuilding C object CMakeFiles/fizzbuzz_interfaces__rosidl_generator_py.dir/rosidl_generator_py/fizzbuzz_interfaces/msg/_fizz_buzz_s.c.o[0m
[6.957s] [ 82%] [32m[1mLinking C shared library libfizzbuzz_interfaces__rosidl_generator_py.so[0m
[7.006s] [ 82%] Built target fizzbuzz_interfaces__rosidl_generator_py
[7.039s] [ 85%] [32mBuilding C object CMakeFiles/fizzbuzz_interfaces_s__rosidl_typesupport_c.dir/rosidl_generator_py/fizzbuzz_interfaces/_fizzbuzz_interfaces_s.ep.rosidl_typesupport_c.c.o[0m
[7.039s] [ 91%] [32mBuilding C object CMakeFiles/fizzbuzz_interfaces_s__rosidl_typesupport_introspection_c.dir/rosidl_generator_py/fizzbuzz_interfaces/_fizzbuzz_interfaces_s.ep.rosidl_typesupport_introspection_c.c.o[0m
[7.040s] [ 91%] [32mBuilding C object CMakeFiles/fizzbuzz_interfaces_s__rosidl_typesupport_fastrtps_c.dir/rosidl_generator_py/fizzbuzz_interfaces/_fizzbuzz_interfaces_s.ep.rosidl_typesupport_fastrtps_c.c.o[0m
[7.161s] [ 94%] [32m[1mLinking C shared module rosidl_generator_py/fizzbuzz_interfaces/fizzbuzz_interfaces_s__rosidl_typesupport_introspection_c.so[0m
[7.161s] [ 97%] [32m[1mLinking C shared module rosidl_generator_py/fizzbuzz_interfaces/fizzbuzz_interfaces_s__rosidl_typesupport_c.so[0m
[7.199s] [ 97%] Built target fizzbuzz_interfaces_s__rosidl_typesupport_introspection_c
[7.200s] [ 97%] Built target fizzbuzz_interfaces_s__rosidl_typesupport_c
[7.203s] [100%] [32m[1mLinking C shared module rosidl_generator_py/fizzbuzz_interfaces/fizzbuzz_interfaces_s__rosidl_typesupport_fastrtps_c.so[0m
[7.248s] [100%] Built target fizzbuzz_interfaces_s__rosidl_typesupport_fastrtps_c
[7.263s] Invoked command in '/home/rick-sanchez/Desktop/MASLAB-clown-penis/ros2_ws/build/fizzbuzz_interfaces' returned '0': CMAKE_PREFIX_PATH=${CMAKE_PREFIX_PATH}:/home/rick-sanchez/Desktop/MASLAB-clown-penis/ros2_ws/install/fizzbuzz:/home/rick-sanchez/Desktop/MASLAB-clown-penis/ros/ros2_ws/install/fizzbuzz:/home/rick-sanchez/Desktop/MASLAB-clown-penis/ros/ROS2_FizzBuzz_tutorial/install/fizzbuzz:/opt/ros/jazzy DEBUGINFOD_URLS=https://debuginfod.ubuntu.com _=/usr/bin/env /usr/bin/cmake --build /home/rick-sanchez/Desktop/MASLAB-clown-penis/ros2_ws/build/fizzbuzz_interfaces -- -j8 -l8
[7.276s] Invoking command in '/home/rick-sanchez/Desktop/MASLAB-clown-penis/ros2_ws/build/fizzbuzz_interfaces': CMAKE_PREFIX_PATH=${CMAKE_PREFIX_PATH}:/home/rick-sanchez/Desktop/MASLAB-clown-penis/ros2_ws/install/fizzbuzz:/home/rick-sanchez/Desktop/MASLAB-clown-penis/ros/ros2_ws/install/fizzbuzz:/home/rick-sanchez/Desktop/MASLAB-clown-penis/ros/ROS2_FizzBuzz_tutorial/install/fizzbuzz:/opt/ros/jazzy DEBUGINFOD_URLS=https://debuginfod.ubuntu.com _=/usr/bin/env /usr/bin/cmake --install /home/rick-sanchez/Desktop/MASLAB-clown-penis/ros2_ws/build/fizzbuzz_interfaces
[7.286s] -- Install configuration: ""
[7.286s] -- Installing: /home/rick-sanchez/Desktop/MASLAB-clown-penis/ros2_ws/install/fizzbuzz_interfaces/share/ament_index/resource_index/rosidl_interfaces/fizzbuzz_interfaces
[7.286s] -- Installing: /home/rick-sanchez/Desktop/MASLAB-clown-penis/ros2_ws/install/fizzbuzz_interfaces/share/fizzbuzz_interfaces/msg/FizzBuzz.json
[7.287s] -- Up-to-date: /home/rick-sanchez/Desktop/MASLAB-clown-penis/ros2_ws/install/fizzbuzz_interfaces/include/fizzbuzz_interfaces/fizzbuzz_interfaces
[7.287s] -- Up-to-date: /home/rick-sanchez/Desktop/MASLAB-clown-penis/ros2_ws/install/fizzbuzz_interfaces/include/fizzbuzz_interfaces/fizzbuzz_interfaces/msg
[7.287s] -- Up-to-date: /home/rick-sanchez/Desktop/MASLAB-clown-penis/ros2_ws/install/fizzbuzz_interfaces/include/fizzbuzz_interfaces/fizzbuzz_interfaces/msg/detail
[7.287s] -- Installing: /home/rick-sanchez/Desktop/MASLAB-clown-penis/ros2_ws/install/fizzbuzz_interfaces/include/fizzbuzz_interfaces/fizzbuzz_interfaces/msg/detail/fizz_buzz__functions.h
[7.287s] -- Installing: /home/rick-sanchez/Desktop/MASLAB-clown-penis/ros2_ws/install/fizzbuzz_interfaces/include/fizzbuzz_interfaces/fizzbuzz_interfaces/msg/detail/fizz_buzz__struct.h
[7.287s] -- Installing: /home/rick-sanchez/Desktop/MASLAB-clown-penis/ros2_ws/install/fizzbuzz_interfaces/include/fizzbuzz_interfaces/fizzbuzz_interfaces/msg/detail/fizz_buzz__functions.c
[7.287s] -- Installing: /home/rick-sanchez/Desktop/MASLAB-clown-penis/ros2_ws/install/fizzbuzz_interfaces/include/fizzbuzz_interfaces/fizzbuzz_interfaces/msg/detail/fizz_buzz__description.c
[7.287s] -- Installing: /home/rick-sanchez/Desktop/MASLAB-clown-penis/ros2_ws/install/fizzbuzz_interfaces/include/fizzbuzz_interfaces/fizzbuzz_interfaces/msg/detail/fizz_buzz__type_support.h
[7.287s] -- Installing: /home/rick-sanchez/Desktop/MASLAB-clown-penis/ros2_ws/install/fizzbuzz_interfaces/include/fizzbuzz_interfaces/fizzbuzz_interfaces/msg/detail/fizz_buzz__type_support.c
[7.287s] -- Installing: /home/rick-sanchez/Desktop/MASLAB-clown-penis/ros2_ws/install/fizzbuzz_interfaces/include/fizzbuzz_interfaces/fizzbuzz_interfaces/msg/fizz_buzz.h
[7.288s] -- Installing: /home/rick-sanchez/Desktop/MASLAB-clown-penis/ros2_ws/install/fizzbuzz_interfaces/include/fizzbuzz_interfaces/fizzbuzz_interfaces/msg/rosidl_generator_c__visibility_control.h
[7.288s] -- Up-to-date: /home/rick-sanchez/Desktop/MASLAB-clown-penis/ros2_ws/install/fizzbuzz_interfaces/share/fizzbuzz_interfaces/environment/library_path.sh
[7.288s] -- Installing: /home/rick-sanchez/Desktop/MASLAB-clown-penis/ros2_ws/install/fizzbuzz_interfaces/share/fizzbuzz_interfaces/environment/library_path.dsv
[7.288s] -- Installing: /home/rick-sanchez/Desktop/MASLAB-clown-penis/ros2_ws/install/fizzbuzz_interfaces/lib/libfizzbuzz_interfaces__rosidl_generator_c.so
[7.288s] -- Set non-toolchain portion of runtime path of "/home/rick-sanchez/Desktop/MASLAB-clown-penis/ros2_ws/install/fizzbuzz_interfaces/lib/libfizzbuzz_interfaces__rosidl_generator_c.so" to ""
[7.288s] -- Up-to-date: /home/rick-sanchez/Desktop/MASLAB-clown-penis/ros2_ws/install/fizzbuzz_interfaces/include/fizzbuzz_interfaces/fizzbuzz_interfaces
[7.288s] -- Up-to-date: /home/rick-sanchez/Desktop/MASLAB-clown-penis/ros2_ws/install/fizzbuzz_interfaces/include/fizzbuzz_interfaces/fizzbuzz_interfaces/msg
[7.288s] -- Up-to-date: /home/rick-sanchez/Desktop/MASLAB-clown-penis/ros2_ws/install/fizzbuzz_interfaces/include/fizzbuzz_interfaces/fizzbuzz_interfaces/msg/detail
[7.289s] -- Installing: /home/rick-sanchez/Desktop/MASLAB-clown-penis/ros2_ws/install/fizzbuzz_interfaces/include/fizzbuzz_interfaces/fizzbuzz_interfaces/msg/detail/fizz_buzz__rosidl_typesupport_fastrtps_c.h
[7.289s] -- Installing: /home/rick-sanchez/Desktop/MASLAB-clown-penis/ros2_ws/install/fizzbuzz_interfaces/include/fizzbuzz_interfaces/fizzbuzz_interfaces/msg/rosidl_typesupport_fastrtps_c__visibility_control.h
[7.289s] -- Installing: /home/rick-sanchez/Desktop/MASLAB-clown-penis/ros2_ws/install/fizzbuzz_interfaces/lib/libfizzbuzz_interfaces__rosidl_typesupport_fastrtps_c.so
[7.289s] -- Set non-toolchain portion of runtime path of "/home/rick-sanchez/Desktop/MASLAB-clown-penis/ros2_ws/install/fizzbuzz_interfaces/lib/libfizzbuzz_interfaces__rosidl_typesupport_fastrtps_c.so" to ""
[7.289s] -- Up-to-date: /home/rick-sanchez/Desktop/MASLAB-clown-penis/ros2_ws/install/fizzbuzz_interfaces/include/fizzbuzz_interfaces/fizzbuzz_interfaces
[7.289s] -- Up-to-date: /home/rick-sanchez/Desktop/MASLAB-clown-penis/ros2_ws/install/fizzbuzz_interfaces/include/fizzbuzz_interfaces/fizzbuzz_interfaces/msg
[7.289s] -- Up-to-date: /home/rick-sanchez/Desktop/MASLAB-clown-penis/ros2_ws/install/fizzbuzz_interfaces/include/fizzbuzz_interfaces/fizzbuzz_interfaces/msg/detail
[7.289s] -- Installing: /home/rick-sanchez/Desktop/MASLAB-clown-penis/ros2_ws/install/fizzbuzz_interfaces/include/fizzbuzz_interfaces/fizzbuzz_interfaces/msg/detail/fizz_buzz__rosidl_typesupport_introspection_c.h
[7.290s] -- Installing: /home/rick-sanchez/Desktop/MASLAB-clown-penis/ros2_ws/install/fizzbuzz_interfaces/include/fizzbuzz_interfaces/fizzbuzz_interfaces/msg/detail/fizz_buzz__type_support.c
[7.290s] -- Installing: /home/rick-sanchez/Desktop/MASLAB-clown-penis/ros2_ws/install/fizzbuzz_interfaces/include/fizzbuzz_interfaces/fizzbuzz_interfaces/msg/rosidl_typesupport_introspection_c__visibility_control.h
[7.290s] -- Installing: /home/rick-sanchez/Desktop/MASLAB-clown-penis/ros2_ws/install/fizzbuzz_interfaces/lib/libfizzbuzz_interfaces__rosidl_typesupport_introspection_c.so
[7.290s] -- Set non-toolchain portion of runtime path of "/home/rick-sanchez/Desktop/MASLAB-clown-penis/ros2_ws/install/fizzbuzz_interfaces/lib/libfizzbuzz_interfaces__rosidl_typesupport_introspection_c.so" to ""
[7.290s] -- Installing: /home/rick-sanchez/Desktop/MASLAB-clown-penis/ros2_ws/install/fizzbuzz_interfaces/lib/libfizzbuzz_interfaces__rosidl_typesupport_c.so
[7.290s] -- Set non-toolchain portion of runtime path of "/home/rick-sanchez/Desktop/MASLAB-clown-penis/ros2_ws/install/fizzbuzz_interfaces/lib/libfizzbuzz_interfaces__rosidl_typesupport_c.so" to ""
[7.290s] -- Up-to-date: /home/rick-sanchez/Desktop/MASLAB-clown-penis/ros2_ws/install/fizzbuzz_interfaces/include/fizzbuzz_interfaces/fizzbuzz_interfaces
[7.290s] -- Up-to-date: /home/rick-sanchez/Desktop/MASLAB-clown-penis/ros2_ws/install/fizzbuzz_interfaces/include/fizzbuzz_interfaces/fizzbuzz_interfaces/msg
[7.291s] -- Installing: /home/rick-sanchez/Desktop/MASLAB-clown-penis/ros2_ws/install/fizzbuzz_interfaces/include/fizzbuzz_interfaces/fizzbuzz_interfaces/msg/rosidl_generator_cpp__visibility_control.hpp
[7.291s] -- Up-to-date: /home/rick-sanchez/Desktop/MASLAB-clown-penis/ros2_ws/install/fizzbuzz_interfaces/include/fizzbuzz_interfaces/fizzbuzz_interfaces/msg/detail
[7.291s] -- Installing: /home/rick-sanchez/Desktop/MASLAB-clown-penis/ros2_ws/install/fizzbuzz_interfaces/include/fizzbuzz_interfaces/fizzbuzz_interfaces/msg/detail/fizz_buzz__builder.hpp
[7.291s] -- Installing: /home/rick-sanchez/Desktop/MASLAB-clown-penis/ros2_ws/install/fizzbuzz_interfaces/include/fizzbuzz_interfaces/fizzbuzz_interfaces/msg/detail/fizz_buzz__type_support.hpp
[7.291s] -- Installing: /home/rick-sanchez/Desktop/MASLAB-clown-penis/ros2_ws/install/fizzbuzz_interfaces/include/fizzbuzz_interfaces/fizzbuzz_interfaces/msg/detail/fizz_buzz__struct.hpp
[7.291s] -- Installing: /home/rick-sanchez/Desktop/MASLAB-clown-penis/ros2_ws/install/fizzbuzz_interfaces/include/fizzbuzz_interfaces/fizzbuzz_interfaces/msg/detail/fizz_buzz__traits.hpp
[7.291s] -- Installing: /home/rick-sanchez/Desktop/MASLAB-clown-penis/ros2_ws/install/fizzbuzz_interfaces/include/fizzbuzz_interfaces/fizzbuzz_interfaces/msg/fizz_buzz.hpp
[7.291s] -- Up-to-date: /home/rick-sanchez/Desktop/MASLAB-clown-penis/ros2_ws/install/fizzbuzz_interfaces/include/fizzbuzz_interfaces/fizzbuzz_interfaces
[7.292s] -- Up-to-date: /home/rick-sanchez/Desktop/MASLAB-clown-penis/ros2_ws/install/fizzbuzz_interfaces/include/fizzbuzz_interfaces/fizzbuzz_interfaces/msg
[7.292s] -- Up-to-date: /home/rick-sanchez/Desktop/MASLAB-clown-penis/ros2_ws/install/fizzbuzz_interfaces/include/fizzbuzz_interfaces/fizzbuzz_interfaces/msg/detail
[7.292s] -- Installing: /home/rick-sanchez/Desktop/MASLAB-clown-penis/ros2_ws/install/fizzbuzz_interfaces/include/fizzbuzz_interfaces/fizzbuzz_interfaces/msg/detail/fizz_buzz__rosidl_typesupport_fastrtps_cpp.hpp
[7.292s] -- Up-to-date: /home/rick-sanchez/Desktop/MASLAB-clown-penis/ros2_ws/install/fizzbuzz_interfaces/include/fizzbuzz_interfaces/fizzbuzz_interfaces/msg/detail/dds_fastrtps
[7.292s] -- Installing: /home/rick-sanchez/Desktop/MASLAB-clown-penis/ros2_ws/install/fizzbuzz_interfaces/include/fizzbuzz_interfaces/fizzbuzz_interfaces/msg/rosidl_typesupport_fastrtps_cpp__visibility_control.h
[7.292s] -- Installing: /home/rick-sanchez/Desktop/MASLAB-clown-penis/ros2_ws/install/fizzbuzz_interfaces/lib/libfizzbuzz_interfaces__rosidl_typesupport_fastrtps_cpp.so
[7.292s] -- Set non-toolchain portion of runtime path of "/home/rick-sanchez/Desktop/MASLAB-clown-penis/ros2_ws/install/fizzbuzz_interfaces/lib/libfizzbuzz_interfaces__rosidl_typesupport_fastrtps_cpp.so" to ""
[7.292s] -- Up-to-date: /home/rick-sanchez/Desktop/MASLAB-clown-penis/ros2_ws/install/fizzbuzz_interfaces/include/fizzbuzz_interfaces/fizzbuzz_interfaces
[7.293s] -- Up-to-date: /home/rick-sanchez/Desktop/MASLAB-clown-penis/ros2_ws/install/fizzbuzz_interfaces/include/fizzbuzz_interfaces/fizzbuzz_interfaces/msg
[7.293s] -- Up-to-date: /home/rick-sanchez/Desktop/MASLAB-clown-penis/ros2_ws/install/fizzbuzz_interfaces/include/fizzbuzz_interfaces/fizzbuzz_interfaces/msg/detail
[7.293s] -- Installing: /home/rick-sanchez/Desktop/MASLAB-clown-penis/ros2_ws/install/fizzbuzz_interfaces/include/fizzbuzz_interfaces/fizzbuzz_interfaces/msg/detail/fizz_buzz__rosidl_typesupport_introspection_cpp.hpp
[7.293s] -- Installing: /home/rick-sanchez/Desktop/MASLAB-clown-penis/ros2_ws/install/fizzbuzz_interfaces/include/fizzbuzz_interfaces/fizzbuzz_interfaces/msg/detail/fizz_buzz__type_support.cpp
[7.293s] -- Installing: /home/rick-sanchez/Desktop/MASLAB-clown-penis/ros2_ws/install/fizzbuzz_interfaces/lib/libfizzbuzz_interfaces__rosidl_typesupport_introspection_cpp.so
[7.293s] -- Set non-toolchain portion of runtime path of "/home/rick-sanchez/Desktop/MASLAB-clown-penis/ros2_ws/install/fizzbuzz_interfaces/lib/libfizzbuzz_interfaces__rosidl_typesupport_introspection_cpp.so" to ""
[7.293s] -- Installing: /home/rick-sanchez/Desktop/MASLAB-clown-penis/ros2_ws/install/fizzbuzz_interfaces/lib/libfizzbuzz_interfaces__rosidl_typesupport_cpp.so
[7.293s] -- Set non-toolchain portion of runtime path of "/home/rick-sanchez/Desktop/MASLAB-clown-penis/ros2_ws/install/fizzbuzz_interfaces/lib/libfizzbuzz_interfaces__rosidl_typesupport_cpp.so" to ""
[7.294s] -- Installing: /home/rick-sanchez/Desktop/MASLAB-clown-penis/ros2_ws/install/fizzbuzz_interfaces/share/fizzbuzz_interfaces/environment/pythonpath.sh
[7.294s] -- Installing: /home/rick-sanchez/Desktop/MASLAB-clown-penis/ros2_ws/install/fizzbuzz_interfaces/share/fizzbuzz_interfaces/environment/pythonpath.dsv
[7.294s] -- Up-to-date: /home/rick-sanchez/Desktop/MASLAB-clown-penis/ros2_ws/install/fizzbuzz_interfaces/lib/python3.12/site-packages/fizzbuzz_interfaces-0.0.0-py3.12.egg-info
[7.294s] -- Installing: /home/rick-sanchez/Desktop/MASLAB-clown-penis/ros2_ws/install/fizzbuzz_interfaces/lib/python3.12/site-packages/fizzbuzz_interfaces-0.0.0-py3.12.egg-info/dependency_links.txt
[7.294s] -- Installing: /home/rick-sanchez/Desktop/MASLAB-clown-penis/ros2_ws/install/fizzbuzz_interfaces/lib/python3.12/site-packages/fizzbuzz_interfaces-0.0.0-py3.12.egg-info/top_level.txt
[7.294s] -- Installing: /home/rick-sanchez/Desktop/MASLAB-clown-penis/ros2_ws/install/fizzbuzz_interfaces/lib/python3.12/site-packages/fizzbuzz_interfaces-0.0.0-py3.12.egg-info/SOURCES.txt
[7.294s] -- Installing: /home/rick-sanchez/Desktop/MASLAB-clown-penis/ros2_ws/install/fizzbuzz_interfaces/lib/python3.12/site-packages/fizzbuzz_interfaces-0.0.0-py3.12.egg-info/PKG-INFO
[7.294s] -- Up-to-date: /home/rick-sanchez/Desktop/MASLAB-clown-penis/ros2_ws/install/fizzbuzz_interfaces/lib/python3.12/site-packages/fizzbuzz_interfaces
[7.294s] -- Installing: /home/rick-sanchez/Desktop/MASLAB-clown-penis/ros2_ws/install/fizzbuzz_interfaces/lib/python3.12/site-packages/fizzbuzz_interfaces/_fizzbuzz_interfaces_s.ep.rosidl_typesupport_c.c
[7.295s] -- Installing: /home/rick-sanchez/Desktop/MASLAB-clown-penis/ros2_ws/install/fizzbuzz_interfaces/lib/python3.12/site-packages/fizzbuzz_interfaces/fizzbuzz_interfaces_s__rosidl_typesupport_fastrtps_c.so
[7.295s] -- Installing: /home/rick-sanchez/Desktop/MASLAB-clown-penis/ros2_ws/install/fizzbuzz_interfaces/lib/python3.12/site-packages/fizzbuzz_interfaces/__init__.py
[7.295s] -- Up-to-date: /home/rick-sanchez/Desktop/MASLAB-clown-penis/ros2_ws/install/fizzbuzz_interfaces/lib/python3.12/site-packages/fizzbuzz_interfaces/msg
[7.295s] -- Installing: /home/rick-sanchez/Desktop/MASLAB-clown-penis/ros2_ws/install/fizzbuzz_interfaces/lib/python3.12/site-packages/fizzbuzz_interfaces/msg/__init__.py
[7.295s] -- Installing: /home/rick-sanchez/Desktop/MASLAB-clown-penis/ros2_ws/install/fizzbuzz_interfaces/lib/python3.12/site-packages/fizzbuzz_interfaces/msg/_fizz_buzz_s.c
[7.295s] -- Installing: /home/rick-sanchez/Desktop/MASLAB-clown-penis/ros2_ws/install/fizzbuzz_interfaces/lib/python3.12/site-packages/fizzbuzz_interfaces/msg/_fizz_buzz.py
[7.295s] -- Installing: /home/rick-sanchez/Desktop/MASLAB-clown-penis/ros2_ws/install/fizzbuzz_interfaces/lib/python3.12/site-packages/fizzbuzz_interfaces/_fizzbuzz_interfaces_s.ep.rosidl_typesupport_introspection_c.c
[7.295s] -- Installing: /home/rick-sanchez/Desktop/MASLAB-clown-penis/ros2_ws/install/fizzbuzz_interfaces/lib/python3.12/site-packages/fizzbuzz_interfaces/fizzbuzz_interfaces_s__rosidl_typesupport_introspection_c.so
[7.295s] -- Installing: /home/rick-sanchez/Desktop/MASLAB-clown-penis/ros2_ws/install/fizzbuzz_interfaces/lib/python3.12/site-packages/fizzbuzz_interfaces/_fizzbuzz_interfaces_s.ep.rosidl_typesupport_fastrtps_c.c
[7.295s] -- Installing: /home/rick-sanchez/Desktop/MASLAB-clown-penis/ros2_ws/install/fizzbuzz_interfaces/lib/python3.12/site-packages/fizzbuzz_interfaces/fizzbuzz_interfaces_s__rosidl_typesupport_c.so
[7.349s] Listing '/home/rick-sanchez/Desktop/MASLAB-clown-penis/ros2_ws/install/fizzbuzz_interfaces/lib/python3.12/site-packages/fizzbuzz_interfaces'...
[7.349s] Compiling '/home/rick-sanchez/Desktop/MASLAB-clown-penis/ros2_ws/install/fizzbuzz_interfaces/lib/python3.12/site-packages/fizzbuzz_interfaces/__init__.py'...
[7.349s] Listing '/home/rick-sanchez/Desktop/MASLAB-clown-penis/ros2_ws/install/fizzbuzz_interfaces/lib/python3.12/site-packages/fizzbuzz_interfaces/msg'...
[7.349s] Compiling '/home/rick-sanchez/Desktop/MASLAB-clown-penis/ros2_ws/install/fizzbuzz_interfaces/lib/python3.12/site-packages/fizzbuzz_interfaces/msg/__init__.py'...
[7.349s] Compiling '/home/rick-sanchez/Desktop/MASLAB-clown-penis/ros2_ws/install/fizzbuzz_interfaces/lib/python3.12/site-packages/fizzbuzz_interfaces/msg/_fizz_buzz.py'...
[7.357s] -- Installing: /home/rick-sanchez/Desktop/MASLAB-clown-penis/ros2_ws/install/fizzbuzz_interfaces/lib/python3.12/site-packages/fizzbuzz_interfaces/fizzbuzz_interfaces_s__rosidl_typesupport_fastrtps_c.so
[7.357s] -- Set non-toolchain portion of runtime path of "/home/rick-sanchez/Desktop/MASLAB-clown-penis/ros2_ws/install/fizzbuzz_interfaces/lib/python3.12/site-packages/fizzbuzz_interfaces/fizzbuzz_interfaces_s__rosidl_typesupport_fastrtps_c.so" to ""
[7.357s] -- Installing: /home/rick-sanchez/Desktop/MASLAB-clown-penis/ros2_ws/install/fizzbuzz_interfaces/lib/python3.12/site-packages/fizzbuzz_interfaces/fizzbuzz_interfaces_s__rosidl_typesupport_introspection_c.so
[7.357s] -- Set non-toolchain portion of runtime path of "/home/rick-sanchez/Desktop/MASLAB-clown-penis/ros2_ws/install/fizzbuzz_interfaces/lib/python3.12/site-packages/fizzbuzz_interfaces/fizzbuzz_interfaces_s__rosidl_typesupport_introspection_c.so" to ""
[7.357s] -- Installing: /home/rick-sanchez/Desktop/MASLAB-clown-penis/ros2_ws/install/fizzbuzz_interfaces/lib/python3.12/site-packages/fizzbuzz_interfaces/fizzbuzz_interfaces_s__rosidl_typesupport_c.so
[7.358s] -- Set non-toolchain portion of runtime path of "/home/rick-sanchez/Desktop/MASLAB-clown-penis/ros2_ws/install/fizzbuzz_interfaces/lib/python3.12/site-packages/fizzbuzz_interfaces/fizzbuzz_interfaces_s__rosidl_typesupport_c.so" to ""
[7.358s] -- Installing: /home/rick-sanchez/Desktop/MASLAB-clown-penis/ros2_ws/install/fizzbuzz_interfaces/lib/libfizzbuzz_interfaces__rosidl_generator_py.so
[7.358s] -- Set non-toolchain portion of runtime path of "/home/rick-sanchez/Desktop/MASLAB-clown-penis/ros2_ws/install/fizzbuzz_interfaces/lib/libfizzbuzz_interfaces__rosidl_generator_py.so" to ""
[7.358s] -- Installing: /home/rick-sanchez/Desktop/MASLAB-clown-penis/ros2_ws/install/fizzbuzz_interfaces/share/fizzbuzz_interfaces/msg/FizzBuzz.idl
[7.358s] -- Up-to-date: /home/rick-sanchez/Desktop/MASLAB-clown-penis/ros2_ws/install/fizzbuzz_interfaces/share/fizzbuzz_interfaces/msg/FizzBuzz.msg
[7.358s] -- Installing: /home/rick-sanchez/Desktop/MASLAB-clown-penis/ros2_ws/install/fizzbuzz_interfaces/share/ament_index/resource_index/package_run_dependencies/fizzbuzz_interfaces
[7.358s] -- Installing: /home/rick-sanchez/Desktop/MASLAB-clown-penis/ros2_ws/install/fizzbuzz_interfaces/share/ament_index/resource_index/parent_prefix_path/fizzbuzz_interfaces
[7.359s] -- Up-to-date: /home/rick-sanchez/Desktop/MASLAB-clown-penis/ros2_ws/install/fizzbuzz_interfaces/share/fizzbuzz_interfaces/environment/ament_prefix_path.sh
[7.359s] -- Installing: /home/rick-sanchez/Desktop/MASLAB-clown-penis/ros2_ws/install/fizzbuzz_interfaces/share/fizzbuzz_interfaces/environment/ament_prefix_path.dsv
[7.359s] -- Up-to-date: /home/rick-sanchez/Desktop/MASLAB-clown-penis/ros2_ws/install/fizzbuzz_interfaces/share/fizzbuzz_interfaces/environment/path.sh
[7.359s] -- Installing: /home/rick-sanchez/Desktop/MASLAB-clown-penis/ros2_ws/install/fizzbuzz_interfaces/share/fizzbuzz_interfaces/environment/path.dsv
[7.359s] -- Installing: /home/rick-sanchez/Desktop/MASLAB-clown-penis/ros2_ws/install/fizzbuzz_interfaces/share/fizzbuzz_interfaces/local_setup.bash
[7.359s] -- Installing: /home/rick-sanchez/Desktop/MASLAB-clown-penis/ros2_ws/install/fizzbuzz_interfaces/share/fizzbuzz_interfaces/local_setup.sh
[7.359s] -- Installing: /home/rick-sanchez/Desktop/MASLAB-clown-penis/ros2_ws/install/fizzbuzz_interfaces/share/fizzbuzz_interfaces/local_setup.zsh
[7.359s] -- Installing: /home/rick-sanchez/Desktop/MASLAB-clown-penis/ros2_ws/install/fizzbuzz_interfaces/share/fizzbuzz_interfaces/local_setup.dsv
[7.360s] -- Installing: /home/rick-sanchez/Desktop/MASLAB-clown-penis/ros2_ws/install/fizzbuzz_interfaces/share/fizzbuzz_interfaces/package.dsv
[7.360s] -- Installing: /home/rick-sanchez/Desktop/MASLAB-clown-penis/ros2_ws/install/fizzbuzz_interfaces/share/ament_index/resource_index/packages/fizzbuzz_interfaces
[7.360s] -- Installing: /home/rick-sanchez/Desktop/MASLAB-clown-penis/ros2_ws/install/fizzbuzz_interfaces/share/fizzbuzz_interfaces/cmake/export_fizzbuzz_interfaces__rosidl_generator_cExport.cmake
[7.360s] -- Installing: /home/rick-sanchez/Desktop/MASLAB-clown-penis/ros2_ws/install/fizzbuzz_interfaces/share/fizzbuzz_interfaces/cmake/export_fizzbuzz_interfaces__rosidl_generator_cExport-noconfig.cmake
[7.360s] -- Installing: /home/rick-sanchez/Desktop/MASLAB-clown-penis/ros2_ws/install/fizzbuzz_interfaces/share/fizzbuzz_interfaces/cmake/export_fizzbuzz_interfaces__rosidl_typesupport_fastrtps_cExport.cmake
[7.360s] -- Installing: /home/rick-sanchez/Desktop/MASLAB-clown-penis/ros2_ws/install/fizzbuzz_interfaces/share/fizzbuzz_interfaces/cmake/export_fizzbuzz_interfaces__rosidl_typesupport_fastrtps_cExport-noconfig.cmake
[7.360s] -- Installing: /home/rick-sanchez/Desktop/MASLAB-clown-penis/ros2_ws/install/fizzbuzz_interfaces/share/fizzbuzz_interfaces/cmake/fizzbuzz_interfaces__rosidl_typesupport_introspection_cExport.cmake
[7.360s] -- Installing: /home/rick-sanchez/Desktop/MASLAB-clown-penis/ros2_ws/install/fizzbuzz_interfaces/share/fizzbuzz_interfaces/cmake/fizzbuzz_interfaces__rosidl_typesupport_introspection_cExport-noconfig.cmake
[7.360s] -- Installing: /home/rick-sanchez/Desktop/MASLAB-clown-penis/ros2_ws/install/fizzbuzz_interfaces/share/fizzbuzz_interfaces/cmake/fizzbuzz_interfaces__rosidl_typesupport_cExport.cmake
[7.361s] -- Installing: /home/rick-sanchez/Desktop/MASLAB-clown-penis/ros2_ws/install/fizzbuzz_interfaces/share/fizzbuzz_interfaces/cmake/fizzbuzz_interfaces__rosidl_typesupport_cExport-noconfig.cmake
[7.361s] -- Installing: /home/rick-sanchez/Desktop/MASLAB-clown-penis/ros2_ws/install/fizzbuzz_interfaces/share/fizzbuzz_interfaces/cmake/export_fizzbuzz_interfaces__rosidl_generator_cppExport.cmake
[7.361s] -- Installing: /home/rick-sanchez/Desktop/MASLAB-clown-penis/ros2_ws/install/fizzbuzz_interfaces/share/fizzbuzz_interfaces/cmake/export_fizzbuzz_interfaces__rosidl_typesupport_fastrtps_cppExport.cmake
[7.361s] -- Installing: /home/rick-sanchez/Desktop/MASLAB-clown-penis/ros2_ws/install/fizzbuzz_interfaces/share/fizzbuzz_interfaces/cmake/export_fizzbuzz_interfaces__rosidl_typesupport_fastrtps_cppExport-noconfig.cmake
[7.361s] -- Installing: /home/rick-sanchez/Desktop/MASLAB-clown-penis/ros2_ws/install/fizzbuzz_interfaces/share/fizzbuzz_interfaces/cmake/fizzbuzz_interfaces__rosidl_typesupport_introspection_cppExport.cmake
[7.361s] -- Installing: /home/rick-sanchez/Desktop/MASLAB-clown-penis/ros2_ws/install/fizzbuzz_interfaces/share/fizzbuzz_interfaces/cmake/fizzbuzz_interfaces__rosidl_typesupport_introspection_cppExport-noconfig.cmake
[7.361s] -- Installing: /home/rick-sanchez/Desktop/MASLAB-clown-penis/ros2_ws/install/fizzbuzz_interfaces/share/fizzbuzz_interfaces/cmake/fizzbuzz_interfaces__rosidl_typesupport_cppExport.cmake
[7.362s] -- Installing: /home/rick-sanchez/Desktop/MASLAB-clown-penis/ros2_ws/install/fizzbuzz_interfaces/share/fizzbuzz_interfaces/cmake/fizzbuzz_interfaces__rosidl_typesupport_cppExport-noconfig.cmake
[7.362s] -- Installing: /home/rick-sanchez/Desktop/MASLAB-clown-penis/ros2_ws/install/fizzbuzz_interfaces/share/fizzbuzz_interfaces/cmake/export_fizzbuzz_interfaces__rosidl_generator_pyExport.cmake
[7.362s] -- Installing: /home/rick-sanchez/Desktop/MASLAB-clown-penis/ros2_ws/install/fizzbuzz_interfaces/share/fizzbuzz_interfaces/cmake/export_fizzbuzz_interfaces__rosidl_generator_pyExport-noconfig.cmake
[7.362s] -- Installing: /home/rick-sanchez/Desktop/MASLAB-clown-penis/ros2_ws/install/fizzbuzz_interfaces/share/fizzbuzz_interfaces/cmake/rosidl_cmake-extras.cmake
[7.362s] -- Installing: /home/rick-sanchez/Desktop/MASLAB-clown-penis/ros2_ws/install/fizzbuzz_interfaces/share/fizzbuzz_interfaces/cmake/ament_cmake_export_include_directories-extras.cmake
[7.362s] -- Installing: /home/rick-sanchez/Desktop/MASLAB-clown-penis/ros2_ws/install/fizzbuzz_interfaces/share/fizzbuzz_interfaces/cmake/ament_cmake_export_libraries-extras.cmake
[7.362s] -- Installing: /home/rick-sanchez/Desktop/MASLAB-clown-penis/ros2_ws/install/fizzbuzz_interfaces/share/fizzbuzz_interfaces/cmake/ament_cmake_export_targets-extras.cmake
[7.362s] -- Installing: /home/rick-sanchez/Desktop/MASLAB-clown-penis/ros2_ws/install/fizzbuzz_interfaces/share/fizzbuzz_interfaces/cmake/rosidl_cmake_export_typesupport_targets-extras.cmake
[7.362s] -- Installing: /home/rick-sanchez/Desktop/MASLAB-clown-penis/ros2_ws/install/fizzbuzz_interfaces/share/fizzbuzz_interfaces/cmake/ament_cmake_export_dependencies-extras.cmake
[7.363s] -- Installing: /home/rick-sanchez/Desktop/MASLAB-clown-penis/ros2_ws/install/fizzbuzz_interfaces/share/fizzbuzz_interfaces/cmake/rosidl_cmake_export_typesupport_libraries-extras.cmake
[7.363s] -- Installing: /home/rick-sanchez/Desktop/MASLAB-clown-penis/ros2_ws/install/fizzbuzz_interfaces/share/fizzbuzz_interfaces/cmake/fizzbuzz_interfacesConfig.cmake
[7.363s] -- Installing: /home/rick-sanchez/Desktop/MASLAB-clown-penis/ros2_ws/install/fizzbuzz_interfaces/share/fizzbuzz_interfaces/cmake/fizzbuzz_interfacesConfig-version.cmake
[7.363s] -- Up-to-date: /home/rick-sanchez/Desktop/MASLAB-clown-penis/ros2_ws/install/fizzbuzz_interfaces/share/fizzbuzz_interfaces/package.xml
[7.365s] Invoked command in '/home/rick-sanchez/Desktop/MASLAB-clown-penis/ros2_ws/build/fizzbuzz_interfaces' returned '0': CMAKE_PREFIX_PATH=${CMAKE_PREFIX_PATH}:/home/rick-sanchez/Desktop/MASLAB-clown-penis/ros2_ws/install/fizzbuzz:/home/rick-sanchez/Desktop/MASLAB-clown-penis/ros/ros2_ws/install/fizzbuzz:/home/rick-sanchez/Desktop/MASLAB-clown-penis/ros/ROS2_FizzBuzz_tutorial/install/fizzbuzz:/opt/ros/jazzy DEBUGINFOD_URLS=https://debuginfod.ubuntu.com _=/usr/bin/env /usr/bin/cmake --install /home/rick-sanchez/Desktop/MASLAB-clown-penis/ros2_ws/build/fizzbuzz_interfaces
