[1.243s] Invoking command in '/home/rick-sanchez/Desktop/MASLAB-clown-penis/ros/ros2_ws/src/fizzbuzz': DEBUGINFOD_URLS=https://debuginfod.ubuntu.com PYTHONPATH=/home/rick-sanchez/Desktop/MASLAB-clown-penis/ros/ros2_ws/src/build/fizzbuzz/prefix_override:/usr/lib/python3/dist-packages/colcon_core/task/python/colcon_distutils_commands:/home/rick-sanchez/Desktop/MASLAB-clown-penis/ros/ros2_ws/src/install/fizzbuzz/lib/python3.12/site-packages:${PYTHONPATH} _=/usr/bin/env /usr/bin/python3 -W ignore:setup.py install is deprecated -W ignore:easy_install command is deprecated setup.py egg_info --egg-base ../build/fizzbuzz build --build-base /home/rick-sanchez/Desktop/MASLAB-clown-penis/ros/ros2_ws/src/build/fizzbuzz/build install --record /home/rick-sanchez/Desktop/MASLAB-clown-penis/ros/ros2_ws/src/build/fizzbuzz/install.log --single-version-externally-managed install_data
[1.561s] running egg_info
[1.561s] creating ../build/fizzbuzz/fizzbuzz.egg-info
[1.581s] writing ../build/fizzbuzz/fizzbuzz.egg-info/PKG-INFO
[1.581s] writing dependency_links to ../build/fizzbuzz/fizzbuzz.egg-info/dependency_links.txt
[1.582s] writing requirements to ../build/fizzbuzz/fizzbuzz.egg-info/requires.txt
[1.582s] writing top-level names to ../build/fizzbuzz/fizzbuzz.egg-info/top_level.txt
[1.582s] writing manifest file '../build/fizzbuzz/fizzbuzz.egg-info/SOURCES.txt'
[1.623s] reading manifest file '../build/fizzbuzz/fizzbuzz.egg-info/SOURCES.txt'
[1.625s] writing manifest file '../build/fizzbuzz/fizzbuzz.egg-info/SOURCES.txt'
[1.625s] running build
[1.625s] running build_py
[1.625s] creating /home/rick-sanchez/Desktop/MASLAB-clown-penis/ros/ros2_ws/src/build/fizzbuzz/build
[1.626s] creating /home/rick-sanchez/Desktop/MASLAB-clown-penis/ros/ros2_ws/src/build/fizzbuzz/build/lib
[1.626s] creating /home/rick-sanchez/Desktop/MASLAB-clown-penis/ros/ros2_ws/src/build/fizzbuzz/build/lib/fizzbuzz
[1.626s] copying fizzbuzz/__init__.py -> /home/rick-sanchez/Desktop/MASLAB-clown-penis/ros/ros2_ws/src/build/fizzbuzz/build/lib/fizzbuzz
[1.627s] running install
[1.636s] running install_lib
[1.657s] creating /home/rick-sanchez/Desktop/MASLAB-clown-penis/ros/ros2_ws/src/install/fizzbuzz/lib/python3.12/site-packages/fizzbuzz
[1.657s] copying /home/rick-sanchez/Desktop/MASLAB-clown-penis/ros/ros2_ws/src/build/fizzbuzz/build/lib/fizzbuzz/__init__.py -> /home/rick-sanchez/Desktop/MASLAB-clown-penis/ros/ros2_ws/src/install/fizzbuzz/lib/python3.12/site-packages/fizzbuzz
[1.657s] byte-compiling /home/rick-sanchez/Desktop/MASLAB-clown-penis/ros/ros2_ws/src/install/fizzbuzz/lib/python3.12/site-packages/fizzbuzz/__init__.py to __init__.cpython-312.pyc
[1.658s] running install_data
[1.658s] creating /home/rick-sanchez/Desktop/MASLAB-clown-penis/ros/ros2_ws/src/install/fizzbuzz/share/ament_index
[1.658s] creating /home/rick-sanchez/Desktop/MASLAB-clown-penis/ros/ros2_ws/src/install/fizzbuzz/share/ament_index/resource_index
[1.658s] creating /home/rick-sanchez/Desktop/MASLAB-clown-penis/ros/ros2_ws/src/install/fizzbuzz/share/ament_index/resource_index/packages
[1.658s] copying resource/fizzbuzz -> /home/rick-sanchez/Desktop/MASLAB-clown-penis/ros/ros2_ws/src/install/fizzbuzz/share/ament_index/resource_index/packages
[1.658s] copying package.xml -> /home/rick-sanchez/Desktop/MASLAB-clown-penis/ros/ros2_ws/src/install/fizzbuzz/share/fizzbuzz
[1.658s] running install_egg_info
[1.680s] Copying ../build/fizzbuzz/fizzbuzz.egg-info to /home/rick-sanchez/Desktop/MASLAB-clown-penis/ros/ros2_ws/src/install/fizzbuzz/lib/python3.12/site-packages/fizzbuzz-0.0.0-py3.12.egg-info
[1.681s] running install_scripts
[1.830s] writing list of installed files to '/home/rick-sanchez/Desktop/MASLAB-clown-penis/ros/ros2_ws/src/build/fizzbuzz/install.log'
[1.867s] Invoked command in '/home/rick-sanchez/Desktop/MASLAB-clown-penis/ros/ros2_ws/src/fizzbuzz' returned '0': DEBUGINFOD_URLS=https://debuginfod.ubuntu.com PYTHONPATH=/home/rick-sanchez/Desktop/MASLAB-clown-penis/ros/ros2_ws/src/build/fizzbuzz/prefix_override:/usr/lib/python3/dist-packages/colcon_core/task/python/colcon_distutils_commands:/home/rick-sanchez/Desktop/MASLAB-clown-penis/ros/ros2_ws/src/install/fizzbuzz/lib/python3.12/site-packages:${PYTHONPATH} _=/usr/bin/env /usr/bin/python3 -W ignore:setup.py install is deprecated -W ignore:easy_install command is deprecated setup.py egg_info --egg-base ../build/fizzbuzz build --build-base /home/rick-sanchez/Desktop/MASLAB-clown-penis/ros/ros2_ws/src/build/fizzbuzz/build install --record /home/rick-sanchez/Desktop/MASLAB-clown-penis/ros/ros2_ws/src/build/fizzbuzz/install.log --single-version-externally-managed install_data
