[0.114s] DEBUG:colcon:Command line arguments: ['/usr/bin/colcon', 'build']
[0.114s] DEBUG:colcon:Parsed command line arguments: Namespace(log_base=None, log_level=None, verb_name='build', build_base='build', install_base='install', merge_install=False, symlink_install=False, test_result_base=None, continue_on_error=False, executor='parallel', parallel_workers=8, event_handlers=None, ignore_user_meta=False, metas=['./colcon.meta'], base_paths=['.'], packages_ignore=None, packages_ignore_regex=None, paths=None, packages_up_to=None, packages_up_to_regex=None, packages_above=None, packages_above_and_dependencies=None, packages_above_depth=None, packages_select_by_dep=None, packages_skip_by_dep=None, packages_skip_up_to=None, packages_select_build_failed=False, packages_skip_build_finished=False, packages_select_test_failures=False, packages_skip_test_passed=False, packages_select=None, packages_skip=None, packages_select_regex=None, packages_skip_regex=None, packages_start=None, packages_end=None, allow_overriding=[], cmake_args=None, cmake_target=None, cmake_target_skip_unavailable=False, cmake_clean_cache=False, cmake_clean_first=False, cmake_force_configure=False, ament_cmake_args=None, catkin_cmake_args=None, catkin_skip_building_tests=False, verb_parser=<colcon_defaults.argument_parser.defaults.DefaultArgumentsDecorator object at 0x72634f2a0200>, verb_extension=<colcon_core.verb.build.BuildVerb object at 0x72634f3bcf80>, main=<bound method BuildVerb.main of <colcon_core.verb.build.BuildVerb object at 0x72634f3bcf80>>)
[0.160s] Level 1:colcon.colcon_core.package_discovery:discover_packages(colcon_meta) check parameters
[0.160s] Level 1:colcon.colcon_core.package_discovery:discover_packages(recursive) check parameters
[0.160s] Level 1:colcon.colcon_core.package_discovery:discover_packages(ignore) check parameters
[0.160s] Level 1:colcon.colcon_core.package_discovery:discover_packages(path) check parameters
[0.160s] Level 1:colcon.colcon_core.package_discovery:discover_packages(colcon_meta) discover
[0.160s] Level 1:colcon.colcon_core.package_discovery:discover_packages(recursive) discover
[0.160s] INFO:colcon.colcon_core.package_discovery:Crawling recursively for packages in '/home/rick-sanchez/Desktop/MASLAB-clown-penis/ros2_ws'
[0.160s] Level 1:colcon.colcon_core.package_identification:_identify(.) by extensions ['ignore', 'ignore_ament_install']
[0.160s] Level 1:colcon.colcon_core.package_identification:_identify(.) by extension 'ignore'
[0.160s] Level 1:colcon.colcon_core.package_identification:_identify(.) by extension 'ignore_ament_install'
[0.160s] Level 1:colcon.colcon_core.package_identification:_identify(.) by extensions ['colcon_pkg']
[0.160s] Level 1:colcon.colcon_core.package_identification:_identify(.) by extension 'colcon_pkg'
[0.160s] Level 1:colcon.colcon_core.package_identification:_identify(.) by extensions ['colcon_meta']
[0.160s] Level 1:colcon.colcon_core.package_identification:_identify(.) by extension 'colcon_meta'
[0.160s] Level 1:colcon.colcon_core.package_identification:_identify(.) by extensions ['ros']
[0.161s] Level 1:colcon.colcon_core.package_identification:_identify(.) by extension 'ros'
[0.191s] Level 1:colcon.colcon_core.package_identification:_identify(.) by extensions ['cmake', 'python']
[0.192s] Level 1:colcon.colcon_core.package_identification:_identify(.) by extension 'cmake'
[0.192s] Level 1:colcon.colcon_core.package_identification:_identify(.) by extension 'python'
[0.192s] Level 1:colcon.colcon_core.package_identification:_identify(.) by extensions ['python_setup_py']
[0.192s] Level 1:colcon.colcon_core.package_identification:_identify(.) by extension 'python_setup_py'
[0.192s] Level 1:colcon.colcon_core.package_identification:_identify(build) by extensions ['ignore', 'ignore_ament_install']
[0.192s] Level 1:colcon.colcon_core.package_identification:_identify(build) by extension 'ignore'
[0.192s] Level 1:colcon.colcon_core.package_identification:_identify(build) ignored
[0.192s] Level 1:colcon.colcon_core.package_identification:_identify(install) by extensions ['ignore', 'ignore_ament_install']
[0.192s] Level 1:colcon.colcon_core.package_identification:_identify(install) by extension 'ignore'
[0.192s] Level 1:colcon.colcon_core.package_identification:_identify(install) ignored
[0.193s] Level 1:colcon.colcon_core.package_identification:_identify(log) by extensions ['ignore', 'ignore_ament_install']
[0.193s] Level 1:colcon.colcon_core.package_identification:_identify(log) by extension 'ignore'
[0.193s] Level 1:colcon.colcon_core.package_identification:_identify(log) ignored
[0.193s] Level 1:colcon.colcon_core.package_identification:_identify(src) by extensions ['ignore', 'ignore_ament_install']
[0.193s] Level 1:colcon.colcon_core.package_identification:_identify(src) by extension 'ignore'
[0.193s] Level 1:colcon.colcon_core.package_identification:_identify(src) by extension 'ignore_ament_install'
[0.193s] Level 1:colcon.colcon_core.package_identification:_identify(src) by extensions ['colcon_pkg']
[0.193s] Level 1:colcon.colcon_core.package_identification:_identify(src) by extension 'colcon_pkg'
[0.193s] Level 1:colcon.colcon_core.package_identification:_identify(src) by extensions ['colcon_meta']
[0.193s] Level 1:colcon.colcon_core.package_identification:_identify(src) by extension 'colcon_meta'
[0.193s] Level 1:colcon.colcon_core.package_identification:_identify(src) by extensions ['ros']
[0.193s] Level 1:colcon.colcon_core.package_identification:_identify(src) by extension 'ros'
[0.193s] Level 1:colcon.colcon_core.package_identification:_identify(src) by extensions ['cmake', 'python']
[0.193s] Level 1:colcon.colcon_core.package_identification:_identify(src) by extension 'cmake'
[0.193s] Level 1:colcon.colcon_core.package_identification:_identify(src) by extension 'python'
[0.193s] Level 1:colcon.colcon_core.package_identification:_identify(src) by extensions ['python_setup_py']
[0.193s] Level 1:colcon.colcon_core.package_identification:_identify(src) by extension 'python_setup_py'
[0.194s] Level 1:colcon.colcon_core.package_identification:_identify(src/fizzbuzz) by extensions ['ignore', 'ignore_ament_install']
[0.194s] Level 1:colcon.colcon_core.package_identification:_identify(src/fizzbuzz) by extension 'ignore'
[0.194s] Level 1:colcon.colcon_core.package_identification:_identify(src/fizzbuzz) by extension 'ignore_ament_install'
[0.194s] Level 1:colcon.colcon_core.package_identification:_identify(src/fizzbuzz) by extensions ['colcon_pkg']
[0.194s] Level 1:colcon.colcon_core.package_identification:_identify(src/fizzbuzz) by extension 'colcon_pkg'
[0.194s] Level 1:colcon.colcon_core.package_identification:_identify(src/fizzbuzz) by extensions ['colcon_meta']
[0.194s] Level 1:colcon.colcon_core.package_identification:_identify(src/fizzbuzz) by extension 'colcon_meta'
[0.194s] Level 1:colcon.colcon_core.package_identification:_identify(src/fizzbuzz) by extensions ['ros']
[0.194s] Level 1:colcon.colcon_core.package_identification:_identify(src/fizzbuzz) by extension 'ros'
[0.197s] DEBUG:colcon.colcon_core.package_identification:Package 'src/fizzbuzz' with type 'ros.ament_python' and name 'fizzbuzz'
[0.197s] Level 1:colcon.colcon_core.package_identification:_identify(src/fizzbuzz_interfaces) by extensions ['ignore', 'ignore_ament_install']
[0.197s] Level 1:colcon.colcon_core.package_identification:_identify(src/fizzbuzz_interfaces) by extension 'ignore'
[0.197s] Level 1:colcon.colcon_core.package_identification:_identify(src/fizzbuzz_interfaces) by extension 'ignore_ament_install'
[0.197s] Level 1:colcon.colcon_core.package_identification:_identify(src/fizzbuzz_interfaces) by extensions ['colcon_pkg']
[0.197s] Level 1:colcon.colcon_core.package_identification:_identify(src/fizzbuzz_interfaces) by extension 'colcon_pkg'
[0.197s] Level 1:colcon.colcon_core.package_identification:_identify(src/fizzbuzz_interfaces) by extensions ['colcon_meta']
[0.197s] Level 1:colcon.colcon_core.package_identification:_identify(src/fizzbuzz_interfaces) by extension 'colcon_meta'
[0.197s] Level 1:colcon.colcon_core.package_identification:_identify(src/fizzbuzz_interfaces) by extensions ['ros']
[0.197s] Level 1:colcon.colcon_core.package_identification:_identify(src/fizzbuzz_interfaces) by extension 'ros'
[0.198s] DEBUG:colcon.colcon_core.package_identification:Package 'src/fizzbuzz_interfaces' with type 'ros.ament_cmake' and name 'fizzbuzz_interfaces'
[0.198s] Level 1:colcon.colcon_core.package_discovery:discover_packages(recursive) using defaults
[0.198s] Level 1:colcon.colcon_core.package_discovery:discover_packages(ignore) discover
[0.198s] Level 1:colcon.colcon_core.package_discovery:discover_packages(ignore) using defaults
[0.198s] Level 1:colcon.colcon_core.package_discovery:discover_packages(path) discover
[0.198s] Level 1:colcon.colcon_core.package_discovery:discover_packages(path) using defaults
[0.220s] Level 1:colcon.colcon_core.package_discovery:discover_packages(prefix_path) check parameters
[0.220s] Level 1:colcon.colcon_core.package_discovery:discover_packages(prefix_path) discover
[0.221s] WARNING:colcon.colcon_core.prefix_path.colcon:The path '/home/rick-sanchez/Desktop/MASLAB-clown-penis/ros/ros2_ws/install' in the environment variable COLCON_PREFIX_PATH doesn't exist
[0.221s] WARNING:colcon.colcon_core.prefix_path.colcon:The path '/home/rick-sanchez/Desktop/MASLAB-clown-penis/ros/ROS2_FizzBuzz_tutorial/install' in the environment variable COLCON_PREFIX_PATH doesn't exist
[0.221s] WARNING:colcon.colcon_ros.prefix_path.ament:The path '/home/rick-sanchez/Desktop/MASLAB-clown-penis/ros/ros2_ws/install/fizzbuzz' in the environment variable AMENT_PREFIX_PATH doesn't exist
[0.221s] WARNING:colcon.colcon_ros.prefix_path.ament:The path '/home/rick-sanchez/Desktop/MASLAB-clown-penis/ros/ros2_ws/install/fizzbuzz_interfaces' in the environment variable AMENT_PREFIX_PATH doesn't exist
[0.221s] WARNING:colcon.colcon_ros.prefix_path.ament:The path '/home/rick-sanchez/Desktop/MASLAB-clown-penis/ros/ROS2_FizzBuzz_tutorial/install/fizzbuzz' in the environment variable AMENT_PREFIX_PATH doesn't exist
[0.221s] WARNING:colcon.colcon_ros.prefix_path.ament:The path '/home/rick-sanchez/Desktop/MASLAB-clown-penis/ros/ROS2_FizzBuzz_tutorial/install/fizzbuzz_interfaces' in the environment variable AMENT_PREFIX_PATH doesn't exist
[0.221s] WARNING:colcon.colcon_ros.prefix_path.catkin:The path '/home/rick-sanchez/Desktop/MASLAB-clown-penis/ros/ros2_ws/install/fizzbuzz_interfaces' in the environment variable CMAKE_PREFIX_PATH doesn't exist
[0.221s] WARNING:colcon.colcon_ros.prefix_path.catkin:The path '/home/rick-sanchez/Desktop/MASLAB-clown-penis/ros/ROS2_FizzBuzz_tutorial/install/fizzbuzz_interfaces' in the environment variable CMAKE_PREFIX_PATH doesn't exist
[0.222s] DEBUG:colcon.colcon_installed_package_information.package_discovery:Found 2 installed packages in /home/rick-sanchez/Desktop/MASLAB-clown-penis/ros2_ws/install
[0.223s] DEBUG:colcon.colcon_installed_package_information.package_discovery:Found 284 installed packages in /opt/ros/jazzy
[0.224s] Level 1:colcon.colcon_core.package_discovery:discover_packages(prefix_path) using defaults
[0.290s] Level 5:colcon.colcon_core.verb:set package 'fizzbuzz_interfaces' build argument 'cmake_args' from command line to 'None'
[0.290s] Level 5:colcon.colcon_core.verb:set package 'fizzbuzz_interfaces' build argument 'cmake_target' from command line to 'None'
[0.290s] Level 5:colcon.colcon_core.verb:set package 'fizzbuzz_interfaces' build argument 'cmake_target_skip_unavailable' from command line to 'False'
[0.290s] Level 5:colcon.colcon_core.verb:set package 'fizzbuzz_interfaces' build argument 'cmake_clean_cache' from command line to 'False'
[0.290s] Level 5:colcon.colcon_core.verb:set package 'fizzbuzz_interfaces' build argument 'cmake_clean_first' from command line to 'False'
[0.290s] Level 5:colcon.colcon_core.verb:set package 'fizzbuzz_interfaces' build argument 'cmake_force_configure' from command line to 'False'
[0.290s] Level 5:colcon.colcon_core.verb:set package 'fizzbuzz_interfaces' build argument 'ament_cmake_args' from command line to 'None'
[0.290s] Level 5:colcon.colcon_core.verb:set package 'fizzbuzz_interfaces' build argument 'catkin_cmake_args' from command line to 'None'
[0.290s] Level 5:colcon.colcon_core.verb:set package 'fizzbuzz_interfaces' build argument 'catkin_skip_building_tests' from command line to 'False'
[0.290s] DEBUG:colcon.colcon_core.verb:Building package 'fizzbuzz_interfaces' with the following arguments: {'ament_cmake_args': None, 'build_base': '/home/rick-sanchez/Desktop/MASLAB-clown-penis/ros2_ws/build/fizzbuzz_interfaces', 'catkin_cmake_args': None, 'catkin_skip_building_tests': False, 'cmake_args': None, 'cmake_clean_cache': False, 'cmake_clean_first': False, 'cmake_force_configure': False, 'cmake_target': None, 'cmake_target_skip_unavailable': False, 'install_base': '/home/rick-sanchez/Desktop/MASLAB-clown-penis/ros2_ws/install/fizzbuzz_interfaces', 'merge_install': False, 'path': '/home/rick-sanchez/Desktop/MASLAB-clown-penis/ros2_ws/src/fizzbuzz_interfaces', 'symlink_install': False, 'test_result_base': None}
[0.291s] Level 5:colcon.colcon_core.verb:set package 'fizzbuzz' build argument 'cmake_args' from command line to 'None'
[0.291s] Level 5:colcon.colcon_core.verb:set package 'fizzbuzz' build argument 'cmake_target' from command line to 'None'
[0.291s] Level 5:colcon.colcon_core.verb:set package 'fizzbuzz' build argument 'cmake_target_skip_unavailable' from command line to 'False'
[0.291s] Level 5:colcon.colcon_core.verb:set package 'fizzbuzz' build argument 'cmake_clean_cache' from command line to 'False'
[0.291s] Level 5:colcon.colcon_core.verb:set package 'fizzbuzz' build argument 'cmake_clean_first' from command line to 'False'
[0.291s] Level 5:colcon.colcon_core.verb:set package 'fizzbuzz' build argument 'cmake_force_configure' from command line to 'False'
[0.291s] Level 5:colcon.colcon_core.verb:set package 'fizzbuzz' build argument 'ament_cmake_args' from command line to 'None'
[0.291s] Level 5:colcon.colcon_core.verb:set package 'fizzbuzz' build argument 'catkin_cmake_args' from command line to 'None'
[0.291s] Level 5:colcon.colcon_core.verb:set package 'fizzbuzz' build argument 'catkin_skip_building_tests' from command line to 'False'
[0.291s] DEBUG:colcon.colcon_core.verb:Building package 'fizzbuzz' with the following arguments: {'ament_cmake_args': None, 'build_base': '/home/rick-sanchez/Desktop/MASLAB-clown-penis/ros2_ws/build/fizzbuzz', 'catkin_cmake_args': None, 'catkin_skip_building_tests': False, 'cmake_args': None, 'cmake_clean_cache': False, 'cmake_clean_first': False, 'cmake_force_configure': False, 'cmake_target': None, 'cmake_target_skip_unavailable': False, 'install_base': '/home/rick-sanchez/Desktop/MASLAB-clown-penis/ros2_ws/install/fizzbuzz', 'merge_install': False, 'path': '/home/rick-sanchez/Desktop/MASLAB-clown-penis/ros2_ws/src/fizzbuzz', 'symlink_install': False, 'test_result_base': None}
[0.291s] INFO:colcon.colcon_core.executor:Executing jobs using 'parallel' executor
[0.292s] DEBUG:colcon.colcon_parallel_executor.executor.parallel:run_until_complete
[0.292s] INFO:colcon.colcon_ros.task.ament_cmake.build:Building ROS package in '/home/rick-sanchez/Desktop/MASLAB-clown-penis/ros2_ws/src/fizzbuzz_interfaces' with build type 'ament_cmake'
[0.293s] INFO:colcon.colcon_cmake.task.cmake.build:Building CMake package in '/home/rick-sanchez/Desktop/MASLAB-clown-penis/ros2_ws/src/fizzbuzz_interfaces'
[0.295s] INFO:colcon.colcon_core.plugin_system:Skipping extension 'colcon_core.shell.bat': Not used on non-Windows systems
[0.295s] INFO:colcon.colcon_core.shell:Skip shell extension 'powershell' for command environment: Not usable outside of PowerShell
[0.295s] DEBUG:colcon.colcon_core.shell:Skip shell extension 'dsv' for command environment
[0.310s] DEBUG:colcon.colcon_core.event_handler.log_command:Invoking command in '/home/rick-sanchez/Desktop/MASLAB-clown-penis/ros2_ws/build/fizzbuzz_interfaces': CMAKE_PREFIX_PATH=${CMAKE_PREFIX_PATH}:/home/rick-sanchez/Desktop/MASLAB-clown-penis/ros2_ws/install/fizzbuzz:/home/rick-sanchez/Desktop/MASLAB-clown-penis/ros/ros2_ws/install/fizzbuzz:/home/rick-sanchez/Desktop/MASLAB-clown-penis/ros/ROS2_FizzBuzz_tutorial/install/fizzbuzz:/opt/ros/jazzy DEBUGINFOD_URLS=https://debuginfod.ubuntu.com _=/usr/bin/env /usr/bin/cmake --build /home/rick-sanchez/Desktop/MASLAB-clown-penis/ros2_ws/build/fizzbuzz_interfaces -- -j8 -l8
[0.799s] DEBUG:colcon.colcon_core.event_handler.log_command:Invoked command in '/home/rick-sanchez/Desktop/MASLAB-clown-penis/ros2_ws/build/fizzbuzz_interfaces' returned '0': CMAKE_PREFIX_PATH=${CMAKE_PREFIX_PATH}:/home/rick-sanchez/Desktop/MASLAB-clown-penis/ros2_ws/install/fizzbuzz:/home/rick-sanchez/Desktop/MASLAB-clown-penis/ros/ros2_ws/install/fizzbuzz:/home/rick-sanchez/Desktop/MASLAB-clown-penis/ros/ROS2_FizzBuzz_tutorial/install/fizzbuzz:/opt/ros/jazzy DEBUGINFOD_URLS=https://debuginfod.ubuntu.com _=/usr/bin/env /usr/bin/cmake --build /home/rick-sanchez/Desktop/MASLAB-clown-penis/ros2_ws/build/fizzbuzz_interfaces -- -j8 -l8
[0.816s] DEBUG:colcon.colcon_core.event_handler.log_command:Invoking command in '/home/rick-sanchez/Desktop/MASLAB-clown-penis/ros2_ws/build/fizzbuzz_interfaces': CMAKE_PREFIX_PATH=${CMAKE_PREFIX_PATH}:/home/rick-sanchez/Desktop/MASLAB-clown-penis/ros2_ws/install/fizzbuzz:/home/rick-sanchez/Desktop/MASLAB-clown-penis/ros/ros2_ws/install/fizzbuzz:/home/rick-sanchez/Desktop/MASLAB-clown-penis/ros/ROS2_FizzBuzz_tutorial/install/fizzbuzz:/opt/ros/jazzy DEBUGINFOD_URLS=https://debuginfod.ubuntu.com _=/usr/bin/env /usr/bin/cmake --install /home/rick-sanchez/Desktop/MASLAB-clown-penis/ros2_ws/build/fizzbuzz_interfaces
[0.890s] Level 1:colcon.colcon_core.environment:create_environment_scripts_only(fizzbuzz_interfaces)
[0.891s] DEBUG:colcon.colcon_core.event_handler.log_command:Invoked command in '/home/rick-sanchez/Desktop/MASLAB-clown-penis/ros2_ws/build/fizzbuzz_interfaces' returned '0': CMAKE_PREFIX_PATH=${CMAKE_PREFIX_PATH}:/home/rick-sanchez/Desktop/MASLAB-clown-penis/ros2_ws/install/fizzbuzz:/home/rick-sanchez/Desktop/MASLAB-clown-penis/ros/ros2_ws/install/fizzbuzz:/home/rick-sanchez/Desktop/MASLAB-clown-penis/ros/ROS2_FizzBuzz_tutorial/install/fizzbuzz:/opt/ros/jazzy DEBUGINFOD_URLS=https://debuginfod.ubuntu.com _=/usr/bin/env /usr/bin/cmake --install /home/rick-sanchez/Desktop/MASLAB-clown-penis/ros2_ws/build/fizzbuzz_interfaces
[0.894s] Level 1:colcon.colcon_core.environment:checking '/home/rick-sanchez/Desktop/MASLAB-clown-penis/ros2_ws/install/fizzbuzz_interfaces' for CMake module files
[0.895s] Level 1:colcon.colcon_core.environment:checking '/home/rick-sanchez/Desktop/MASLAB-clown-penis/ros2_ws/install/fizzbuzz_interfaces' for CMake config files
[0.895s] Level 1:colcon.colcon_core.shell:create_environment_hook('fizzbuzz_interfaces', 'cmake_prefix_path')
[0.896s] INFO:colcon.colcon_core.shell:Creating environment hook '/home/rick-sanchez/Desktop/MASLAB-clown-penis/ros2_ws/install/fizzbuzz_interfaces/share/fizzbuzz_interfaces/hook/cmake_prefix_path.ps1'
[0.897s] INFO:colcon.colcon_core.shell:Creating environment descriptor '/home/rick-sanchez/Desktop/MASLAB-clown-penis/ros2_ws/install/fizzbuzz_interfaces/share/fizzbuzz_interfaces/hook/cmake_prefix_path.dsv'
[0.897s] INFO:colcon.colcon_core.shell:Creating environment hook '/home/rick-sanchez/Desktop/MASLAB-clown-penis/ros2_ws/install/fizzbuzz_interfaces/share/fizzbuzz_interfaces/hook/cmake_prefix_path.sh'
[0.898s] Level 1:colcon.colcon_core.environment:checking '/home/rick-sanchez/Desktop/MASLAB-clown-penis/ros2_ws/install/fizzbuzz_interfaces/lib'
[0.899s] Level 1:colcon.colcon_core.shell:create_environment_hook('fizzbuzz_interfaces', 'ld_library_path_lib')
[0.899s] INFO:colcon.colcon_core.shell:Creating environment hook '/home/rick-sanchez/Desktop/MASLAB-clown-penis/ros2_ws/install/fizzbuzz_interfaces/share/fizzbuzz_interfaces/hook/ld_library_path_lib.ps1'
[0.900s] INFO:colcon.colcon_core.shell:Creating environment descriptor '/home/rick-sanchez/Desktop/MASLAB-clown-penis/ros2_ws/install/fizzbuzz_interfaces/share/fizzbuzz_interfaces/hook/ld_library_path_lib.dsv'
[0.900s] INFO:colcon.colcon_core.shell:Creating environment hook '/home/rick-sanchez/Desktop/MASLAB-clown-penis/ros2_ws/install/fizzbuzz_interfaces/share/fizzbuzz_interfaces/hook/ld_library_path_lib.sh'
[0.901s] Level 1:colcon.colcon_core.environment:checking '/home/rick-sanchez/Desktop/MASLAB-clown-penis/ros2_ws/install/fizzbuzz_interfaces/bin'
[0.901s] Level 1:colcon.colcon_core.environment:checking '/home/rick-sanchez/Desktop/MASLAB-clown-penis/ros2_ws/install/fizzbuzz_interfaces/lib/pkgconfig/fizzbuzz_interfaces.pc'
[0.901s] Level 1:colcon.colcon_core.environment:checking '/home/rick-sanchez/Desktop/MASLAB-clown-penis/ros2_ws/install/fizzbuzz_interfaces/lib/python3.12/site-packages'
[0.901s] Level 1:colcon.colcon_core.shell:create_environment_hook('fizzbuzz_interfaces', 'pythonpath')
[0.901s] INFO:colcon.colcon_core.shell:Creating environment hook '/home/rick-sanchez/Desktop/MASLAB-clown-penis/ros2_ws/install/fizzbuzz_interfaces/share/fizzbuzz_interfaces/hook/pythonpath.ps1'
[0.902s] INFO:colcon.colcon_core.shell:Creating environment descriptor '/home/rick-sanchez/Desktop/MASLAB-clown-penis/ros2_ws/install/fizzbuzz_interfaces/share/fizzbuzz_interfaces/hook/pythonpath.dsv'
[0.902s] INFO:colcon.colcon_core.shell:Creating environment hook '/home/rick-sanchez/Desktop/MASLAB-clown-penis/ros2_ws/install/fizzbuzz_interfaces/share/fizzbuzz_interfaces/hook/pythonpath.sh'
[0.903s] Level 1:colcon.colcon_core.environment:checking '/home/rick-sanchez/Desktop/MASLAB-clown-penis/ros2_ws/install/fizzbuzz_interfaces/bin'
[0.903s] INFO:colcon.colcon_core.shell:Creating package script '/home/rick-sanchez/Desktop/MASLAB-clown-penis/ros2_ws/install/fizzbuzz_interfaces/share/fizzbuzz_interfaces/package.ps1'
[0.905s] INFO:colcon.colcon_core.shell:Creating package descriptor '/home/rick-sanchez/Desktop/MASLAB-clown-penis/ros2_ws/install/fizzbuzz_interfaces/share/fizzbuzz_interfaces/package.dsv'
[0.906s] INFO:colcon.colcon_core.shell:Creating package script '/home/rick-sanchez/Desktop/MASLAB-clown-penis/ros2_ws/install/fizzbuzz_interfaces/share/fizzbuzz_interfaces/package.sh'
[0.907s] INFO:colcon.colcon_core.shell:Creating package script '/home/rick-sanchez/Desktop/MASLAB-clown-penis/ros2_ws/install/fizzbuzz_interfaces/share/fizzbuzz_interfaces/package.bash'
[0.907s] INFO:colcon.colcon_core.shell:Creating package script '/home/rick-sanchez/Desktop/MASLAB-clown-penis/ros2_ws/install/fizzbuzz_interfaces/share/fizzbuzz_interfaces/package.zsh'
[0.908s] Level 1:colcon.colcon_core.environment:create_file_with_runtime_dependencies(/home/rick-sanchez/Desktop/MASLAB-clown-penis/ros2_ws/install/fizzbuzz_interfaces/share/colcon-core/packages/fizzbuzz_interfaces)
[0.909s] Level 1:colcon.colcon_core.environment:create_environment_scripts_only(fizzbuzz_interfaces)
[0.909s] Level 1:colcon.colcon_core.environment:checking '/home/rick-sanchez/Desktop/MASLAB-clown-penis/ros2_ws/install/fizzbuzz_interfaces' for CMake module files
[0.910s] Level 1:colcon.colcon_core.environment:checking '/home/rick-sanchez/Desktop/MASLAB-clown-penis/ros2_ws/install/fizzbuzz_interfaces' for CMake config files
[0.910s] Level 1:colcon.colcon_core.shell:create_environment_hook('fizzbuzz_interfaces', 'cmake_prefix_path')
[0.911s] INFO:colcon.colcon_core.shell:Creating environment hook '/home/rick-sanchez/Desktop/MASLAB-clown-penis/ros2_ws/install/fizzbuzz_interfaces/share/fizzbuzz_interfaces/hook/cmake_prefix_path.ps1'
[0.911s] INFO:colcon.colcon_core.shell:Creating environment descriptor '/home/rick-sanchez/Desktop/MASLAB-clown-penis/ros2_ws/install/fizzbuzz_interfaces/share/fizzbuzz_interfaces/hook/cmake_prefix_path.dsv'
[0.911s] INFO:colcon.colcon_core.shell:Creating environment hook '/home/rick-sanchez/Desktop/MASLAB-clown-penis/ros2_ws/install/fizzbuzz_interfaces/share/fizzbuzz_interfaces/hook/cmake_prefix_path.sh'
[0.912s] Level 1:colcon.colcon_core.environment:checking '/home/rick-sanchez/Desktop/MASLAB-clown-penis/ros2_ws/install/fizzbuzz_interfaces/lib'
[0.912s] Level 1:colcon.colcon_core.shell:create_environment_hook('fizzbuzz_interfaces', 'ld_library_path_lib')
[0.912s] INFO:colcon.colcon_core.shell:Creating environment hook '/home/rick-sanchez/Desktop/MASLAB-clown-penis/ros2_ws/install/fizzbuzz_interfaces/share/fizzbuzz_interfaces/hook/ld_library_path_lib.ps1'
[0.913s] INFO:colcon.colcon_core.shell:Creating environment descriptor '/home/rick-sanchez/Desktop/MASLAB-clown-penis/ros2_ws/install/fizzbuzz_interfaces/share/fizzbuzz_interfaces/hook/ld_library_path_lib.dsv'
[0.913s] INFO:colcon.colcon_core.shell:Creating environment hook '/home/rick-sanchez/Desktop/MASLAB-clown-penis/ros2_ws/install/fizzbuzz_interfaces/share/fizzbuzz_interfaces/hook/ld_library_path_lib.sh'
[0.913s] Level 1:colcon.colcon_core.environment:checking '/home/rick-sanchez/Desktop/MASLAB-clown-penis/ros2_ws/install/fizzbuzz_interfaces/bin'
[0.913s] Level 1:colcon.colcon_core.environment:checking '/home/rick-sanchez/Desktop/MASLAB-clown-penis/ros2_ws/install/fizzbuzz_interfaces/lib/pkgconfig/fizzbuzz_interfaces.pc'
[0.914s] Level 1:colcon.colcon_core.environment:checking '/home/rick-sanchez/Desktop/MASLAB-clown-penis/ros2_ws/install/fizzbuzz_interfaces/lib/python3.12/site-packages'
[0.914s] Level 1:colcon.colcon_core.shell:create_environment_hook('fizzbuzz_interfaces', 'pythonpath')
[0.914s] INFO:colcon.colcon_core.shell:Creating environment hook '/home/rick-sanchez/Desktop/MASLAB-clown-penis/ros2_ws/install/fizzbuzz_interfaces/share/fizzbuzz_interfaces/hook/pythonpath.ps1'
[0.914s] INFO:colcon.colcon_core.shell:Creating environment descriptor '/home/rick-sanchez/Desktop/MASLAB-clown-penis/ros2_ws/install/fizzbuzz_interfaces/share/fizzbuzz_interfaces/hook/pythonpath.dsv'
[0.915s] INFO:colcon.colcon_core.shell:Creating environment hook '/home/rick-sanchez/Desktop/MASLAB-clown-penis/ros2_ws/install/fizzbuzz_interfaces/share/fizzbuzz_interfaces/hook/pythonpath.sh'
[0.915s] Level 1:colcon.colcon_core.environment:checking '/home/rick-sanchez/Desktop/MASLAB-clown-penis/ros2_ws/install/fizzbuzz_interfaces/bin'
[0.916s] INFO:colcon.colcon_core.shell:Creating package script '/home/rick-sanchez/Desktop/MASLAB-clown-penis/ros2_ws/install/fizzbuzz_interfaces/share/fizzbuzz_interfaces/package.ps1'
[0.916s] INFO:colcon.colcon_core.shell:Creating package descriptor '/home/rick-sanchez/Desktop/MASLAB-clown-penis/ros2_ws/install/fizzbuzz_interfaces/share/fizzbuzz_interfaces/package.dsv'
[0.917s] INFO:colcon.colcon_core.shell:Creating package script '/home/rick-sanchez/Desktop/MASLAB-clown-penis/ros2_ws/install/fizzbuzz_interfaces/share/fizzbuzz_interfaces/package.sh'
[0.917s] INFO:colcon.colcon_core.shell:Creating package script '/home/rick-sanchez/Desktop/MASLAB-clown-penis/ros2_ws/install/fizzbuzz_interfaces/share/fizzbuzz_interfaces/package.bash'
[0.917s] INFO:colcon.colcon_core.shell:Creating package script '/home/rick-sanchez/Desktop/MASLAB-clown-penis/ros2_ws/install/fizzbuzz_interfaces/share/fizzbuzz_interfaces/package.zsh'
[0.918s] Level 1:colcon.colcon_core.environment:create_file_with_runtime_dependencies(/home/rick-sanchez/Desktop/MASLAB-clown-penis/ros2_ws/install/fizzbuzz_interfaces/share/colcon-core/packages/fizzbuzz_interfaces)
[0.919s] INFO:colcon.colcon_ros.task.ament_python.build:Building ROS package in '/home/rick-sanchez/Desktop/MASLAB-clown-penis/ros2_ws/src/fizzbuzz' with build type 'ament_python'
[0.919s] Level 1:colcon.colcon_core.shell:create_environment_hook('fizzbuzz', 'ament_prefix_path')
[0.919s] INFO:colcon.colcon_core.shell:Creating environment hook '/home/rick-sanchez/Desktop/MASLAB-clown-penis/ros2_ws/install/fizzbuzz/share/fizzbuzz/hook/ament_prefix_path.ps1'
[0.920s] INFO:colcon.colcon_core.shell:Creating environment descriptor '/home/rick-sanchez/Desktop/MASLAB-clown-penis/ros2_ws/install/fizzbuzz/share/fizzbuzz/hook/ament_prefix_path.dsv'
[0.920s] INFO:colcon.colcon_core.shell:Creating environment hook '/home/rick-sanchez/Desktop/MASLAB-clown-penis/ros2_ws/install/fizzbuzz/share/fizzbuzz/hook/ament_prefix_path.sh'
[0.921s] INFO:colcon.colcon_core.shell:Skip shell extension 'powershell' for command environment: Not usable outside of PowerShell
[0.921s] DEBUG:colcon.colcon_core.shell:Skip shell extension 'dsv' for command environment
[1.189s] INFO:colcon.colcon_core.task.python.build:Building Python package in '/home/rick-sanchez/Desktop/MASLAB-clown-penis/ros2_ws/src/fizzbuzz'
[1.189s] INFO:colcon.colcon_core.shell:Skip shell extension 'powershell' for command environment: Not usable outside of PowerShell
[1.189s] DEBUG:colcon.colcon_core.shell:Skip shell extension 'dsv' for command environment
[1.868s] DEBUG:colcon.colcon_core.event_handler.log_command:Invoking command in '/home/rick-sanchez/Desktop/MASLAB-clown-penis/ros2_ws/src/fizzbuzz': DEBUGINFOD_URLS=https://debuginfod.ubuntu.com LD_LIBRARY_PATH=/home/rick-sanchez/Desktop/MASLAB-clown-penis/ros2_ws/install/fizzbuzz_interfaces/lib:/home/rick-sanchez/Desktop/transformer/simaliar/libraries/libtorch/lib:/home/rick-sanchez/Desktop/MASLAB-clown-penis/ros/ros2_ws/install/fizzbuzz_interfaces/lib:/home/rick-sanchez/Desktop/MASLAB-clown-penis/ros/ROS2_FizzBuzz_tutorial/install/fizzbuzz_interfaces/lib:/opt/ros/jazzy/opt/rviz_ogre_vendor/lib:/opt/ros/jazzy/lib/x86_64-linux-gnu:/opt/ros/jazzy/opt/gz_math_vendor/lib:/opt/ros/jazzy/opt/gz_utils_vendor/lib:/opt/ros/jazzy/opt/gz_cmake_vendor/lib:/opt/ros/jazzy/lib:/home/rick-sanchez/Desktop/transformer/simaliar/libraries/libtorch/lib:/home/rick-sanchez/Desktop/transformer/simaliar/libraries/libtorch/lib:/home/rick-sanchez/Desktop/transformer/simaliar/libraries/libtorch/lib:/home/rick-sanchez/Desktop/transformer/simaliar/libraries/libtorch/lib PYTHONPATH=/home/rick-sanchez/Desktop/MASLAB-clown-penis/ros2_ws/build/fizzbuzz/prefix_override:/usr/lib/python3/dist-packages/colcon_core/task/python/colcon_distutils_commands:/home/rick-sanchez/Desktop/MASLAB-clown-penis/ros2_ws/install/fizzbuzz/lib/python3.12/site-packages:/home/rick-sanchez/Desktop/MASLAB-clown-penis/ros2_ws/install/fizzbuzz_interfaces/lib/python3.12/site-packages:/home/rick-sanchez/Desktop/MASLAB-clown-penis/ros2_ws/install/fizzbuzz/lib/python3.12/site-packages:/home/rick-sanchez/Desktop/MASLAB-clown-penis/ros/ros2_ws/install/fizzbuzz/lib/python3.12/site-packages:/home/rick-sanchez/Desktop/MASLAB-clown-penis/ros/ros2_ws/install/fizzbuzz_interfaces/lib/python3.12/site-packages:/home/rick-sanchez/Desktop/MASLAB-clown-penis/ros/ROS2_FizzBuzz_tutorial/install/fizzbuzz/lib/python3.12/site-packages:/home/rick-sanchez/Desktop/MASLAB-clown-penis/ros/ROS2_FizzBuzz_tutorial/install/fizzbuzz_interfaces/lib/python3.12/site-packages:/opt/ros/jazzy/lib/python3.12/site-packages _=/usr/bin/env /usr/bin/python3 -W ignore:setup.py install is deprecated -W ignore:easy_install command is deprecated setup.py egg_info --egg-base ../../build/fizzbuzz build --build-base /home/rick-sanchez/Desktop/MASLAB-clown-penis/ros2_ws/build/fizzbuzz/build install --record /home/rick-sanchez/Desktop/MASLAB-clown-penis/ros2_ws/build/fizzbuzz/install.log --single-version-externally-managed install_data
[2.458s] Level 1:colcon.colcon_core.environment:checking '/home/rick-sanchez/Desktop/MASLAB-clown-penis/ros2_ws/install/fizzbuzz' for CMake module files
[2.459s] DEBUG:colcon.colcon_core.event_handler.log_command:Invoked command in '/home/rick-sanchez/Desktop/MASLAB-clown-penis/ros2_ws/src/fizzbuzz' returned '0': DEBUGINFOD_URLS=https://debuginfod.ubuntu.com LD_LIBRARY_PATH=/home/rick-sanchez/Desktop/MASLAB-clown-penis/ros2_ws/install/fizzbuzz_interfaces/lib:/home/rick-sanchez/Desktop/transformer/simaliar/libraries/libtorch/lib:/home/rick-sanchez/Desktop/MASLAB-clown-penis/ros/ros2_ws/install/fizzbuzz_interfaces/lib:/home/rick-sanchez/Desktop/MASLAB-clown-penis/ros/ROS2_FizzBuzz_tutorial/install/fizzbuzz_interfaces/lib:/opt/ros/jazzy/opt/rviz_ogre_vendor/lib:/opt/ros/jazzy/lib/x86_64-linux-gnu:/opt/ros/jazzy/opt/gz_math_vendor/lib:/opt/ros/jazzy/opt/gz_utils_vendor/lib:/opt/ros/jazzy/opt/gz_cmake_vendor/lib:/opt/ros/jazzy/lib:/home/rick-sanchez/Desktop/transformer/simaliar/libraries/libtorch/lib:/home/rick-sanchez/Desktop/transformer/simaliar/libraries/libtorch/lib:/home/rick-sanchez/Desktop/transformer/simaliar/libraries/libtorch/lib:/home/rick-sanchez/Desktop/transformer/simaliar/libraries/libtorch/lib PYTHONPATH=/home/rick-sanchez/Desktop/MASLAB-clown-penis/ros2_ws/build/fizzbuzz/prefix_override:/usr/lib/python3/dist-packages/colcon_core/task/python/colcon_distutils_commands:/home/rick-sanchez/Desktop/MASLAB-clown-penis/ros2_ws/install/fizzbuzz/lib/python3.12/site-packages:/home/rick-sanchez/Desktop/MASLAB-clown-penis/ros2_ws/install/fizzbuzz_interfaces/lib/python3.12/site-packages:/home/rick-sanchez/Desktop/MASLAB-clown-penis/ros2_ws/install/fizzbuzz/lib/python3.12/site-packages:/home/rick-sanchez/Desktop/MASLAB-clown-penis/ros/ros2_ws/install/fizzbuzz/lib/python3.12/site-packages:/home/rick-sanchez/Desktop/MASLAB-clown-penis/ros/ros2_ws/install/fizzbuzz_interfaces/lib/python3.12/site-packages:/home/rick-sanchez/Desktop/MASLAB-clown-penis/ros/ROS2_FizzBuzz_tutorial/install/fizzbuzz/lib/python3.12/site-packages:/home/rick-sanchez/Desktop/MASLAB-clown-penis/ros/ROS2_FizzBuzz_tutorial/install/fizzbuzz_interfaces/lib/python3.12/site-packages:/opt/ros/jazzy/lib/python3.12/site-packages _=/usr/bin/env /usr/bin/python3 -W ignore:setup.py install is deprecated -W ignore:easy_install command is deprecated setup.py egg_info --egg-base ../../build/fizzbuzz build --build-base /home/rick-sanchez/Desktop/MASLAB-clown-penis/ros2_ws/build/fizzbuzz/build install --record /home/rick-sanchez/Desktop/MASLAB-clown-penis/ros2_ws/build/fizzbuzz/install.log --single-version-externally-managed install_data
[2.459s] Level 1:colcon.colcon_core.environment:checking '/home/rick-sanchez/Desktop/MASLAB-clown-penis/ros2_ws/install/fizzbuzz' for CMake config files
[2.460s] Level 1:colcon.colcon_core.environment:checking '/home/rick-sanchez/Desktop/MASLAB-clown-penis/ros2_ws/install/fizzbuzz/lib'
[2.460s] Level 1:colcon.colcon_core.environment:checking '/home/rick-sanchez/Desktop/MASLAB-clown-penis/ros2_ws/install/fizzbuzz/bin'
[2.460s] Level 1:colcon.colcon_core.environment:checking '/home/rick-sanchez/Desktop/MASLAB-clown-penis/ros2_ws/install/fizzbuzz/lib/pkgconfig/fizzbuzz.pc'
[2.460s] Level 1:colcon.colcon_core.environment:checking '/home/rick-sanchez/Desktop/MASLAB-clown-penis/ros2_ws/install/fizzbuzz/lib/python3.12/site-packages'
[2.461s] Level 1:colcon.colcon_core.shell:create_environment_hook('fizzbuzz', 'pythonpath')
[2.461s] INFO:colcon.colcon_core.shell:Creating environment hook '/home/rick-sanchez/Desktop/MASLAB-clown-penis/ros2_ws/install/fizzbuzz/share/fizzbuzz/hook/pythonpath.ps1'
[2.461s] INFO:colcon.colcon_core.shell:Creating environment descriptor '/home/rick-sanchez/Desktop/MASLAB-clown-penis/ros2_ws/install/fizzbuzz/share/fizzbuzz/hook/pythonpath.dsv'
[2.462s] INFO:colcon.colcon_core.shell:Creating environment hook '/home/rick-sanchez/Desktop/MASLAB-clown-penis/ros2_ws/install/fizzbuzz/share/fizzbuzz/hook/pythonpath.sh'
[2.463s] Level 1:colcon.colcon_core.environment:checking '/home/rick-sanchez/Desktop/MASLAB-clown-penis/ros2_ws/install/fizzbuzz/bin'
[2.463s] Level 1:colcon.colcon_core.environment:create_environment_scripts_only(fizzbuzz)
[2.463s] INFO:colcon.colcon_core.shell:Creating package script '/home/rick-sanchez/Desktop/MASLAB-clown-penis/ros2_ws/install/fizzbuzz/share/fizzbuzz/package.ps1'
[2.463s] INFO:colcon.colcon_core.shell:Creating package descriptor '/home/rick-sanchez/Desktop/MASLAB-clown-penis/ros2_ws/install/fizzbuzz/share/fizzbuzz/package.dsv'
[2.464s] INFO:colcon.colcon_core.shell:Creating package script '/home/rick-sanchez/Desktop/MASLAB-clown-penis/ros2_ws/install/fizzbuzz/share/fizzbuzz/package.sh'
[2.464s] INFO:colcon.colcon_core.shell:Creating package script '/home/rick-sanchez/Desktop/MASLAB-clown-penis/ros2_ws/install/fizzbuzz/share/fizzbuzz/package.bash'
[2.465s] INFO:colcon.colcon_core.shell:Creating package script '/home/rick-sanchez/Desktop/MASLAB-clown-penis/ros2_ws/install/fizzbuzz/share/fizzbuzz/package.zsh'
[2.465s] Level 1:colcon.colcon_core.environment:create_file_with_runtime_dependencies(/home/rick-sanchez/Desktop/MASLAB-clown-penis/ros2_ws/install/fizzbuzz/share/colcon-core/packages/fizzbuzz)
[2.465s] DEBUG:colcon.colcon_parallel_executor.executor.parallel:closing loop
[2.465s] DEBUG:colcon.colcon_parallel_executor.executor.parallel:loop closed
[2.466s] DEBUG:colcon.colcon_parallel_executor.executor.parallel:run_until_complete finished with '0'
[2.466s] DEBUG:colcon.colcon_core.event_reactor:joining thread
[2.472s] INFO:colcon.colcon_core.plugin_system:Skipping extension 'colcon_notification.desktop_notification.terminal_notifier': Not used on non-Darwin systems
[2.472s] INFO:colcon.colcon_core.plugin_system:Skipping extension 'colcon_notification.desktop_notification.win32': Not used on non-Windows systems
[2.472s] INFO:colcon.colcon_notification.desktop_notification:Sending desktop notification using 'notify2'
[2.492s] DEBUG:colcon.colcon_core.event_reactor:joined thread
[2.492s] INFO:colcon.colcon_core.shell:Creating prefix script '/home/rick-sanchez/Desktop/MASLAB-clown-penis/ros2_ws/install/local_setup.ps1'
[2.493s] INFO:colcon.colcon_core.shell:Creating prefix util module '/home/rick-sanchez/Desktop/MASLAB-clown-penis/ros2_ws/install/_local_setup_util_ps1.py'
[2.494s] INFO:colcon.colcon_core.shell:Creating prefix chain script '/home/rick-sanchez/Desktop/MASLAB-clown-penis/ros2_ws/install/setup.ps1'
[2.497s] INFO:colcon.colcon_core.shell:Creating prefix script '/home/rick-sanchez/Desktop/MASLAB-clown-penis/ros2_ws/install/local_setup.sh'
[2.498s] INFO:colcon.colcon_core.shell:Creating prefix util module '/home/rick-sanchez/Desktop/MASLAB-clown-penis/ros2_ws/install/_local_setup_util_sh.py'
[2.499s] INFO:colcon.colcon_core.shell:Creating prefix chain script '/home/rick-sanchez/Desktop/MASLAB-clown-penis/ros2_ws/install/setup.sh'
[2.500s] INFO:colcon.colcon_core.shell:Creating prefix script '/home/rick-sanchez/Desktop/MASLAB-clown-penis/ros2_ws/install/local_setup.bash'
[2.501s] INFO:colcon.colcon_core.shell:Creating prefix chain script '/home/rick-sanchez/Desktop/MASLAB-clown-penis/ros2_ws/install/setup.bash'
[2.502s] INFO:colcon.colcon_core.shell:Creating prefix script '/home/rick-sanchez/Desktop/MASLAB-clown-penis/ros2_ws/install/local_setup.zsh'
[2.503s] INFO:colcon.colcon_core.shell:Creating prefix chain script '/home/rick-sanchez/Desktop/MASLAB-clown-penis/ros2_ws/install/setup.zsh'
