[0.114s] DEBUG:colcon:Command line arguments: ['/usr/bin/colcon', 'build']
[0.114s] DEBUG:colcon:Parsed command line arguments: Namespace(log_base=None, log_level=None, verb_name='build', build_base='build', install_base='install', merge_install=False, symlink_install=False, test_result_base=None, continue_on_error=False, executor='parallel', parallel_workers=8, event_handlers=None, ignore_user_meta=False, metas=['./colcon.meta'], base_paths=['.'], packages_ignore=None, packages_ignore_regex=None, paths=None, packages_up_to=None, packages_up_to_regex=None, packages_above=None, packages_above_and_dependencies=None, packages_above_depth=None, packages_select_by_dep=None, packages_skip_by_dep=None, packages_skip_up_to=None, packages_select_build_failed=False, packages_skip_build_finished=False, packages_select_test_failures=False, packages_skip_test_passed=False, packages_select=None, packages_skip=None, packages_select_regex=None, packages_skip_regex=None, packages_start=None, packages_end=None, allow_overriding=[], cmake_args=None, cmake_target=None, cmake_target_skip_unavailable=False, cmake_clean_cache=False, cmake_clean_first=False, cmake_force_configure=False, ament_cmake_args=None, catkin_cmake_args=None, catkin_skip_building_tests=False, verb_parser=<colcon_defaults.argument_parser.defaults.DefaultArgumentsDecorator object at 0x799261b440b0>, verb_extension=<colcon_core.verb.build.BuildVerb object at 0x799261cb8f80>, main=<bound method BuildVerb.main of <colcon_core.verb.build.BuildVerb object at 0x799261cb8f80>>)
[0.160s] Level 1:colcon.colcon_core.package_discovery:discover_packages(colcon_meta) check parameters
[0.160s] Level 1:colcon.colcon_core.package_discovery:discover_packages(recursive) check parameters
[0.160s] Level 1:colcon.colcon_core.package_discovery:discover_packages(ignore) check parameters
[0.160s] Level 1:colcon.colcon_core.package_discovery:discover_packages(path) check parameters
[0.160s] Level 1:colcon.colcon_core.package_discovery:discover_packages(colcon_meta) discover
[0.160s] Level 1:colcon.colcon_core.package_discovery:discover_packages(recursive) discover
[0.160s] INFO:colcon.colcon_core.package_discovery:Crawling recursively for packages in '/home/rick-sanchez/Desktop/MASLAB-clown-penis/ros2_ws'
[0.160s] Level 1:colcon.colcon_core.package_identification:_identify(.) by extensions ['ignore', 'ignore_ament_install']
[0.160s] Level 1:colcon.colcon_core.package_identification:_identify(.) by extension 'ignore'
[0.160s] Level 1:colcon.colcon_core.package_identification:_identify(.) by extension 'ignore_ament_install'
[0.160s] Level 1:colcon.colcon_core.package_identification:_identify(.) by extensions ['colcon_pkg']
[0.160s] Level 1:colcon.colcon_core.package_identification:_identify(.) by extension 'colcon_pkg'
[0.161s] Level 1:colcon.colcon_core.package_identification:_identify(.) by extensions ['colcon_meta']
[0.161s] Level 1:colcon.colcon_core.package_identification:_identify(.) by extension 'colcon_meta'
[0.161s] Level 1:colcon.colcon_core.package_identification:_identify(.) by extensions ['ros']
[0.161s] Level 1:colcon.colcon_core.package_identification:_identify(.) by extension 'ros'
[0.192s] Level 1:colcon.colcon_core.package_identification:_identify(.) by extensions ['cmake', 'python']
[0.192s] Level 1:colcon.colcon_core.package_identification:_identify(.) by extension 'cmake'
[0.192s] Level 1:colcon.colcon_core.package_identification:_identify(.) by extension 'python'
[0.192s] Level 1:colcon.colcon_core.package_identification:_identify(.) by extensions ['python_setup_py']
[0.192s] Level 1:colcon.colcon_core.package_identification:_identify(.) by extension 'python_setup_py'
[0.192s] Level 1:colcon.colcon_core.package_identification:_identify(build) by extensions ['ignore', 'ignore_ament_install']
[0.193s] Level 1:colcon.colcon_core.package_identification:_identify(build) by extension 'ignore'
[0.193s] Level 1:colcon.colcon_core.package_identification:_identify(build) ignored
[0.193s] Level 1:colcon.colcon_core.package_identification:_identify(install) by extensions ['ignore', 'ignore_ament_install']
[0.193s] Level 1:colcon.colcon_core.package_identification:_identify(install) by extension 'ignore'
[0.193s] Level 1:colcon.colcon_core.package_identification:_identify(install) ignored
[0.193s] Level 1:colcon.colcon_core.package_identification:_identify(log) by extensions ['ignore', 'ignore_ament_install']
[0.193s] Level 1:colcon.colcon_core.package_identification:_identify(log) by extension 'ignore'
[0.193s] Level 1:colcon.colcon_core.package_identification:_identify(log) ignored
[0.193s] Level 1:colcon.colcon_core.package_identification:_identify(src) by extensions ['ignore', 'ignore_ament_install']
[0.193s] Level 1:colcon.colcon_core.package_identification:_identify(src) by extension 'ignore'
[0.193s] Level 1:colcon.colcon_core.package_identification:_identify(src) by extension 'ignore_ament_install'
[0.193s] Level 1:colcon.colcon_core.package_identification:_identify(src) by extensions ['colcon_pkg']
[0.194s] Level 1:colcon.colcon_core.package_identification:_identify(src) by extension 'colcon_pkg'
[0.194s] Level 1:colcon.colcon_core.package_identification:_identify(src) by extensions ['colcon_meta']
[0.194s] Level 1:colcon.colcon_core.package_identification:_identify(src) by extension 'colcon_meta'
[0.194s] Level 1:colcon.colcon_core.package_identification:_identify(src) by extensions ['ros']
[0.194s] Level 1:colcon.colcon_core.package_identification:_identify(src) by extension 'ros'
[0.194s] Level 1:colcon.colcon_core.package_identification:_identify(src) by extensions ['cmake', 'python']
[0.194s] Level 1:colcon.colcon_core.package_identification:_identify(src) by extension 'cmake'
[0.194s] Level 1:colcon.colcon_core.package_identification:_identify(src) by extension 'python'
[0.194s] Level 1:colcon.colcon_core.package_identification:_identify(src) by extensions ['python_setup_py']
[0.194s] Level 1:colcon.colcon_core.package_identification:_identify(src) by extension 'python_setup_py'
[0.194s] Level 1:colcon.colcon_core.package_identification:_identify(src/fizzbuzz) by extensions ['ignore', 'ignore_ament_install']
[0.194s] Level 1:colcon.colcon_core.package_identification:_identify(src/fizzbuzz) by extension 'ignore'
[0.194s] Level 1:colcon.colcon_core.package_identification:_identify(src/fizzbuzz) by extension 'ignore_ament_install'
[0.194s] Level 1:colcon.colcon_core.package_identification:_identify(src/fizzbuzz) by extensions ['colcon_pkg']
[0.194s] Level 1:colcon.colcon_core.package_identification:_identify(src/fizzbuzz) by extension 'colcon_pkg'
[0.194s] Level 1:colcon.colcon_core.package_identification:_identify(src/fizzbuzz) by extensions ['colcon_meta']
[0.194s] Level 1:colcon.colcon_core.package_identification:_identify(src/fizzbuzz) by extension 'colcon_meta'
[0.194s] Level 1:colcon.colcon_core.package_identification:_identify(src/fizzbuzz) by extensions ['ros']
[0.194s] Level 1:colcon.colcon_core.package_identification:_identify(src/fizzbuzz) by extension 'ros'
[0.197s] DEBUG:colcon.colcon_core.package_identification:Package 'src/fizzbuzz' with type 'ros.ament_python' and name 'fizzbuzz'
[0.197s] Level 1:colcon.colcon_core.package_identification:_identify(src/fizzbuzz_interfaces) by extensions ['ignore', 'ignore_ament_install']
[0.197s] Level 1:colcon.colcon_core.package_identification:_identify(src/fizzbuzz_interfaces) by extension 'ignore'
[0.198s] Level 1:colcon.colcon_core.package_identification:_identify(src/fizzbuzz_interfaces) by extension 'ignore_ament_install'
[0.198s] Level 1:colcon.colcon_core.package_identification:_identify(src/fizzbuzz_interfaces) by extensions ['colcon_pkg']
[0.198s] Level 1:colcon.colcon_core.package_identification:_identify(src/fizzbuzz_interfaces) by extension 'colcon_pkg'
[0.198s] Level 1:colcon.colcon_core.package_identification:_identify(src/fizzbuzz_interfaces) by extensions ['colcon_meta']
[0.198s] Level 1:colcon.colcon_core.package_identification:_identify(src/fizzbuzz_interfaces) by extension 'colcon_meta'
[0.198s] Level 1:colcon.colcon_core.package_identification:_identify(src/fizzbuzz_interfaces) by extensions ['ros']
[0.198s] Level 1:colcon.colcon_core.package_identification:_identify(src/fizzbuzz_interfaces) by extension 'ros'
[0.198s] DEBUG:colcon.colcon_core.package_identification:Package 'src/fizzbuzz_interfaces' with type 'ros.ament_cmake' and name 'fizzbuzz_interfaces'
[0.198s] Level 1:colcon.colcon_core.package_discovery:discover_packages(recursive) using defaults
[0.198s] Level 1:colcon.colcon_core.package_discovery:discover_packages(ignore) discover
[0.198s] Level 1:colcon.colcon_core.package_discovery:discover_packages(ignore) using defaults
[0.199s] Level 1:colcon.colcon_core.package_discovery:discover_packages(path) discover
[0.199s] Level 1:colcon.colcon_core.package_discovery:discover_packages(path) using defaults
[0.220s] Level 1:colcon.colcon_core.package_discovery:discover_packages(prefix_path) check parameters
[0.220s] Level 1:colcon.colcon_core.package_discovery:discover_packages(prefix_path) discover
[0.221s] WARNING:colcon.colcon_core.prefix_path.colcon:The path '/home/rick-sanchez/Desktop/MASLAB-clown-penis/ros/ros2_ws/install' in the environment variable COLCON_PREFIX_PATH doesn't exist
[0.221s] WARNING:colcon.colcon_core.prefix_path.colcon:The path '/home/rick-sanchez/Desktop/MASLAB-clown-penis/ros/ROS2_FizzBuzz_tutorial/install' in the environment variable COLCON_PREFIX_PATH doesn't exist
[0.221s] WARNING:colcon.colcon_ros.prefix_path.ament:The path '/home/rick-sanchez/Desktop/MASLAB-clown-penis/ros/ros2_ws/install/fizzbuzz' in the environment variable AMENT_PREFIX_PATH doesn't exist
[0.221s] WARNING:colcon.colcon_ros.prefix_path.ament:The path '/home/rick-sanchez/Desktop/MASLAB-clown-penis/ros/ros2_ws/install/fizzbuzz_interfaces' in the environment variable AMENT_PREFIX_PATH doesn't exist
[0.221s] WARNING:colcon.colcon_ros.prefix_path.ament:The path '/home/rick-sanchez/Desktop/MASLAB-clown-penis/ros/ROS2_FizzBuzz_tutorial/install/fizzbuzz' in the environment variable AMENT_PREFIX_PATH doesn't exist
[0.221s] WARNING:colcon.colcon_ros.prefix_path.ament:The path '/home/rick-sanchez/Desktop/MASLAB-clown-penis/ros/ROS2_FizzBuzz_tutorial/install/fizzbuzz_interfaces' in the environment variable AMENT_PREFIX_PATH doesn't exist
[0.221s] WARNING:colcon.colcon_ros.prefix_path.catkin:The path '/home/rick-sanchez/Desktop/MASLAB-clown-penis/ros/ros2_ws/install/fizzbuzz_interfaces' in the environment variable CMAKE_PREFIX_PATH doesn't exist
[0.221s] WARNING:colcon.colcon_ros.prefix_path.catkin:The path '/home/rick-sanchez/Desktop/MASLAB-clown-penis/ros/ROS2_FizzBuzz_tutorial/install/fizzbuzz_interfaces' in the environment variable CMAKE_PREFIX_PATH doesn't exist
[0.222s] DEBUG:colcon.colcon_installed_package_information.package_discovery:Found 2 installed packages in /home/rick-sanchez/Desktop/MASLAB-clown-penis/ros2_ws/install
[0.224s] DEBUG:colcon.colcon_installed_package_information.package_discovery:Found 284 installed packages in /opt/ros/jazzy
[0.224s] Level 1:colcon.colcon_core.package_discovery:discover_packages(prefix_path) using defaults
[0.270s] Level 5:colcon.colcon_core.verb:set package 'fizzbuzz_interfaces' build argument 'cmake_args' from command line to 'None'
[0.270s] Level 5:colcon.colcon_core.verb:set package 'fizzbuzz_interfaces' build argument 'cmake_target' from command line to 'None'
[0.270s] Level 5:colcon.colcon_core.verb:set package 'fizzbuzz_interfaces' build argument 'cmake_target_skip_unavailable' from command line to 'False'
[0.270s] Level 5:colcon.colcon_core.verb:set package 'fizzbuzz_interfaces' build argument 'cmake_clean_cache' from command line to 'False'
[0.270s] Level 5:colcon.colcon_core.verb:set package 'fizzbuzz_interfaces' build argument 'cmake_clean_first' from command line to 'False'
[0.270s] Level 5:colcon.colcon_core.verb:set package 'fizzbuzz_interfaces' build argument 'cmake_force_configure' from command line to 'False'
[0.270s] Level 5:colcon.colcon_core.verb:set package 'fizzbuzz_interfaces' build argument 'ament_cmake_args' from command line to 'None'
[0.270s] Level 5:colcon.colcon_core.verb:set package 'fizzbuzz_interfaces' build argument 'catkin_cmake_args' from command line to 'None'
[0.270s] Level 5:colcon.colcon_core.verb:set package 'fizzbuzz_interfaces' build argument 'catkin_skip_building_tests' from command line to 'False'
[0.270s] DEBUG:colcon.colcon_core.verb:Building package 'fizzbuzz_interfaces' with the following arguments: {'ament_cmake_args': None, 'build_base': '/home/rick-sanchez/Desktop/MASLAB-clown-penis/ros2_ws/build/fizzbuzz_interfaces', 'catkin_cmake_args': None, 'catkin_skip_building_tests': False, 'cmake_args': None, 'cmake_clean_cache': False, 'cmake_clean_first': False, 'cmake_force_configure': False, 'cmake_target': None, 'cmake_target_skip_unavailable': False, 'install_base': '/home/rick-sanchez/Desktop/MASLAB-clown-penis/ros2_ws/install/fizzbuzz_interfaces', 'merge_install': False, 'path': '/home/rick-sanchez/Desktop/MASLAB-clown-penis/ros2_ws/src/fizzbuzz_interfaces', 'symlink_install': False, 'test_result_base': None}
[0.270s] Level 5:colcon.colcon_core.verb:set package 'fizzbuzz' build argument 'cmake_args' from command line to 'None'
[0.270s] Level 5:colcon.colcon_core.verb:set package 'fizzbuzz' build argument 'cmake_target' from command line to 'None'
[0.270s] Level 5:colcon.colcon_core.verb:set package 'fizzbuzz' build argument 'cmake_target_skip_unavailable' from command line to 'False'
[0.270s] Level 5:colcon.colcon_core.verb:set package 'fizzbuzz' build argument 'cmake_clean_cache' from command line to 'False'
[0.270s] Level 5:colcon.colcon_core.verb:set package 'fizzbuzz' build argument 'cmake_clean_first' from command line to 'False'
[0.270s] Level 5:colcon.colcon_core.verb:set package 'fizzbuzz' build argument 'cmake_force_configure' from command line to 'False'
[0.270s] Level 5:colcon.colcon_core.verb:set package 'fizzbuzz' build argument 'ament_cmake_args' from command line to 'None'
[0.270s] Level 5:colcon.colcon_core.verb:set package 'fizzbuzz' build argument 'catkin_cmake_args' from command line to 'None'
[0.270s] Level 5:colcon.colcon_core.verb:set package 'fizzbuzz' build argument 'catkin_skip_building_tests' from command line to 'False'
[0.270s] DEBUG:colcon.colcon_core.verb:Building package 'fizzbuzz' with the following arguments: {'ament_cmake_args': None, 'build_base': '/home/rick-sanchez/Desktop/MASLAB-clown-penis/ros2_ws/build/fizzbuzz', 'catkin_cmake_args': None, 'catkin_skip_building_tests': False, 'cmake_args': None, 'cmake_clean_cache': False, 'cmake_clean_first': False, 'cmake_force_configure': False, 'cmake_target': None, 'cmake_target_skip_unavailable': False, 'install_base': '/home/rick-sanchez/Desktop/MASLAB-clown-penis/ros2_ws/install/fizzbuzz', 'merge_install': False, 'path': '/home/rick-sanchez/Desktop/MASLAB-clown-penis/ros2_ws/src/fizzbuzz', 'symlink_install': False, 'test_result_base': None}
[0.271s] INFO:colcon.colcon_core.executor:Executing jobs using 'parallel' executor
[0.272s] DEBUG:colcon.colcon_parallel_executor.executor.parallel:run_until_complete
[0.272s] INFO:colcon.colcon_ros.task.ament_cmake.build:Building ROS package in '/home/rick-sanchez/Desktop/MASLAB-clown-penis/ros2_ws/src/fizzbuzz_interfaces' with build type 'ament_cmake'
[0.272s] INFO:colcon.colcon_cmake.task.cmake.build:Building CMake package in '/home/rick-sanchez/Desktop/MASLAB-clown-penis/ros2_ws/src/fizzbuzz_interfaces'
[0.274s] INFO:colcon.colcon_core.plugin_system:Skipping extension 'colcon_core.shell.bat': Not used on non-Windows systems
[0.275s] INFO:colcon.colcon_core.shell:Skip shell extension 'powershell' for command environment: Not usable outside of PowerShell
[0.275s] DEBUG:colcon.colcon_core.shell:Skip shell extension 'dsv' for command environment
[0.285s] DEBUG:colcon.colcon_core.event_handler.log_command:Invoking command in '/home/rick-sanchez/Desktop/MASLAB-clown-penis/ros2_ws/build/fizzbuzz_interfaces': CMAKE_PREFIX_PATH=${CMAKE_PREFIX_PATH}:/home/rick-sanchez/Desktop/MASLAB-clown-penis/ros2_ws/install/fizzbuzz:/home/rick-sanchez/Desktop/MASLAB-clown-penis/ros/ros2_ws/install/fizzbuzz:/home/rick-sanchez/Desktop/MASLAB-clown-penis/ros/ROS2_FizzBuzz_tutorial/install/fizzbuzz:/opt/ros/jazzy DEBUGINFOD_URLS=https://debuginfod.ubuntu.com _=/usr/bin/env /usr/bin/cmake /home/rick-sanchez/Desktop/MASLAB-clown-penis/ros2_ws/src/fizzbuzz_interfaces -DCMAKE_INSTALL_PREFIX=/home/rick-sanchez/Desktop/MASLAB-clown-penis/ros2_ws/install/fizzbuzz_interfaces
[4.389s] DEBUG:colcon.colcon_core.event_handler.log_command:Invoked command in '/home/rick-sanchez/Desktop/MASLAB-clown-penis/ros2_ws/build/fizzbuzz_interfaces' returned '0': CMAKE_PREFIX_PATH=${CMAKE_PREFIX_PATH}:/home/rick-sanchez/Desktop/MASLAB-clown-penis/ros2_ws/install/fizzbuzz:/home/rick-sanchez/Desktop/MASLAB-clown-penis/ros/ros2_ws/install/fizzbuzz:/home/rick-sanchez/Desktop/MASLAB-clown-penis/ros/ROS2_FizzBuzz_tutorial/install/fizzbuzz:/opt/ros/jazzy DEBUGINFOD_URLS=https://debuginfod.ubuntu.com _=/usr/bin/env /usr/bin/cmake /home/rick-sanchez/Desktop/MASLAB-clown-penis/ros2_ws/src/fizzbuzz_interfaces -DCMAKE_INSTALL_PREFIX=/home/rick-sanchez/Desktop/MASLAB-clown-penis/ros2_ws/install/fizzbuzz_interfaces
[4.390s] DEBUG:colcon.colcon_core.event_handler.log_command:Invoking command in '/home/rick-sanchez/Desktop/MASLAB-clown-penis/ros2_ws/build/fizzbuzz_interfaces': CMAKE_PREFIX_PATH=${CMAKE_PREFIX_PATH}:/home/rick-sanchez/Desktop/MASLAB-clown-penis/ros2_ws/install/fizzbuzz:/home/rick-sanchez/Desktop/MASLAB-clown-penis/ros/ros2_ws/install/fizzbuzz:/home/rick-sanchez/Desktop/MASLAB-clown-penis/ros/ROS2_FizzBuzz_tutorial/install/fizzbuzz:/opt/ros/jazzy DEBUGINFOD_URLS=https://debuginfod.ubuntu.com _=/usr/bin/env /usr/bin/cmake --build /home/rick-sanchez/Desktop/MASLAB-clown-penis/ros2_ws/build/fizzbuzz_interfaces -- -j8 -l8
[7.535s] DEBUG:colcon.colcon_core.event_handler.log_command:Invoked command in '/home/rick-sanchez/Desktop/MASLAB-clown-penis/ros2_ws/build/fizzbuzz_interfaces' returned '0': CMAKE_PREFIX_PATH=${CMAKE_PREFIX_PATH}:/home/rick-sanchez/Desktop/MASLAB-clown-penis/ros2_ws/install/fizzbuzz:/home/rick-sanchez/Desktop/MASLAB-clown-penis/ros/ros2_ws/install/fizzbuzz:/home/rick-sanchez/Desktop/MASLAB-clown-penis/ros/ROS2_FizzBuzz_tutorial/install/fizzbuzz:/opt/ros/jazzy DEBUGINFOD_URLS=https://debuginfod.ubuntu.com _=/usr/bin/env /usr/bin/cmake --build /home/rick-sanchez/Desktop/MASLAB-clown-penis/ros2_ws/build/fizzbuzz_interfaces -- -j8 -l8
[7.549s] DEBUG:colcon.colcon_core.event_handler.log_command:Invoking command in '/home/rick-sanchez/Desktop/MASLAB-clown-penis/ros2_ws/build/fizzbuzz_interfaces': CMAKE_PREFIX_PATH=${CMAKE_PREFIX_PATH}:/home/rick-sanchez/Desktop/MASLAB-clown-penis/ros2_ws/install/fizzbuzz:/home/rick-sanchez/Desktop/MASLAB-clown-penis/ros/ros2_ws/install/fizzbuzz:/home/rick-sanchez/Desktop/MASLAB-clown-penis/ros/ROS2_FizzBuzz_tutorial/install/fizzbuzz:/opt/ros/jazzy DEBUGINFOD_URLS=https://debuginfod.ubuntu.com _=/usr/bin/env /usr/bin/cmake --install /home/rick-sanchez/Desktop/MASLAB-clown-penis/ros2_ws/build/fizzbuzz_interfaces
[7.637s] Level 1:colcon.colcon_core.environment:create_environment_scripts_only(fizzbuzz_interfaces)
[7.637s] DEBUG:colcon.colcon_core.event_handler.log_command:Invoked command in '/home/rick-sanchez/Desktop/MASLAB-clown-penis/ros2_ws/build/fizzbuzz_interfaces' returned '0': CMAKE_PREFIX_PATH=${CMAKE_PREFIX_PATH}:/home/rick-sanchez/Desktop/MASLAB-clown-penis/ros2_ws/install/fizzbuzz:/home/rick-sanchez/Desktop/MASLAB-clown-penis/ros/ros2_ws/install/fizzbuzz:/home/rick-sanchez/Desktop/MASLAB-clown-penis/ros/ROS2_FizzBuzz_tutorial/install/fizzbuzz:/opt/ros/jazzy DEBUGINFOD_URLS=https://debuginfod.ubuntu.com _=/usr/bin/env /usr/bin/cmake --install /home/rick-sanchez/Desktop/MASLAB-clown-penis/ros2_ws/build/fizzbuzz_interfaces
[7.639s] Level 1:colcon.colcon_core.environment:checking '/home/rick-sanchez/Desktop/MASLAB-clown-penis/ros2_ws/install/fizzbuzz_interfaces' for CMake module files
[7.640s] Level 1:colcon.colcon_core.environment:checking '/home/rick-sanchez/Desktop/MASLAB-clown-penis/ros2_ws/install/fizzbuzz_interfaces' for CMake config files
[7.640s] Level 1:colcon.colcon_core.shell:create_environment_hook('fizzbuzz_interfaces', 'cmake_prefix_path')
[7.641s] INFO:colcon.colcon_core.shell:Creating environment hook '/home/rick-sanchez/Desktop/MASLAB-clown-penis/ros2_ws/install/fizzbuzz_interfaces/share/fizzbuzz_interfaces/hook/cmake_prefix_path.ps1'
[7.641s] INFO:colcon.colcon_core.shell:Creating environment descriptor '/home/rick-sanchez/Desktop/MASLAB-clown-penis/ros2_ws/install/fizzbuzz_interfaces/share/fizzbuzz_interfaces/hook/cmake_prefix_path.dsv'
[7.642s] INFO:colcon.colcon_core.shell:Creating environment hook '/home/rick-sanchez/Desktop/MASLAB-clown-penis/ros2_ws/install/fizzbuzz_interfaces/share/fizzbuzz_interfaces/hook/cmake_prefix_path.sh'
[7.643s] Level 1:colcon.colcon_core.environment:checking '/home/rick-sanchez/Desktop/MASLAB-clown-penis/ros2_ws/install/fizzbuzz_interfaces/lib'
[7.643s] Level 1:colcon.colcon_core.shell:create_environment_hook('fizzbuzz_interfaces', 'ld_library_path_lib')
[7.643s] INFO:colcon.colcon_core.shell:Creating environment hook '/home/rick-sanchez/Desktop/MASLAB-clown-penis/ros2_ws/install/fizzbuzz_interfaces/share/fizzbuzz_interfaces/hook/ld_library_path_lib.ps1'
[7.643s] INFO:colcon.colcon_core.shell:Creating environment descriptor '/home/rick-sanchez/Desktop/MASLAB-clown-penis/ros2_ws/install/fizzbuzz_interfaces/share/fizzbuzz_interfaces/hook/ld_library_path_lib.dsv'
[7.644s] INFO:colcon.colcon_core.shell:Creating environment hook '/home/rick-sanchez/Desktop/MASLAB-clown-penis/ros2_ws/install/fizzbuzz_interfaces/share/fizzbuzz_interfaces/hook/ld_library_path_lib.sh'
[7.644s] Level 1:colcon.colcon_core.environment:checking '/home/rick-sanchez/Desktop/MASLAB-clown-penis/ros2_ws/install/fizzbuzz_interfaces/bin'
[7.644s] Level 1:colcon.colcon_core.environment:checking '/home/rick-sanchez/Desktop/MASLAB-clown-penis/ros2_ws/install/fizzbuzz_interfaces/lib/pkgconfig/fizzbuzz_interfaces.pc'
[7.644s] Level 1:colcon.colcon_core.environment:checking '/home/rick-sanchez/Desktop/MASLAB-clown-penis/ros2_ws/install/fizzbuzz_interfaces/lib/python3.12/site-packages'
[7.645s] Level 1:colcon.colcon_core.shell:create_environment_hook('fizzbuzz_interfaces', 'pythonpath')
[7.645s] INFO:colcon.colcon_core.shell:Creating environment hook '/home/rick-sanchez/Desktop/MASLAB-clown-penis/ros2_ws/install/fizzbuzz_interfaces/share/fizzbuzz_interfaces/hook/pythonpath.ps1'
[7.645s] INFO:colcon.colcon_core.shell:Creating environment descriptor '/home/rick-sanchez/Desktop/MASLAB-clown-penis/ros2_ws/install/fizzbuzz_interfaces/share/fizzbuzz_interfaces/hook/pythonpath.dsv'
[7.645s] INFO:colcon.colcon_core.shell:Creating environment hook '/home/rick-sanchez/Desktop/MASLAB-clown-penis/ros2_ws/install/fizzbuzz_interfaces/share/fizzbuzz_interfaces/hook/pythonpath.sh'
[7.646s] Level 1:colcon.colcon_core.environment:checking '/home/rick-sanchez/Desktop/MASLAB-clown-penis/ros2_ws/install/fizzbuzz_interfaces/bin'
[7.646s] INFO:colcon.colcon_core.shell:Creating package script '/home/rick-sanchez/Desktop/MASLAB-clown-penis/ros2_ws/install/fizzbuzz_interfaces/share/fizzbuzz_interfaces/package.ps1'
[7.647s] INFO:colcon.colcon_core.shell:Creating package descriptor '/home/rick-sanchez/Desktop/MASLAB-clown-penis/ros2_ws/install/fizzbuzz_interfaces/share/fizzbuzz_interfaces/package.dsv'
[7.648s] INFO:colcon.colcon_core.shell:Creating package script '/home/rick-sanchez/Desktop/MASLAB-clown-penis/ros2_ws/install/fizzbuzz_interfaces/share/fizzbuzz_interfaces/package.sh'
[7.648s] INFO:colcon.colcon_core.shell:Creating package script '/home/rick-sanchez/Desktop/MASLAB-clown-penis/ros2_ws/install/fizzbuzz_interfaces/share/fizzbuzz_interfaces/package.bash'
[7.649s] INFO:colcon.colcon_core.shell:Creating package script '/home/rick-sanchez/Desktop/MASLAB-clown-penis/ros2_ws/install/fizzbuzz_interfaces/share/fizzbuzz_interfaces/package.zsh'
[7.649s] Level 1:colcon.colcon_core.environment:create_file_with_runtime_dependencies(/home/rick-sanchez/Desktop/MASLAB-clown-penis/ros2_ws/install/fizzbuzz_interfaces/share/colcon-core/packages/fizzbuzz_interfaces)
[7.650s] Level 1:colcon.colcon_core.environment:create_environment_scripts_only(fizzbuzz_interfaces)
[7.650s] Level 1:colcon.colcon_core.environment:checking '/home/rick-sanchez/Desktop/MASLAB-clown-penis/ros2_ws/install/fizzbuzz_interfaces' for CMake module files
[7.651s] Level 1:colcon.colcon_core.environment:checking '/home/rick-sanchez/Desktop/MASLAB-clown-penis/ros2_ws/install/fizzbuzz_interfaces' for CMake config files
[7.651s] Level 1:colcon.colcon_core.shell:create_environment_hook('fizzbuzz_interfaces', 'cmake_prefix_path')
[7.651s] INFO:colcon.colcon_core.shell:Creating environment hook '/home/rick-sanchez/Desktop/MASLAB-clown-penis/ros2_ws/install/fizzbuzz_interfaces/share/fizzbuzz_interfaces/hook/cmake_prefix_path.ps1'
[7.651s] INFO:colcon.colcon_core.shell:Creating environment descriptor '/home/rick-sanchez/Desktop/MASLAB-clown-penis/ros2_ws/install/fizzbuzz_interfaces/share/fizzbuzz_interfaces/hook/cmake_prefix_path.dsv'
[7.652s] INFO:colcon.colcon_core.shell:Creating environment hook '/home/rick-sanchez/Desktop/MASLAB-clown-penis/ros2_ws/install/fizzbuzz_interfaces/share/fizzbuzz_interfaces/hook/cmake_prefix_path.sh'
[7.652s] Level 1:colcon.colcon_core.environment:checking '/home/rick-sanchez/Desktop/MASLAB-clown-penis/ros2_ws/install/fizzbuzz_interfaces/lib'
[7.652s] Level 1:colcon.colcon_core.shell:create_environment_hook('fizzbuzz_interfaces', 'ld_library_path_lib')
[7.653s] INFO:colcon.colcon_core.shell:Creating environment hook '/home/rick-sanchez/Desktop/MASLAB-clown-penis/ros2_ws/install/fizzbuzz_interfaces/share/fizzbuzz_interfaces/hook/ld_library_path_lib.ps1'
[7.653s] INFO:colcon.colcon_core.shell:Creating environment descriptor '/home/rick-sanchez/Desktop/MASLAB-clown-penis/ros2_ws/install/fizzbuzz_interfaces/share/fizzbuzz_interfaces/hook/ld_library_path_lib.dsv'
[7.653s] INFO:colcon.colcon_core.shell:Creating environment hook '/home/rick-sanchez/Desktop/MASLAB-clown-penis/ros2_ws/install/fizzbuzz_interfaces/share/fizzbuzz_interfaces/hook/ld_library_path_lib.sh'
[7.654s] Level 1:colcon.colcon_core.environment:checking '/home/rick-sanchez/Desktop/MASLAB-clown-penis/ros2_ws/install/fizzbuzz_interfaces/bin'
[7.654s] Level 1:colcon.colcon_core.environment:checking '/home/rick-sanchez/Desktop/MASLAB-clown-penis/ros2_ws/install/fizzbuzz_interfaces/lib/pkgconfig/fizzbuzz_interfaces.pc'
[7.654s] Level 1:colcon.colcon_core.environment:checking '/home/rick-sanchez/Desktop/MASLAB-clown-penis/ros2_ws/install/fizzbuzz_interfaces/lib/python3.12/site-packages'
[7.654s] Level 1:colcon.colcon_core.shell:create_environment_hook('fizzbuzz_interfaces', 'pythonpath')
[7.654s] INFO:colcon.colcon_core.shell:Creating environment hook '/home/rick-sanchez/Desktop/MASLAB-clown-penis/ros2_ws/install/fizzbuzz_interfaces/share/fizzbuzz_interfaces/hook/pythonpath.ps1'
[7.655s] INFO:colcon.colcon_core.shell:Creating environment descriptor '/home/rick-sanchez/Desktop/MASLAB-clown-penis/ros2_ws/install/fizzbuzz_interfaces/share/fizzbuzz_interfaces/hook/pythonpath.dsv'
[7.655s] INFO:colcon.colcon_core.shell:Creating environment hook '/home/rick-sanchez/Desktop/MASLAB-clown-penis/ros2_ws/install/fizzbuzz_interfaces/share/fizzbuzz_interfaces/hook/pythonpath.sh'
[7.656s] Level 1:colcon.colcon_core.environment:checking '/home/rick-sanchez/Desktop/MASLAB-clown-penis/ros2_ws/install/fizzbuzz_interfaces/bin'
[7.656s] INFO:colcon.colcon_core.shell:Creating package script '/home/rick-sanchez/Desktop/MASLAB-clown-penis/ros2_ws/install/fizzbuzz_interfaces/share/fizzbuzz_interfaces/package.ps1'
[7.657s] INFO:colcon.colcon_core.shell:Creating package descriptor '/home/rick-sanchez/Desktop/MASLAB-clown-penis/ros2_ws/install/fizzbuzz_interfaces/share/fizzbuzz_interfaces/package.dsv'
[7.657s] INFO:colcon.colcon_core.shell:Creating package script '/home/rick-sanchez/Desktop/MASLAB-clown-penis/ros2_ws/install/fizzbuzz_interfaces/share/fizzbuzz_interfaces/package.sh'
[7.657s] INFO:colcon.colcon_core.shell:Creating package script '/home/rick-sanchez/Desktop/MASLAB-clown-penis/ros2_ws/install/fizzbuzz_interfaces/share/fizzbuzz_interfaces/package.bash'
[7.658s] INFO:colcon.colcon_core.shell:Creating package script '/home/rick-sanchez/Desktop/MASLAB-clown-penis/ros2_ws/install/fizzbuzz_interfaces/share/fizzbuzz_interfaces/package.zsh'
[7.658s] Level 1:colcon.colcon_core.environment:create_file_with_runtime_dependencies(/home/rick-sanchez/Desktop/MASLAB-clown-penis/ros2_ws/install/fizzbuzz_interfaces/share/colcon-core/packages/fizzbuzz_interfaces)
[7.659s] INFO:colcon.colcon_ros.task.ament_python.build:Building ROS package in '/home/rick-sanchez/Desktop/MASLAB-clown-penis/ros2_ws/src/fizzbuzz' with build type 'ament_python'
[7.659s] Level 1:colcon.colcon_core.shell:create_environment_hook('fizzbuzz', 'ament_prefix_path')
[7.659s] INFO:colcon.colcon_core.shell:Creating environment hook '/home/rick-sanchez/Desktop/MASLAB-clown-penis/ros2_ws/install/fizzbuzz/share/fizzbuzz/hook/ament_prefix_path.ps1'
[7.661s] INFO:colcon.colcon_core.shell:Creating environment descriptor '/home/rick-sanchez/Desktop/MASLAB-clown-penis/ros2_ws/install/fizzbuzz/share/fizzbuzz/hook/ament_prefix_path.dsv'
[7.661s] INFO:colcon.colcon_core.shell:Creating environment hook '/home/rick-sanchez/Desktop/MASLAB-clown-penis/ros2_ws/install/fizzbuzz/share/fizzbuzz/hook/ament_prefix_path.sh'
[7.662s] INFO:colcon.colcon_core.shell:Skip shell extension 'powershell' for command environment: Not usable outside of PowerShell
[7.662s] DEBUG:colcon.colcon_core.shell:Skip shell extension 'dsv' for command environment
[7.952s] INFO:colcon.colcon_core.task.python.build:Building Python package in '/home/rick-sanchez/Desktop/MASLAB-clown-penis/ros2_ws/src/fizzbuzz'
[7.952s] INFO:colcon.colcon_core.shell:Skip shell extension 'powershell' for command environment: Not usable outside of PowerShell
[7.952s] DEBUG:colcon.colcon_core.shell:Skip shell extension 'dsv' for command environment
[8.632s] DEBUG:colcon.colcon_core.event_handler.log_command:Invoking command in '/home/rick-sanchez/Desktop/MASLAB-clown-penis/ros2_ws/src/fizzbuzz': DEBUGINFOD_URLS=https://debuginfod.ubuntu.com LD_LIBRARY_PATH=/home/rick-sanchez/Desktop/MASLAB-clown-penis/ros2_ws/install/fizzbuzz_interfaces/lib:/home/rick-sanchez/Desktop/MASLAB-clown-penis/ros/ros2_ws/install/fizzbuzz_interfaces/lib:/home/rick-sanchez/Desktop/MASLAB-clown-penis/ros/ROS2_FizzBuzz_tutorial/install/fizzbuzz_interfaces/lib:/opt/ros/jazzy/opt/rviz_ogre_vendor/lib:/opt/ros/jazzy/lib/x86_64-linux-gnu:/opt/ros/jazzy/opt/gz_math_vendor/lib:/opt/ros/jazzy/opt/gz_utils_vendor/lib:/opt/ros/jazzy/opt/gz_cmake_vendor/lib:/opt/ros/jazzy/lib:/home/rick-sanchez/Desktop/transformer/simaliar/libraries/libtorch/lib:/home/rick-sanchez/Desktop/transformer/simaliar/libraries/libtorch/lib:/home/rick-sanchez/Desktop/transformer/simaliar/libraries/libtorch/lib:/home/rick-sanchez/Desktop/transformer/simaliar/libraries/libtorch/lib PYTHONPATH=/home/rick-sanchez/Desktop/MASLAB-clown-penis/ros2_ws/build/fizzbuzz/prefix_override:/usr/lib/python3/dist-packages/colcon_core/task/python/colcon_distutils_commands:/home/rick-sanchez/Desktop/MASLAB-clown-penis/ros2_ws/install/fizzbuzz/lib/python3.12/site-packages:/home/rick-sanchez/Desktop/MASLAB-clown-penis/ros2_ws/install/fizzbuzz_interfaces/lib/python3.12/site-packages:/home/rick-sanchez/Desktop/MASLAB-clown-penis/ros2_ws/install/fizzbuzz/lib/python3.12/site-packages:/home/rick-sanchez/Desktop/MASLAB-clown-penis/ros/ros2_ws/install/fizzbuzz/lib/python3.12/site-packages:/home/rick-sanchez/Desktop/MASLAB-clown-penis/ros/ros2_ws/install/fizzbuzz_interfaces/lib/python3.12/site-packages:/home/rick-sanchez/Desktop/MASLAB-clown-penis/ros/ROS2_FizzBuzz_tutorial/install/fizzbuzz/lib/python3.12/site-packages:/home/rick-sanchez/Desktop/MASLAB-clown-penis/ros/ROS2_FizzBuzz_tutorial/install/fizzbuzz_interfaces/lib/python3.12/site-packages:/opt/ros/jazzy/lib/python3.12/site-packages _=/usr/bin/env /usr/bin/python3 -W ignore:setup.py install is deprecated -W ignore:easy_install command is deprecated setup.py egg_info --egg-base ../../build/fizzbuzz build --build-base /home/rick-sanchez/Desktop/MASLAB-clown-penis/ros2_ws/build/fizzbuzz/build install --record /home/rick-sanchez/Desktop/MASLAB-clown-penis/ros2_ws/build/fizzbuzz/install.log --single-version-externally-managed install_data
[9.252s] Level 1:colcon.colcon_core.environment:checking '/home/rick-sanchez/Desktop/MASLAB-clown-penis/ros2_ws/install/fizzbuzz' for CMake module files
[9.253s] DEBUG:colcon.colcon_core.event_handler.log_command:Invoked command in '/home/rick-sanchez/Desktop/MASLAB-clown-penis/ros2_ws/src/fizzbuzz' returned '0': DEBUGINFOD_URLS=https://debuginfod.ubuntu.com LD_LIBRARY_PATH=/home/rick-sanchez/Desktop/MASLAB-clown-penis/ros2_ws/install/fizzbuzz_interfaces/lib:/home/rick-sanchez/Desktop/MASLAB-clown-penis/ros/ros2_ws/install/fizzbuzz_interfaces/lib:/home/rick-sanchez/Desktop/MASLAB-clown-penis/ros/ROS2_FizzBuzz_tutorial/install/fizzbuzz_interfaces/lib:/opt/ros/jazzy/opt/rviz_ogre_vendor/lib:/opt/ros/jazzy/lib/x86_64-linux-gnu:/opt/ros/jazzy/opt/gz_math_vendor/lib:/opt/ros/jazzy/opt/gz_utils_vendor/lib:/opt/ros/jazzy/opt/gz_cmake_vendor/lib:/opt/ros/jazzy/lib:/home/rick-sanchez/Desktop/transformer/simaliar/libraries/libtorch/lib:/home/rick-sanchez/Desktop/transformer/simaliar/libraries/libtorch/lib:/home/rick-sanchez/Desktop/transformer/simaliar/libraries/libtorch/lib:/home/rick-sanchez/Desktop/transformer/simaliar/libraries/libtorch/lib PYTHONPATH=/home/rick-sanchez/Desktop/MASLAB-clown-penis/ros2_ws/build/fizzbuzz/prefix_override:/usr/lib/python3/dist-packages/colcon_core/task/python/colcon_distutils_commands:/home/rick-sanchez/Desktop/MASLAB-clown-penis/ros2_ws/install/fizzbuzz/lib/python3.12/site-packages:/home/rick-sanchez/Desktop/MASLAB-clown-penis/ros2_ws/install/fizzbuzz_interfaces/lib/python3.12/site-packages:/home/rick-sanchez/Desktop/MASLAB-clown-penis/ros2_ws/install/fizzbuzz/lib/python3.12/site-packages:/home/rick-sanchez/Desktop/MASLAB-clown-penis/ros/ros2_ws/install/fizzbuzz/lib/python3.12/site-packages:/home/rick-sanchez/Desktop/MASLAB-clown-penis/ros/ros2_ws/install/fizzbuzz_interfaces/lib/python3.12/site-packages:/home/rick-sanchez/Desktop/MASLAB-clown-penis/ros/ROS2_FizzBuzz_tutorial/install/fizzbuzz/lib/python3.12/site-packages:/home/rick-sanchez/Desktop/MASLAB-clown-penis/ros/ROS2_FizzBuzz_tutorial/install/fizzbuzz_interfaces/lib/python3.12/site-packages:/opt/ros/jazzy/lib/python3.12/site-packages _=/usr/bin/env /usr/bin/python3 -W ignore:setup.py install is deprecated -W ignore:easy_install command is deprecated setup.py egg_info --egg-base ../../build/fizzbuzz build --build-base /home/rick-sanchez/Desktop/MASLAB-clown-penis/ros2_ws/build/fizzbuzz/build install --record /home/rick-sanchez/Desktop/MASLAB-clown-penis/ros2_ws/build/fizzbuzz/install.log --single-version-externally-managed install_data
[9.253s] Level 1:colcon.colcon_core.environment:checking '/home/rick-sanchez/Desktop/MASLAB-clown-penis/ros2_ws/install/fizzbuzz' for CMake config files
[9.253s] Level 1:colcon.colcon_core.environment:checking '/home/rick-sanchez/Desktop/MASLAB-clown-penis/ros2_ws/install/fizzbuzz/lib'
[9.254s] Level 1:colcon.colcon_core.environment:checking '/home/rick-sanchez/Desktop/MASLAB-clown-penis/ros2_ws/install/fizzbuzz/bin'
[9.254s] Level 1:colcon.colcon_core.environment:checking '/home/rick-sanchez/Desktop/MASLAB-clown-penis/ros2_ws/install/fizzbuzz/lib/pkgconfig/fizzbuzz.pc'
[9.254s] Level 1:colcon.colcon_core.environment:checking '/home/rick-sanchez/Desktop/MASLAB-clown-penis/ros2_ws/install/fizzbuzz/lib/python3.12/site-packages'
[9.254s] Level 1:colcon.colcon_core.shell:create_environment_hook('fizzbuzz', 'pythonpath')
[9.254s] INFO:colcon.colcon_core.shell:Creating environment hook '/home/rick-sanchez/Desktop/MASLAB-clown-penis/ros2_ws/install/fizzbuzz/share/fizzbuzz/hook/pythonpath.ps1'
[9.255s] INFO:colcon.colcon_core.shell:Creating environment descriptor '/home/rick-sanchez/Desktop/MASLAB-clown-penis/ros2_ws/install/fizzbuzz/share/fizzbuzz/hook/pythonpath.dsv'
[9.255s] INFO:colcon.colcon_core.shell:Creating environment hook '/home/rick-sanchez/Desktop/MASLAB-clown-penis/ros2_ws/install/fizzbuzz/share/fizzbuzz/hook/pythonpath.sh'
[9.256s] Level 1:colcon.colcon_core.environment:checking '/home/rick-sanchez/Desktop/MASLAB-clown-penis/ros2_ws/install/fizzbuzz/bin'
[9.256s] Level 1:colcon.colcon_core.environment:create_environment_scripts_only(fizzbuzz)
[9.256s] INFO:colcon.colcon_core.shell:Creating package script '/home/rick-sanchez/Desktop/MASLAB-clown-penis/ros2_ws/install/fizzbuzz/share/fizzbuzz/package.ps1'
[9.256s] INFO:colcon.colcon_core.shell:Creating package descriptor '/home/rick-sanchez/Desktop/MASLAB-clown-penis/ros2_ws/install/fizzbuzz/share/fizzbuzz/package.dsv'
[9.257s] INFO:colcon.colcon_core.shell:Creating package script '/home/rick-sanchez/Desktop/MASLAB-clown-penis/ros2_ws/install/fizzbuzz/share/fizzbuzz/package.sh'
[9.257s] INFO:colcon.colcon_core.shell:Creating package script '/home/rick-sanchez/Desktop/MASLAB-clown-penis/ros2_ws/install/fizzbuzz/share/fizzbuzz/package.bash'
[9.258s] INFO:colcon.colcon_core.shell:Creating package script '/home/rick-sanchez/Desktop/MASLAB-clown-penis/ros2_ws/install/fizzbuzz/share/fizzbuzz/package.zsh'
[9.258s] Level 1:colcon.colcon_core.environment:create_file_with_runtime_dependencies(/home/rick-sanchez/Desktop/MASLAB-clown-penis/ros2_ws/install/fizzbuzz/share/colcon-core/packages/fizzbuzz)
[9.258s] DEBUG:colcon.colcon_parallel_executor.executor.parallel:closing loop
[9.258s] DEBUG:colcon.colcon_parallel_executor.executor.parallel:loop closed
[9.258s] DEBUG:colcon.colcon_parallel_executor.executor.parallel:run_until_complete finished with '0'
[9.259s] DEBUG:colcon.colcon_core.event_reactor:joining thread
[9.265s] INFO:colcon.colcon_core.plugin_system:Skipping extension 'colcon_notification.desktop_notification.terminal_notifier': Not used on non-Darwin systems
[9.265s] INFO:colcon.colcon_core.plugin_system:Skipping extension 'colcon_notification.desktop_notification.win32': Not used on non-Windows systems
[9.265s] INFO:colcon.colcon_notification.desktop_notification:Sending desktop notification using 'notify2'
[9.288s] DEBUG:colcon.colcon_core.event_reactor:joined thread
[9.288s] INFO:colcon.colcon_core.shell:Creating prefix script '/home/rick-sanchez/Desktop/MASLAB-clown-penis/ros2_ws/install/local_setup.ps1'
[9.289s] INFO:colcon.colcon_core.shell:Creating prefix util module '/home/rick-sanchez/Desktop/MASLAB-clown-penis/ros2_ws/install/_local_setup_util_ps1.py'
[9.292s] INFO:colcon.colcon_core.shell:Creating prefix chain script '/home/rick-sanchez/Desktop/MASLAB-clown-penis/ros2_ws/install/setup.ps1'
[9.294s] INFO:colcon.colcon_core.shell:Creating prefix script '/home/rick-sanchez/Desktop/MASLAB-clown-penis/ros2_ws/install/local_setup.sh'
[9.295s] INFO:colcon.colcon_core.shell:Creating prefix util module '/home/rick-sanchez/Desktop/MASLAB-clown-penis/ros2_ws/install/_local_setup_util_sh.py'
[9.296s] INFO:colcon.colcon_core.shell:Creating prefix chain script '/home/rick-sanchez/Desktop/MASLAB-clown-penis/ros2_ws/install/setup.sh'
[9.297s] INFO:colcon.colcon_core.shell:Creating prefix script '/home/rick-sanchez/Desktop/MASLAB-clown-penis/ros2_ws/install/local_setup.bash'
[9.298s] INFO:colcon.colcon_core.shell:Creating prefix chain script '/home/rick-sanchez/Desktop/MASLAB-clown-penis/ros2_ws/install/setup.bash'
[9.300s] INFO:colcon.colcon_core.shell:Creating prefix script '/home/rick-sanchez/Desktop/MASLAB-clown-penis/ros2_ws/install/local_setup.zsh'
[9.300s] INFO:colcon.colcon_core.shell:Creating prefix chain script '/home/rick-sanchez/Desktop/MASLAB-clown-penis/ros2_ws/install/setup.zsh'
