running egg_info
creating ../../build/fizzbuzz/fizzbuzz.egg-info
writing ../../build/fizzbuzz/fizzbuzz.egg-info/PKG-INFO
writing dependency_links to ../../build/fizzbuzz/fizzbuzz.egg-info/dependency_links.txt
writing entry points to ../../build/fizzbuzz/fizzbuzz.egg-info/entry_points.txt
writing requirements to ../../build/fizzbuzz/fizzbuzz.egg-info/requires.txt
writing top-level names to ../../build/fizzbuzz/fizzbuzz.egg-info/top_level.txt
writing manifest file '../../build/fizzbuzz/fizzbuzz.egg-info/SOURCES.txt'
reading manifest file '../../build/fizzbuzz/fizzbuzz.egg-info/SOURCES.txt'
writing manifest file '../../build/fizzbuzz/fizzbuzz.egg-info/SOURCES.txt'
running build
running build_py
creating /home/rick-sanchez/Desktop/MASLAB-clown-penis/ros2_ws/build/fizzbuzz/build
creating /home/rick-sanchez/Desktop/MASLAB-clown-penis/ros2_ws/build/fizzbuzz/build/lib
creating /home/rick-sanchez/Desktop/MASLAB-clown-penis/ros2_ws/build/fizzbuzz/build/lib/fizzbuzz
copying fizzbuzz/number_publisher_node.py -> /home/rick-sanchez/Desktop/MASLAB-clown-penis/ros2_ws/build/fizzbuzz/build/lib/fizzbuzz
copying fizzbuzz/__init__.py -> /home/rick-sanchez/Desktop/MASLAB-clown-penis/ros2_ws/build/fizzbuzz/build/lib/fizzbuzz
copying fizzbuzz/fizzbuzz_subscriber_node.py -> /home/rick-sanchez/Desktop/MASLAB-clown-penis/ros2_ws/build/fizzbuzz/build/lib/fizzbuzz
running install
running install_lib
running install_data
running install_egg_info
removing '/home/rick-sanchez/Desktop/MASLAB-clown-penis/ros2_ws/install/fizzbuzz/lib/python3.12/site-packages/fizzbuzz-0.0.0-py3.12.egg-info' (and everything under it)
Copying ../../build/fizzbuzz/fizzbuzz.egg-info to /home/rick-sanchez/Desktop/MASLAB-clown-penis/ros2_ws/install/fizzbuzz/lib/python3.12/site-packages/fizzbuzz-0.0.0-py3.12.egg-info
running install_scripts
Installing fizzbuzz_subscriber script to /home/rick-sanchez/Desktop/MASLAB-clown-penis/ros2_ws/install/fizzbuzz/lib/fizzbuzz
Installing number_publisher script to /home/rick-sanchez/Desktop/MASLAB-clown-penis/ros2_ws/install/fizzbuzz/lib/fizzbuzz
writing list of installed files to '/home/rick-sanchez/Desktop/MASLAB-clown-penis/ros2_ws/build/fizzbuzz/install.log'
