[0.971s] Invoking command in '/home/rick-sanchez/Desktop/MASLAB-clown-penis/ros2_ws/src/fizzbuzz': DEBUGINFOD_URLS=https://debuginfod.ubuntu.com LD_LIBRARY_PATH=/home/rick-sanchez/Desktop/MASLAB-clown-penis/ros2_ws/install/fizzbuzz_interfaces/lib:/home/rick-sanchez/Desktop/MASLAB-clown-penis/ros/ros2_ws/install/fizzbuzz_interfaces/lib:/home/rick-sanchez/Desktop/MASLAB-clown-penis/ros/ROS2_FizzBuzz_tutorial/install/fizzbuzz_interfaces/lib:/opt/ros/jazzy/opt/rviz_ogre_vendor/lib:/opt/ros/jazzy/lib/x86_64-linux-gnu:/opt/ros/jazzy/opt/gz_math_vendor/lib:/opt/ros/jazzy/opt/gz_utils_vendor/lib:/opt/ros/jazzy/opt/gz_cmake_vendor/lib:/opt/ros/jazzy/lib:/home/rick-sanchez/Desktop/transformer/simaliar/libraries/libtorch/lib:/home/rick-sanchez/Desktop/transformer/simaliar/libraries/libtorch/lib:/home/rick-sanchez/Desktop/transformer/simaliar/libraries/libtorch/lib:/home/rick-sanchez/Desktop/transformer/simaliar/libraries/libtorch/lib PYTHONPATH=/home/rick-sanchez/Desktop/MASLAB-clown-penis/ros2_ws/build/fizzbuzz/prefix_override:/usr/lib/python3/dist-packages/colcon_core/task/python/colcon_distutils_commands:/home/rick-sanchez/Desktop/MASLAB-clown-penis/ros2_ws/install/fizzbuzz/lib/python3.12/site-packages:/home/rick-sanchez/Desktop/MASLAB-clown-penis/ros2_ws/install/fizzbuzz_interfaces/lib/python3.12/site-packages:/home/rick-sanchez/Desktop/MASLAB-clown-penis/ros2_ws/install/fizzbuzz/lib/python3.12/site-packages:/home/rick-sanchez/Desktop/MASLAB-clown-penis/ros/ros2_ws/install/fizzbuzz/lib/python3.12/site-packages:/home/rick-sanchez/Desktop/MASLAB-clown-penis/ros/ros2_ws/install/fizzbuzz_interfaces/lib/python3.12/site-packages:/home/rick-sanchez/Desktop/MASLAB-clown-penis/ros/ROS2_FizzBuzz_tutorial/install/fizzbuzz/lib/python3.12/site-packages:/home/rick-sanchez/Desktop/MASLAB-clown-penis/ros/ROS2_FizzBuzz_tutorial/install/fizzbuzz_interfaces/lib/python3.12/site-packages:/opt/ros/jazzy/lib/python3.12/site-packages _=/usr/bin/env /usr/bin/python3 -W ignore:setup.py install is deprecated -W ignore:easy_install command is deprecated setup.py egg_info --egg-base ../../build/fizzbuzz build --build-base /home/rick-sanchez/Desktop/MASLAB-clown-penis/ros2_ws/build/fizzbuzz/build install --record /home/rick-sanchez/Desktop/MASLAB-clown-penis/ros2_ws/build/fizzbuzz/install.log --single-version-externally-managed install_data
[1.286s] running egg_info
[1.286s] creating ../../build/fizzbuzz/fizzbuzz.egg-info
[1.306s] writing ../../build/fizzbuzz/fizzbuzz.egg-info/PKG-INFO
[1.306s] writing dependency_links to ../../build/fizzbuzz/fizzbuzz.egg-info/dependency_links.txt
[1.306s] writing entry points to ../../build/fizzbuzz/fizzbuzz.egg-info/entry_points.txt
[1.306s] writing requirements to ../../build/fizzbuzz/fizzbuzz.egg-info/requires.txt
[1.306s] writing top-level names to ../../build/fizzbuzz/fizzbuzz.egg-info/top_level.txt
[1.307s] writing manifest file '../../build/fizzbuzz/fizzbuzz.egg-info/SOURCES.txt'
[1.350s] reading manifest file '../../build/fizzbuzz/fizzbuzz.egg-info/SOURCES.txt'
[1.351s] writing manifest file '../../build/fizzbuzz/fizzbuzz.egg-info/SOURCES.txt'
[1.352s] running build
[1.352s] running build_py
[1.352s] creating /home/rick-sanchez/Desktop/MASLAB-clown-penis/ros2_ws/build/fizzbuzz/build
[1.353s] creating /home/rick-sanchez/Desktop/MASLAB-clown-penis/ros2_ws/build/fizzbuzz/build/lib
[1.353s] creating /home/rick-sanchez/Desktop/MASLAB-clown-penis/ros2_ws/build/fizzbuzz/build/lib/fizzbuzz
[1.353s] copying fizzbuzz/number_publisher_node.py -> /home/rick-sanchez/Desktop/MASLAB-clown-penis/ros2_ws/build/fizzbuzz/build/lib/fizzbuzz
[1.353s] copying fizzbuzz/__init__.py -> /home/rick-sanchez/Desktop/MASLAB-clown-penis/ros2_ws/build/fizzbuzz/build/lib/fizzbuzz
[1.353s] copying fizzbuzz/fizzbuzz_subscriber_node.py -> /home/rick-sanchez/Desktop/MASLAB-clown-penis/ros2_ws/build/fizzbuzz/build/lib/fizzbuzz
[1.353s] running install
[1.362s] running install_lib
[1.383s] running install_data
[1.383s] running install_egg_info
[1.405s] removing '/home/rick-sanchez/Desktop/MASLAB-clown-penis/ros2_ws/install/fizzbuzz/lib/python3.12/site-packages/fizzbuzz-0.0.0-py3.12.egg-info' (and everything under it)
[1.405s] Copying ../../build/fizzbuzz/fizzbuzz.egg-info to /home/rick-sanchez/Desktop/MASLAB-clown-penis/ros2_ws/install/fizzbuzz/lib/python3.12/site-packages/fizzbuzz-0.0.0-py3.12.egg-info
[1.406s] running install_scripts
[1.548s] Installing fizzbuzz_subscriber script to /home/rick-sanchez/Desktop/MASLAB-clown-penis/ros2_ws/install/fizzbuzz/lib/fizzbuzz
[1.548s] Installing number_publisher script to /home/rick-sanchez/Desktop/MASLAB-clown-penis/ros2_ws/install/fizzbuzz/lib/fizzbuzz
[1.549s] writing list of installed files to '/home/rick-sanchez/Desktop/MASLAB-clown-penis/ros2_ws/build/fizzbuzz/install.log'
[1.592s] Invoked command in '/home/rick-sanchez/Desktop/MASLAB-clown-penis/ros2_ws/src/fizzbuzz' returned '0': DEBUGINFOD_URLS=https://debuginfod.ubuntu.com LD_LIBRARY_PATH=/home/rick-sanchez/Desktop/MASLAB-clown-penis/ros2_ws/install/fizzbuzz_interfaces/lib:/home/rick-sanchez/Desktop/MASLAB-clown-penis/ros/ros2_ws/install/fizzbuzz_interfaces/lib:/home/rick-sanchez/Desktop/MASLAB-clown-penis/ros/ROS2_FizzBuzz_tutorial/install/fizzbuzz_interfaces/lib:/opt/ros/jazzy/opt/rviz_ogre_vendor/lib:/opt/ros/jazzy/lib/x86_64-linux-gnu:/opt/ros/jazzy/opt/gz_math_vendor/lib:/opt/ros/jazzy/opt/gz_utils_vendor/lib:/opt/ros/jazzy/opt/gz_cmake_vendor/lib:/opt/ros/jazzy/lib:/home/rick-sanchez/Desktop/transformer/simaliar/libraries/libtorch/lib:/home/rick-sanchez/Desktop/transformer/simaliar/libraries/libtorch/lib:/home/rick-sanchez/Desktop/transformer/simaliar/libraries/libtorch/lib:/home/rick-sanchez/Desktop/transformer/simaliar/libraries/libtorch/lib PYTHONPATH=/home/rick-sanchez/Desktop/MASLAB-clown-penis/ros2_ws/build/fizzbuzz/prefix_override:/usr/lib/python3/dist-packages/colcon_core/task/python/colcon_distutils_commands:/home/rick-sanchez/Desktop/MASLAB-clown-penis/ros2_ws/install/fizzbuzz/lib/python3.12/site-packages:/home/rick-sanchez/Desktop/MASLAB-clown-penis/ros2_ws/install/fizzbuzz_interfaces/lib/python3.12/site-packages:/home/rick-sanchez/Desktop/MASLAB-clown-penis/ros2_ws/install/fizzbuzz/lib/python3.12/site-packages:/home/rick-sanchez/Desktop/MASLAB-clown-penis/ros/ros2_ws/install/fizzbuzz/lib/python3.12/site-packages:/home/rick-sanchez/Desktop/MASLAB-clown-penis/ros/ros2_ws/install/fizzbuzz_interfaces/lib/python3.12/site-packages:/home/rick-sanchez/Desktop/MASLAB-clown-penis/ros/ROS2_FizzBuzz_tutorial/install/fizzbuzz/lib/python3.12/site-packages:/home/rick-sanchez/Desktop/MASLAB-clown-penis/ros/ROS2_FizzBuzz_tutorial/install/fizzbuzz_interfaces/lib/python3.12/site-packages:/opt/ros/jazzy/lib/python3.12/site-packages _=/usr/bin/env /usr/bin/python3 -W ignore:setup.py install is deprecated -W ignore:easy_install command is deprecated setup.py egg_info --egg-base ../../build/fizzbuzz build --build-base /home/rick-sanchez/Desktop/MASLAB-clown-penis/ros2_ws/build/fizzbuzz/build install --record /home/rick-sanchez/Desktop/MASLAB-clown-penis/ros2_ws/build/fizzbuzz/install.log --single-version-externally-managed install_data
