[0.015s] Invoking command in '/home/rick-sanchez/Desktop/MASLAB-clown-penis/ros2_ws/build/fizzbuzz_interfaces': CMAKE_PREFIX_PATH=${CMAKE_PREFIX_PATH}:/home/rick-sanchez/Desktop/MASLAB-clown-penis/ros2_ws/install/fizzbuzz:/home/rick-sanchez/Desktop/MASLAB-clown-penis/ros/ros2_ws/install/fizzbuzz:/home/rick-sanchez/Desktop/MASLAB-clown-penis/ros/ROS2_FizzBuzz_tutorial/install/fizzbuzz:/opt/ros/jazzy DEBUGINFOD_URLS=https://debuginfod.ubuntu.com _=/usr/bin/env /usr/bin/cmake --build /home/rick-sanchez/Desktop/MASLAB-clown-penis/ros2_ws/build/fizzbuzz_interfaces -- -j8 -l8
[0.080s] [  2%] Built target fizzbuzz_interfaces__rosidl_generator_type_description
[0.091s] [  2%] Built target ament_cmake_python_copy_fizzbuzz_interfaces
[0.112s] [  5%] Built target fizzbuzz_interfaces__cpp
[0.116s] [ 20%] Built target fizzbuzz_interfaces__rosidl_generator_c
[0.161s] [ 55%] Built target fizzbuzz_interfaces__rosidl_typesupport_c
[0.161s] [ 61%] Built target fizzbuzz_interfaces__rosidl_typesupport_introspection_c
[0.161s] [ 61%] Built target fizzbuzz_interfaces__rosidl_typesupport_fastrtps_c
[0.162s] [ 61%] Built target fizzbuzz_interfaces__rosidl_typesupport_introspection_cpp
[0.162s] [ 67%] Built target fizzbuzz_interfaces__rosidl_typesupport_cpp
[0.162s] [ 73%] Built target fizzbuzz_interfaces__rosidl_typesupport_fastrtps_cpp
[0.189s] [ 73%] Built target fizzbuzz_interfaces
[0.221s] [ 76%] Built target fizzbuzz_interfaces__py
[0.254s] [ 82%] Built target fizzbuzz_interfaces__rosidl_generator_py
[0.286s] [ 94%] Built target fizzbuzz_interfaces_s__rosidl_typesupport_introspection_c
[0.286s] [ 94%] Built target fizzbuzz_interfaces_s__rosidl_typesupport_c
[0.291s] [100%] Built target fizzbuzz_interfaces_s__rosidl_typesupport_fastrtps_c
[0.375s] running egg_info
[0.395s] writing fizzbuzz_interfaces.egg-info/PKG-INFO
[0.395s] writing dependency_links to fizzbuzz_interfaces.egg-info/dependency_links.txt
[0.395s] writing top-level names to fizzbuzz_interfaces.egg-info/top_level.txt
[0.457s] reading manifest file 'fizzbuzz_interfaces.egg-info/SOURCES.txt'
[0.457s] writing manifest file 'fizzbuzz_interfaces.egg-info/SOURCES.txt'
[0.492s] [100%] Built target ament_cmake_python_build_fizzbuzz_interfaces_egg
[0.505s] Invoked command in '/home/rick-sanchez/Desktop/MASLAB-clown-penis/ros2_ws/build/fizzbuzz_interfaces' returned '0': CMAKE_PREFIX_PATH=${CMAKE_PREFIX_PATH}:/home/rick-sanchez/Desktop/MASLAB-clown-penis/ros2_ws/install/fizzbuzz:/home/rick-sanchez/Desktop/MASLAB-clown-penis/ros/ros2_ws/install/fizzbuzz:/home/rick-sanchez/Desktop/MASLAB-clown-penis/ros/ROS2_FizzBuzz_tutorial/install/fizzbuzz:/opt/ros/jazzy DEBUGINFOD_URLS=https://debuginfod.ubuntu.com _=/usr/bin/env /usr/bin/cmake --build /home/rick-sanchez/Desktop/MASLAB-clown-penis/ros2_ws/build/fizzbuzz_interfaces -- -j8 -l8
[0.522s] Invoking command in '/home/rick-sanchez/Desktop/MASLAB-clown-penis/ros2_ws/build/fizzbuzz_interfaces': CMAKE_PREFIX_PATH=${CMAKE_PREFIX_PATH}:/home/rick-sanchez/Desktop/MASLAB-clown-penis/ros2_ws/install/fizzbuzz:/home/rick-sanchez/Desktop/MASLAB-clown-penis/ros/ros2_ws/install/fizzbuzz:/home/rick-sanchez/Desktop/MASLAB-clown-penis/ros/ROS2_FizzBuzz_tutorial/install/fizzbuzz:/opt/ros/jazzy DEBUGINFOD_URLS=https://debuginfod.ubuntu.com _=/usr/bin/env /usr/bin/cmake --install /home/rick-sanchez/Desktop/MASLAB-clown-penis/ros2_ws/build/fizzbuzz_interfaces
[0.534s] -- Install configuration: ""
[0.534s] -- Up-to-date: /home/rick-sanchez/Desktop/MASLAB-clown-penis/ros2_ws/install/fizzbuzz_interfaces/share/ament_index/resource_index/rosidl_interfaces/fizzbuzz_interfaces
[0.534s] -- Up-to-date: /home/rick-sanchez/Desktop/MASLAB-clown-penis/ros2_ws/install/fizzbuzz_interfaces/share/fizzbuzz_interfaces/msg/FizzBuzz.json
[0.534s] -- Up-to-date: /home/rick-sanchez/Desktop/MASLAB-clown-penis/ros2_ws/install/fizzbuzz_interfaces/include/fizzbuzz_interfaces/fizzbuzz_interfaces
[0.535s] -- Up-to-date: /home/rick-sanchez/Desktop/MASLAB-clown-penis/ros2_ws/install/fizzbuzz_interfaces/include/fizzbuzz_interfaces/fizzbuzz_interfaces/msg
[0.535s] -- Up-to-date: /home/rick-sanchez/Desktop/MASLAB-clown-penis/ros2_ws/install/fizzbuzz_interfaces/include/fizzbuzz_interfaces/fizzbuzz_interfaces/msg/detail
[0.535s] -- Up-to-date: /home/rick-sanchez/Desktop/MASLAB-clown-penis/ros2_ws/install/fizzbuzz_interfaces/include/fizzbuzz_interfaces/fizzbuzz_interfaces/msg/detail/fizz_buzz__functions.h
[0.535s] -- Up-to-date: /home/rick-sanchez/Desktop/MASLAB-clown-penis/ros2_ws/install/fizzbuzz_interfaces/include/fizzbuzz_interfaces/fizzbuzz_interfaces/msg/detail/fizz_buzz__struct.h
[0.535s] -- Up-to-date: /home/rick-sanchez/Desktop/MASLAB-clown-penis/ros2_ws/install/fizzbuzz_interfaces/include/fizzbuzz_interfaces/fizzbuzz_interfaces/msg/detail/fizz_buzz__functions.c
[0.535s] -- Up-to-date: /home/rick-sanchez/Desktop/MASLAB-clown-penis/ros2_ws/install/fizzbuzz_interfaces/include/fizzbuzz_interfaces/fizzbuzz_interfaces/msg/detail/fizz_buzz__description.c
[0.536s] -- Up-to-date: /home/rick-sanchez/Desktop/MASLAB-clown-penis/ros2_ws/install/fizzbuzz_interfaces/include/fizzbuzz_interfaces/fizzbuzz_interfaces/msg/detail/fizz_buzz__type_support.h
[0.536s] -- Up-to-date: /home/rick-sanchez/Desktop/MASLAB-clown-penis/ros2_ws/install/fizzbuzz_interfaces/include/fizzbuzz_interfaces/fizzbuzz_interfaces/msg/detail/fizz_buzz__type_support.c
[0.536s] -- Up-to-date: /home/rick-sanchez/Desktop/MASLAB-clown-penis/ros2_ws/install/fizzbuzz_interfaces/include/fizzbuzz_interfaces/fizzbuzz_interfaces/msg/fizz_buzz.h
[0.536s] -- Up-to-date: /home/rick-sanchez/Desktop/MASLAB-clown-penis/ros2_ws/install/fizzbuzz_interfaces/include/fizzbuzz_interfaces/fizzbuzz_interfaces/msg/rosidl_generator_c__visibility_control.h
[0.536s] -- Up-to-date: /home/rick-sanchez/Desktop/MASLAB-clown-penis/ros2_ws/install/fizzbuzz_interfaces/share/fizzbuzz_interfaces/environment/library_path.sh
[0.536s] -- Up-to-date: /home/rick-sanchez/Desktop/MASLAB-clown-penis/ros2_ws/install/fizzbuzz_interfaces/share/fizzbuzz_interfaces/environment/library_path.dsv
[0.537s] -- Up-to-date: /home/rick-sanchez/Desktop/MASLAB-clown-penis/ros2_ws/install/fizzbuzz_interfaces/lib/libfizzbuzz_interfaces__rosidl_generator_c.so
[0.537s] -- Up-to-date: /home/rick-sanchez/Desktop/MASLAB-clown-penis/ros2_ws/install/fizzbuzz_interfaces/include/fizzbuzz_interfaces/fizzbuzz_interfaces
[0.537s] -- Up-to-date: /home/rick-sanchez/Desktop/MASLAB-clown-penis/ros2_ws/install/fizzbuzz_interfaces/include/fizzbuzz_interfaces/fizzbuzz_interfaces/msg
[0.537s] -- Up-to-date: /home/rick-sanchez/Desktop/MASLAB-clown-penis/ros2_ws/install/fizzbuzz_interfaces/include/fizzbuzz_interfaces/fizzbuzz_interfaces/msg/detail
[0.537s] -- Up-to-date: /home/rick-sanchez/Desktop/MASLAB-clown-penis/ros2_ws/install/fizzbuzz_interfaces/include/fizzbuzz_interfaces/fizzbuzz_interfaces/msg/detail/fizz_buzz__rosidl_typesupport_fastrtps_c.h
[0.537s] -- Up-to-date: /home/rick-sanchez/Desktop/MASLAB-clown-penis/ros2_ws/install/fizzbuzz_interfaces/include/fizzbuzz_interfaces/fizzbuzz_interfaces/msg/rosidl_typesupport_fastrtps_c__visibility_control.h
[0.538s] -- Up-to-date: /home/rick-sanchez/Desktop/MASLAB-clown-penis/ros2_ws/install/fizzbuzz_interfaces/lib/libfizzbuzz_interfaces__rosidl_typesupport_fastrtps_c.so
[0.538s] -- Up-to-date: /home/rick-sanchez/Desktop/MASLAB-clown-penis/ros2_ws/install/fizzbuzz_interfaces/include/fizzbuzz_interfaces/fizzbuzz_interfaces
[0.538s] -- Up-to-date: /home/rick-sanchez/Desktop/MASLAB-clown-penis/ros2_ws/install/fizzbuzz_interfaces/include/fizzbuzz_interfaces/fizzbuzz_interfaces/msg
[0.538s] -- Up-to-date: /home/rick-sanchez/Desktop/MASLAB-clown-penis/ros2_ws/install/fizzbuzz_interfaces/include/fizzbuzz_interfaces/fizzbuzz_interfaces/msg/detail
[0.538s] -- Up-to-date: /home/rick-sanchez/Desktop/MASLAB-clown-penis/ros2_ws/install/fizzbuzz_interfaces/include/fizzbuzz_interfaces/fizzbuzz_interfaces/msg/detail/fizz_buzz__rosidl_typesupport_introspection_c.h
[0.538s] -- Up-to-date: /home/rick-sanchez/Desktop/MASLAB-clown-penis/ros2_ws/install/fizzbuzz_interfaces/include/fizzbuzz_interfaces/fizzbuzz_interfaces/msg/detail/fizz_buzz__type_support.c
[0.538s] -- Up-to-date: /home/rick-sanchez/Desktop/MASLAB-clown-penis/ros2_ws/install/fizzbuzz_interfaces/include/fizzbuzz_interfaces/fizzbuzz_interfaces/msg/rosidl_typesupport_introspection_c__visibility_control.h
[0.539s] -- Up-to-date: /home/rick-sanchez/Desktop/MASLAB-clown-penis/ros2_ws/install/fizzbuzz_interfaces/lib/libfizzbuzz_interfaces__rosidl_typesupport_introspection_c.so
[0.539s] -- Up-to-date: /home/rick-sanchez/Desktop/MASLAB-clown-penis/ros2_ws/install/fizzbuzz_interfaces/lib/libfizzbuzz_interfaces__rosidl_typesupport_c.so
[0.539s] -- Up-to-date: /home/rick-sanchez/Desktop/MASLAB-clown-penis/ros2_ws/install/fizzbuzz_interfaces/include/fizzbuzz_interfaces/fizzbuzz_interfaces
[0.539s] -- Up-to-date: /home/rick-sanchez/Desktop/MASLAB-clown-penis/ros2_ws/install/fizzbuzz_interfaces/include/fizzbuzz_interfaces/fizzbuzz_interfaces/msg
[0.539s] -- Up-to-date: /home/rick-sanchez/Desktop/MASLAB-clown-penis/ros2_ws/install/fizzbuzz_interfaces/include/fizzbuzz_interfaces/fizzbuzz_interfaces/msg/rosidl_generator_cpp__visibility_control.hpp
[0.539s] -- Up-to-date: /home/rick-sanchez/Desktop/MASLAB-clown-penis/ros2_ws/install/fizzbuzz_interfaces/include/fizzbuzz_interfaces/fizzbuzz_interfaces/msg/detail
[0.539s] -- Up-to-date: /home/rick-sanchez/Desktop/MASLAB-clown-penis/ros2_ws/install/fizzbuzz_interfaces/include/fizzbuzz_interfaces/fizzbuzz_interfaces/msg/detail/fizz_buzz__builder.hpp
[0.539s] -- Up-to-date: /home/rick-sanchez/Desktop/MASLAB-clown-penis/ros2_ws/install/fizzbuzz_interfaces/include/fizzbuzz_interfaces/fizzbuzz_interfaces/msg/detail/fizz_buzz__type_support.hpp
[0.540s] -- Up-to-date: /home/rick-sanchez/Desktop/MASLAB-clown-penis/ros2_ws/install/fizzbuzz_interfaces/include/fizzbuzz_interfaces/fizzbuzz_interfaces/msg/detail/fizz_buzz__struct.hpp
[0.540s] -- Up-to-date: /home/rick-sanchez/Desktop/MASLAB-clown-penis/ros2_ws/install/fizzbuzz_interfaces/include/fizzbuzz_interfaces/fizzbuzz_interfaces/msg/detail/fizz_buzz__traits.hpp
[0.540s] -- Up-to-date: /home/rick-sanchez/Desktop/MASLAB-clown-penis/ros2_ws/install/fizzbuzz_interfaces/include/fizzbuzz_interfaces/fizzbuzz_interfaces/msg/fizz_buzz.hpp
[0.540s] -- Up-to-date: /home/rick-sanchez/Desktop/MASLAB-clown-penis/ros2_ws/install/fizzbuzz_interfaces/include/fizzbuzz_interfaces/fizzbuzz_interfaces
[0.540s] -- Up-to-date: /home/rick-sanchez/Desktop/MASLAB-clown-penis/ros2_ws/install/fizzbuzz_interfaces/include/fizzbuzz_interfaces/fizzbuzz_interfaces/msg
[0.540s] -- Up-to-date: /home/rick-sanchez/Desktop/MASLAB-clown-penis/ros2_ws/install/fizzbuzz_interfaces/include/fizzbuzz_interfaces/fizzbuzz_interfaces/msg/detail
[0.540s] -- Up-to-date: /home/rick-sanchez/Desktop/MASLAB-clown-penis/ros2_ws/install/fizzbuzz_interfaces/include/fizzbuzz_interfaces/fizzbuzz_interfaces/msg/detail/fizz_buzz__rosidl_typesupport_fastrtps_cpp.hpp
[0.540s] -- Up-to-date: /home/rick-sanchez/Desktop/MASLAB-clown-penis/ros2_ws/install/fizzbuzz_interfaces/include/fizzbuzz_interfaces/fizzbuzz_interfaces/msg/detail/dds_fastrtps
[0.541s] -- Up-to-date: /home/rick-sanchez/Desktop/MASLAB-clown-penis/ros2_ws/install/fizzbuzz_interfaces/include/fizzbuzz_interfaces/fizzbuzz_interfaces/msg/rosidl_typesupport_fastrtps_cpp__visibility_control.h
[0.541s] -- Up-to-date: /home/rick-sanchez/Desktop/MASLAB-clown-penis/ros2_ws/install/fizzbuzz_interfaces/lib/libfizzbuzz_interfaces__rosidl_typesupport_fastrtps_cpp.so
[0.541s] -- Up-to-date: /home/rick-sanchez/Desktop/MASLAB-clown-penis/ros2_ws/install/fizzbuzz_interfaces/include/fizzbuzz_interfaces/fizzbuzz_interfaces
[0.541s] -- Up-to-date: /home/rick-sanchez/Desktop/MASLAB-clown-penis/ros2_ws/install/fizzbuzz_interfaces/include/fizzbuzz_interfaces/fizzbuzz_interfaces/msg
[0.541s] -- Up-to-date: /home/rick-sanchez/Desktop/MASLAB-clown-penis/ros2_ws/install/fizzbuzz_interfaces/include/fizzbuzz_interfaces/fizzbuzz_interfaces/msg/detail
[0.541s] -- Up-to-date: /home/rick-sanchez/Desktop/MASLAB-clown-penis/ros2_ws/install/fizzbuzz_interfaces/include/fizzbuzz_interfaces/fizzbuzz_interfaces/msg/detail/fizz_buzz__rosidl_typesupport_introspection_cpp.hpp
[0.541s] -- Up-to-date: /home/rick-sanchez/Desktop/MASLAB-clown-penis/ros2_ws/install/fizzbuzz_interfaces/include/fizzbuzz_interfaces/fizzbuzz_interfaces/msg/detail/fizz_buzz__type_support.cpp
[0.541s] -- Up-to-date: /home/rick-sanchez/Desktop/MASLAB-clown-penis/ros2_ws/install/fizzbuzz_interfaces/lib/libfizzbuzz_interfaces__rosidl_typesupport_introspection_cpp.so
[0.542s] -- Up-to-date: /home/rick-sanchez/Desktop/MASLAB-clown-penis/ros2_ws/install/fizzbuzz_interfaces/lib/libfizzbuzz_interfaces__rosidl_typesupport_cpp.so
[0.542s] -- Up-to-date: /home/rick-sanchez/Desktop/MASLAB-clown-penis/ros2_ws/install/fizzbuzz_interfaces/share/fizzbuzz_interfaces/environment/pythonpath.sh
[0.542s] -- Up-to-date: /home/rick-sanchez/Desktop/MASLAB-clown-penis/ros2_ws/install/fizzbuzz_interfaces/share/fizzbuzz_interfaces/environment/pythonpath.dsv
[0.542s] -- Up-to-date: /home/rick-sanchez/Desktop/MASLAB-clown-penis/ros2_ws/install/fizzbuzz_interfaces/lib/python3.12/site-packages/fizzbuzz_interfaces-0.0.0-py3.12.egg-info
[0.542s] -- Installing: /home/rick-sanchez/Desktop/MASLAB-clown-penis/ros2_ws/install/fizzbuzz_interfaces/lib/python3.12/site-packages/fizzbuzz_interfaces-0.0.0-py3.12.egg-info/dependency_links.txt
[0.542s] -- Installing: /home/rick-sanchez/Desktop/MASLAB-clown-penis/ros2_ws/install/fizzbuzz_interfaces/lib/python3.12/site-packages/fizzbuzz_interfaces-0.0.0-py3.12.egg-info/top_level.txt
[0.542s] -- Installing: /home/rick-sanchez/Desktop/MASLAB-clown-penis/ros2_ws/install/fizzbuzz_interfaces/lib/python3.12/site-packages/fizzbuzz_interfaces-0.0.0-py3.12.egg-info/SOURCES.txt
[0.542s] -- Installing: /home/rick-sanchez/Desktop/MASLAB-clown-penis/ros2_ws/install/fizzbuzz_interfaces/lib/python3.12/site-packages/fizzbuzz_interfaces-0.0.0-py3.12.egg-info/PKG-INFO
[0.543s] -- Up-to-date: /home/rick-sanchez/Desktop/MASLAB-clown-penis/ros2_ws/install/fizzbuzz_interfaces/lib/python3.12/site-packages/fizzbuzz_interfaces
[0.543s] -- Up-to-date: /home/rick-sanchez/Desktop/MASLAB-clown-penis/ros2_ws/install/fizzbuzz_interfaces/lib/python3.12/site-packages/fizzbuzz_interfaces/_fizzbuzz_interfaces_s.ep.rosidl_typesupport_c.c
[0.543s] -- Up-to-date: /home/rick-sanchez/Desktop/MASLAB-clown-penis/ros2_ws/install/fizzbuzz_interfaces/lib/python3.12/site-packages/fizzbuzz_interfaces/fizzbuzz_interfaces_s__rosidl_typesupport_fastrtps_c.so
[0.543s] -- Up-to-date: /home/rick-sanchez/Desktop/MASLAB-clown-penis/ros2_ws/install/fizzbuzz_interfaces/lib/python3.12/site-packages/fizzbuzz_interfaces/__init__.py
[0.543s] -- Up-to-date: /home/rick-sanchez/Desktop/MASLAB-clown-penis/ros2_ws/install/fizzbuzz_interfaces/lib/python3.12/site-packages/fizzbuzz_interfaces/msg
[0.543s] -- Up-to-date: /home/rick-sanchez/Desktop/MASLAB-clown-penis/ros2_ws/install/fizzbuzz_interfaces/lib/python3.12/site-packages/fizzbuzz_interfaces/msg/__init__.py
[0.543s] -- Up-to-date: /home/rick-sanchez/Desktop/MASLAB-clown-penis/ros2_ws/install/fizzbuzz_interfaces/lib/python3.12/site-packages/fizzbuzz_interfaces/msg/_fizz_buzz_s.c
[0.543s] -- Up-to-date: /home/rick-sanchez/Desktop/MASLAB-clown-penis/ros2_ws/install/fizzbuzz_interfaces/lib/python3.12/site-packages/fizzbuzz_interfaces/msg/_fizz_buzz.py
[0.544s] -- Up-to-date: /home/rick-sanchez/Desktop/MASLAB-clown-penis/ros2_ws/install/fizzbuzz_interfaces/lib/python3.12/site-packages/fizzbuzz_interfaces/_fizzbuzz_interfaces_s.ep.rosidl_typesupport_introspection_c.c
[0.544s] -- Up-to-date: /home/rick-sanchez/Desktop/MASLAB-clown-penis/ros2_ws/install/fizzbuzz_interfaces/lib/python3.12/site-packages/fizzbuzz_interfaces/fizzbuzz_interfaces_s__rosidl_typesupport_introspection_c.so
[0.544s] -- Up-to-date: /home/rick-sanchez/Desktop/MASLAB-clown-penis/ros2_ws/install/fizzbuzz_interfaces/lib/python3.12/site-packages/fizzbuzz_interfaces/_fizzbuzz_interfaces_s.ep.rosidl_typesupport_fastrtps_c.c
[0.544s] -- Up-to-date: /home/rick-sanchez/Desktop/MASLAB-clown-penis/ros2_ws/install/fizzbuzz_interfaces/lib/python3.12/site-packages/fizzbuzz_interfaces/fizzbuzz_interfaces_s__rosidl_typesupport_c.so
[0.583s] Listing '/home/rick-sanchez/Desktop/MASLAB-clown-penis/ros2_ws/install/fizzbuzz_interfaces/lib/python3.12/site-packages/fizzbuzz_interfaces'...
[0.583s] Listing '/home/rick-sanchez/Desktop/MASLAB-clown-penis/ros2_ws/install/fizzbuzz_interfaces/lib/python3.12/site-packages/fizzbuzz_interfaces/msg'...
[0.590s] -- Up-to-date: /home/rick-sanchez/Desktop/MASLAB-clown-penis/ros2_ws/install/fizzbuzz_interfaces/lib/python3.12/site-packages/fizzbuzz_interfaces/fizzbuzz_interfaces_s__rosidl_typesupport_fastrtps_c.so
[0.590s] -- Up-to-date: /home/rick-sanchez/Desktop/MASLAB-clown-penis/ros2_ws/install/fizzbuzz_interfaces/lib/python3.12/site-packages/fizzbuzz_interfaces/fizzbuzz_interfaces_s__rosidl_typesupport_introspection_c.so
[0.591s] -- Up-to-date: /home/rick-sanchez/Desktop/MASLAB-clown-penis/ros2_ws/install/fizzbuzz_interfaces/lib/python3.12/site-packages/fizzbuzz_interfaces/fizzbuzz_interfaces_s__rosidl_typesupport_c.so
[0.591s] -- Up-to-date: /home/rick-sanchez/Desktop/MASLAB-clown-penis/ros2_ws/install/fizzbuzz_interfaces/lib/libfizzbuzz_interfaces__rosidl_generator_py.so
[0.591s] -- Up-to-date: /home/rick-sanchez/Desktop/MASLAB-clown-penis/ros2_ws/install/fizzbuzz_interfaces/share/fizzbuzz_interfaces/msg/FizzBuzz.idl
[0.591s] -- Up-to-date: /home/rick-sanchez/Desktop/MASLAB-clown-penis/ros2_ws/install/fizzbuzz_interfaces/share/fizzbuzz_interfaces/msg/FizzBuzz.msg
[0.592s] -- Up-to-date: /home/rick-sanchez/Desktop/MASLAB-clown-penis/ros2_ws/install/fizzbuzz_interfaces/share/ament_index/resource_index/package_run_dependencies/fizzbuzz_interfaces
[0.592s] -- Up-to-date: /home/rick-sanchez/Desktop/MASLAB-clown-penis/ros2_ws/install/fizzbuzz_interfaces/share/ament_index/resource_index/parent_prefix_path/fizzbuzz_interfaces
[0.592s] -- Up-to-date: /home/rick-sanchez/Desktop/MASLAB-clown-penis/ros2_ws/install/fizzbuzz_interfaces/share/fizzbuzz_interfaces/environment/ament_prefix_path.sh
[0.592s] -- Up-to-date: /home/rick-sanchez/Desktop/MASLAB-clown-penis/ros2_ws/install/fizzbuzz_interfaces/share/fizzbuzz_interfaces/environment/ament_prefix_path.dsv
[0.592s] -- Up-to-date: /home/rick-sanchez/Desktop/MASLAB-clown-penis/ros2_ws/install/fizzbuzz_interfaces/share/fizzbuzz_interfaces/environment/path.sh
[0.592s] -- Up-to-date: /home/rick-sanchez/Desktop/MASLAB-clown-penis/ros2_ws/install/fizzbuzz_interfaces/share/fizzbuzz_interfaces/environment/path.dsv
[0.592s] -- Up-to-date: /home/rick-sanchez/Desktop/MASLAB-clown-penis/ros2_ws/install/fizzbuzz_interfaces/share/fizzbuzz_interfaces/local_setup.bash
[0.592s] -- Up-to-date: /home/rick-sanchez/Desktop/MASLAB-clown-penis/ros2_ws/install/fizzbuzz_interfaces/share/fizzbuzz_interfaces/local_setup.sh
[0.593s] -- Up-to-date: /home/rick-sanchez/Desktop/MASLAB-clown-penis/ros2_ws/install/fizzbuzz_interfaces/share/fizzbuzz_interfaces/local_setup.zsh
[0.593s] -- Up-to-date: /home/rick-sanchez/Desktop/MASLAB-clown-penis/ros2_ws/install/fizzbuzz_interfaces/share/fizzbuzz_interfaces/local_setup.dsv
[0.593s] -- Installing: /home/rick-sanchez/Desktop/MASLAB-clown-penis/ros2_ws/install/fizzbuzz_interfaces/share/fizzbuzz_interfaces/package.dsv
[0.593s] -- Up-to-date: /home/rick-sanchez/Desktop/MASLAB-clown-penis/ros2_ws/install/fizzbuzz_interfaces/share/ament_index/resource_index/packages/fizzbuzz_interfaces
[0.593s] -- Up-to-date: /home/rick-sanchez/Desktop/MASLAB-clown-penis/ros2_ws/install/fizzbuzz_interfaces/share/fizzbuzz_interfaces/cmake/export_fizzbuzz_interfaces__rosidl_generator_cExport.cmake
[0.593s] -- Up-to-date: /home/rick-sanchez/Desktop/MASLAB-clown-penis/ros2_ws/install/fizzbuzz_interfaces/share/fizzbuzz_interfaces/cmake/export_fizzbuzz_interfaces__rosidl_generator_cExport-noconfig.cmake
[0.593s] -- Up-to-date: /home/rick-sanchez/Desktop/MASLAB-clown-penis/ros2_ws/install/fizzbuzz_interfaces/share/fizzbuzz_interfaces/cmake/export_fizzbuzz_interfaces__rosidl_typesupport_fastrtps_cExport.cmake
[0.594s] -- Up-to-date: /home/rick-sanchez/Desktop/MASLAB-clown-penis/ros2_ws/install/fizzbuzz_interfaces/share/fizzbuzz_interfaces/cmake/export_fizzbuzz_interfaces__rosidl_typesupport_fastrtps_cExport-noconfig.cmake
[0.594s] -- Up-to-date: /home/rick-sanchez/Desktop/MASLAB-clown-penis/ros2_ws/install/fizzbuzz_interfaces/share/fizzbuzz_interfaces/cmake/fizzbuzz_interfaces__rosidl_typesupport_introspection_cExport.cmake
[0.594s] -- Up-to-date: /home/rick-sanchez/Desktop/MASLAB-clown-penis/ros2_ws/install/fizzbuzz_interfaces/share/fizzbuzz_interfaces/cmake/fizzbuzz_interfaces__rosidl_typesupport_introspection_cExport-noconfig.cmake
[0.594s] -- Up-to-date: /home/rick-sanchez/Desktop/MASLAB-clown-penis/ros2_ws/install/fizzbuzz_interfaces/share/fizzbuzz_interfaces/cmake/fizzbuzz_interfaces__rosidl_typesupport_cExport.cmake
[0.594s] -- Up-to-date: /home/rick-sanchez/Desktop/MASLAB-clown-penis/ros2_ws/install/fizzbuzz_interfaces/share/fizzbuzz_interfaces/cmake/fizzbuzz_interfaces__rosidl_typesupport_cExport-noconfig.cmake
[0.594s] -- Up-to-date: /home/rick-sanchez/Desktop/MASLAB-clown-penis/ros2_ws/install/fizzbuzz_interfaces/share/fizzbuzz_interfaces/cmake/export_fizzbuzz_interfaces__rosidl_generator_cppExport.cmake
[0.594s] -- Up-to-date: /home/rick-sanchez/Desktop/MASLAB-clown-penis/ros2_ws/install/fizzbuzz_interfaces/share/fizzbuzz_interfaces/cmake/export_fizzbuzz_interfaces__rosidl_typesupport_fastrtps_cppExport.cmake
[0.595s] -- Up-to-date: /home/rick-sanchez/Desktop/MASLAB-clown-penis/ros2_ws/install/fizzbuzz_interfaces/share/fizzbuzz_interfaces/cmake/export_fizzbuzz_interfaces__rosidl_typesupport_fastrtps_cppExport-noconfig.cmake
[0.595s] -- Up-to-date: /home/rick-sanchez/Desktop/MASLAB-clown-penis/ros2_ws/install/fizzbuzz_interfaces/share/fizzbuzz_interfaces/cmake/fizzbuzz_interfaces__rosidl_typesupport_introspection_cppExport.cmake
[0.595s] -- Up-to-date: /home/rick-sanchez/Desktop/MASLAB-clown-penis/ros2_ws/install/fizzbuzz_interfaces/share/fizzbuzz_interfaces/cmake/fizzbuzz_interfaces__rosidl_typesupport_introspection_cppExport-noconfig.cmake
[0.595s] -- Up-to-date: /home/rick-sanchez/Desktop/MASLAB-clown-penis/ros2_ws/install/fizzbuzz_interfaces/share/fizzbuzz_interfaces/cmake/fizzbuzz_interfaces__rosidl_typesupport_cppExport.cmake
[0.595s] -- Up-to-date: /home/rick-sanchez/Desktop/MASLAB-clown-penis/ros2_ws/install/fizzbuzz_interfaces/share/fizzbuzz_interfaces/cmake/fizzbuzz_interfaces__rosidl_typesupport_cppExport-noconfig.cmake
[0.595s] -- Up-to-date: /home/rick-sanchez/Desktop/MASLAB-clown-penis/ros2_ws/install/fizzbuzz_interfaces/share/fizzbuzz_interfaces/cmake/export_fizzbuzz_interfaces__rosidl_generator_pyExport.cmake
[0.595s] -- Up-to-date: /home/rick-sanchez/Desktop/MASLAB-clown-penis/ros2_ws/install/fizzbuzz_interfaces/share/fizzbuzz_interfaces/cmake/export_fizzbuzz_interfaces__rosidl_generator_pyExport-noconfig.cmake
[0.595s] -- Up-to-date: /home/rick-sanchez/Desktop/MASLAB-clown-penis/ros2_ws/install/fizzbuzz_interfaces/share/fizzbuzz_interfaces/cmake/rosidl_cmake-extras.cmake
[0.596s] -- Up-to-date: /home/rick-sanchez/Desktop/MASLAB-clown-penis/ros2_ws/install/fizzbuzz_interfaces/share/fizzbuzz_interfaces/cmake/ament_cmake_export_include_directories-extras.cmake
[0.596s] -- Up-to-date: /home/rick-sanchez/Desktop/MASLAB-clown-penis/ros2_ws/install/fizzbuzz_interfaces/share/fizzbuzz_interfaces/cmake/ament_cmake_export_libraries-extras.cmake
[0.596s] -- Up-to-date: /home/rick-sanchez/Desktop/MASLAB-clown-penis/ros2_ws/install/fizzbuzz_interfaces/share/fizzbuzz_interfaces/cmake/ament_cmake_export_targets-extras.cmake
[0.596s] -- Up-to-date: /home/rick-sanchez/Desktop/MASLAB-clown-penis/ros2_ws/install/fizzbuzz_interfaces/share/fizzbuzz_interfaces/cmake/rosidl_cmake_export_typesupport_targets-extras.cmake
[0.596s] -- Up-to-date: /home/rick-sanchez/Desktop/MASLAB-clown-penis/ros2_ws/install/fizzbuzz_interfaces/share/fizzbuzz_interfaces/cmake/ament_cmake_export_dependencies-extras.cmake
[0.596s] -- Up-to-date: /home/rick-sanchez/Desktop/MASLAB-clown-penis/ros2_ws/install/fizzbuzz_interfaces/share/fizzbuzz_interfaces/cmake/rosidl_cmake_export_typesupport_libraries-extras.cmake
[0.596s] -- Up-to-date: /home/rick-sanchez/Desktop/MASLAB-clown-penis/ros2_ws/install/fizzbuzz_interfaces/share/fizzbuzz_interfaces/cmake/fizzbuzz_interfacesConfig.cmake
[0.596s] -- Up-to-date: /home/rick-sanchez/Desktop/MASLAB-clown-penis/ros2_ws/install/fizzbuzz_interfaces/share/fizzbuzz_interfaces/cmake/fizzbuzz_interfacesConfig-version.cmake
[0.597s] -- Up-to-date: /home/rick-sanchez/Desktop/MASLAB-clown-penis/ros2_ws/install/fizzbuzz_interfaces/share/fizzbuzz_interfaces/package.xml
[0.598s] Invoked command in '/home/rick-sanchez/Desktop/MASLAB-clown-penis/ros2_ws/build/fizzbuzz_interfaces' returned '0': CMAKE_PREFIX_PATH=${CMAKE_PREFIX_PATH}:/home/rick-sanchez/Desktop/MASLAB-clown-penis/ros2_ws/install/fizzbuzz:/home/rick-sanchez/Desktop/MASLAB-clown-penis/ros/ros2_ws/install/fizzbuzz:/home/rick-sanchez/Desktop/MASLAB-clown-penis/ros/ROS2_FizzBuzz_tutorial/install/fizzbuzz:/opt/ros/jazzy DEBUGINFOD_URLS=https://debuginfod.ubuntu.com _=/usr/bin/env /usr/bin/cmake --install /home/rick-sanchez/Desktop/MASLAB-clown-penis/ros2_ws/build/fizzbuzz_interfaces
